<?xml version="1.0" encoding="UTF-8"?>
<testsuites name="Transactions" time="79" tests="7" failures="1" errors="0">
   <testsuite name="Transactions" tests="7" failures="1" errors="0" time="79" timestamp="2018-09-12 13:45:04" hostname="bpasupuleti - bpasupuleti-macbook.gravity.local" id="Test Suites/Transactions">
      <properties>
         <property name="deviceName" value=""/>
         <property name="devicePlatform" value=""/>
         <property name="logFolder" value="/Users/bpasupuleti/Katalon Studio/MavenTransactions/Reports/Transactions/20180912_134503"/>
         <property name="logFiles" value="/Users/bpasupuleti/Katalon Studio/MavenTransactions/Reports/Transactions/20180912_134503/execution0.log"/>
         <property name="attachments" value="/Users/bpasupuleti/Katalon Studio/MavenTransactions/Reports/Transactions/20180912_134503/1536785136679.png"/>
         <property name="hostName" value="bpasupuleti - bpasupuleti-macbook.gravity.local"/>
         <property name="os" value="Mac OS X 64bit"/>
         <property name="katalonVersion" value="5.7.0.1"/>
         <property name="browser" value="Chrome 68.0.3440.106"/>
         <property name="hostAddress" value="192.168.2.148"/>
         <property name="sessionId" value="c5a505a9ead36ca3723cc8e2e5135551"/>
         <property name="seleniumVersion" value="3.7.1"/>
         <property name="proxyInformation" value="ProxyInformation{proxyOption=NO_PROXY, proxyServerType=HTTP, password=, proxyServerAddress=, proxyServerPort=0}"/>
         <property name="platform" value="Mac OS X"/>
      </properties>
      <testcase name="Test Cases/Maven/Individual Test Cases/Transactions/ClickOnTransactionsandValidate" classname="Test Cases/Maven/Individual Test Cases/Transactions/ClickOnTransactionsandValidate" status="PASSED">
         <system-out><![CDATA[2018-09-12 13:45:04 - [TEST_CASE][PASSED] - Test Cases/Maven/Individual Test Cases/Transactions/ClickOnTransactionsandValidate: Test Cases/Maven/Individual Test Cases/Transactions/ClickOnTransactionsandValidate

2018-09-12 13:45:05 - [TEST_STEP][PASSED] - openBrowser: Browser is opened with url: ''

2018-09-12 13:45:06 - [MESSAGE][PASSED] - Browser is opened with url: ''

2018-09-12 13:45:06 - [TEST_STEP][PASSED] - maximizeWindow: Current window maximized

2018-09-12 13:45:06 - [MESSAGE][PASSED] - Current window maximized

2018-09-12 13:45:06 - [TEST_STEP][PASSED] - navigateToUrl: Navigate to 'https://maven-staging.gravity-aws.com/auth/login' successfully

2018-09-12 13:45:08 - [MESSAGE][PASSED] - Navigate to 'https://maven-staging.gravity-aws.com/auth/login' successfully

2018-09-12 13:45:08 - [TEST_STEP][PASSED] - setText: Text 'bpasupuleti@gravitypayments.com' is set on object 'Object Repository/Transactions/input_email_4920028f-8859-455b'

2018-09-12 13:45:08 - [MESSAGE][PASSED] - Text 'bpasupuleti@gravitypayments.com' is set on object 'Object Repository/Transactions/input_email_4920028f-8859-455b'

2018-09-12 13:45:08 - [TEST_STEP][PASSED] - setEncryptedText: Text ****** has been set on object 'Object Repository/Maven Login/input_password'

2018-09-12 13:45:08 - [MESSAGE][PASSED] - Text ****** has been set on object 'Object Repository/Maven Login/input_password'

2018-09-12 13:45:08 - [TEST_STEP][PASSED] - click: Object: 'Object Repository/Transactions/span_Login exit_to_app' is clicked on

2018-09-12 13:45:08 - [MESSAGE][PASSED] - Object: 'Object Repository/Transactions/span_Login exit_to_app' is clicked on

2018-09-12 13:45:08 - [TEST_STEP][PASSED] - selectOptionByValue: All options with value 'development' are selected in object 'Object Repository/Transactions/select_DevelopmentProduction'  using regular expression

2018-09-12 13:45:12 - [MESSAGE][PASSED] - All options with value 'development' are selected in object 'Object Repository/Transactions/select_DevelopmentProduction'  using regular expression

2018-09-12 13:45:12 - [TEST_STEP][PASSED] - waitForElementPresent: Object 'Object Repository/Transactions/select_DevelopmentProduction' is present

2018-09-12 13:45:12 - [MESSAGE][PASSED] - Object 'Object Repository/Transactions/select_DevelopmentProduction' is present

2018-09-12 13:45:12 - [TEST_STEP][PASSED] - click: Object: 'Object Repository/Transactions/span_Transactions' is clicked on

2018-09-12 13:45:12 - [MESSAGE][PASSED] - Object: 'Object Repository/Transactions/span_Transactions' is clicked on

2018-09-12 13:45:12 - [TEST_STEP][PASSED] - click: Object: 'Object Repository/Transactions/span_All Transactions' is clicked on

2018-09-12 13:45:12 - [MESSAGE][PASSED] - Object: 'Object Repository/Transactions/span_All Transactions' is clicked on

2018-09-12 13:45:12 - [TEST_STEP][PASSED] - verifyElementPresent: Object 'Object Repository/Transactions/span_All Transactions' is present

2018-09-12 13:45:12 - [MESSAGE][PASSED] - Object 'Object Repository/Transactions/span_All Transactions' is present

2018-09-12 13:45:12 - [TEST_STEP][PASSED] - closeBrowser: Browser is closed

2018-09-12 13:45:12 - [MESSAGE][PASSED] - Browser is closed]]></system-out>
         <system-err><![CDATA[]]></system-err>
      </testcase>
      <testcase name="Test Cases/Maven/Individual Test Cases/Transactions/VerifyApprovalCodeinTransactionSummary" classname="Test Cases/Maven/Individual Test Cases/Transactions/VerifyApprovalCodeinTransactionSummary" status="PASSED">
         <system-out><![CDATA[2018-09-12 13:45:12 - [TEST_CASE][PASSED] - Test Cases/Maven/Individual Test Cases/Transactions/VerifyApprovalCodeinTransactionSummary: Test Cases/Maven/Individual Test Cases/Transactions/VerifyApprovalCodeinTransactionSummary

2018-09-12 13:45:12 - [TEST_STEP][PASSED] - openBrowser: Browser is opened with url: ''

2018-09-12 13:45:13 - [MESSAGE][PASSED] - Browser is opened with url: ''

2018-09-12 13:45:13 - [TEST_STEP][PASSED] - maximizeWindow: Current window maximized

2018-09-12 13:45:13 - [MESSAGE][PASSED] - Current window maximized

2018-09-12 13:45:13 - [TEST_STEP][PASSED] - navigateToUrl: Navigate to 'https://maven-staging.gravity-aws.com/auth/login' successfully

2018-09-12 13:45:14 - [MESSAGE][PASSED] - Navigate to 'https://maven-staging.gravity-aws.com/auth/login' successfully

2018-09-12 13:45:14 - [TEST_STEP][PASSED] - setText: Text 'bpasupuleti@gravitypayments.com' is set on object 'Object Repository/Transactions/input_email_4920028f-8859-455b'

2018-09-12 13:45:15 - [MESSAGE][PASSED] - Text 'bpasupuleti@gravitypayments.com' is set on object 'Object Repository/Transactions/input_email_4920028f-8859-455b'

2018-09-12 13:45:15 - [TEST_STEP][PASSED] - setEncryptedText: Text ****** has been set on object 'Object Repository/Maven Login/input_password'

2018-09-12 13:45:15 - [MESSAGE][PASSED] - Text ****** has been set on object 'Object Repository/Maven Login/input_password'

2018-09-12 13:45:15 - [TEST_STEP][PASSED] - click: Object: 'Object Repository/Transactions/span_Login exit_to_app' is clicked on

2018-09-12 13:45:15 - [MESSAGE][PASSED] - Object: 'Object Repository/Transactions/span_Login exit_to_app' is clicked on

2018-09-12 13:45:15 - [TEST_STEP][PASSED] - selectOptionByValue: All options with value 'development' are selected in object 'Object Repository/Transactions/select_DevelopmentProduction'  using regular expression

2018-09-12 13:45:18 - [MESSAGE][PASSED] - All options with value 'development' are selected in object 'Object Repository/Transactions/select_DevelopmentProduction'  using regular expression

2018-09-12 13:45:18 - [TEST_STEP][PASSED] - waitForElementPresent: Object 'Object Repository/Transactions/select_DevelopmentProduction' is present

2018-09-12 13:45:18 - [MESSAGE][PASSED] - Object 'Object Repository/Transactions/select_DevelopmentProduction' is present

2018-09-12 13:45:18 - [TEST_STEP][PASSED] - click: Object: 'Object Repository/Transactions/span_Transactions' is clicked on

2018-09-12 13:45:19 - [MESSAGE][PASSED] - Object: 'Object Repository/Transactions/span_Transactions' is clicked on

2018-09-12 13:45:19 - [TEST_STEP][PASSED] - click: Object: 'Object Repository/Transactions/span_All Transactions' is clicked on

2018-09-12 13:45:19 - [MESSAGE][PASSED] - Object: 'Object Repository/Transactions/span_All Transactions' is clicked on

2018-09-12 13:45:19 - [TEST_STEP][PASSED] - verifyElementPresent: Object 'Object Repository/Transactions/span_All Transactions' is present

2018-09-12 13:45:19 - [MESSAGE][PASSED] - Object 'Object Repository/Transactions/span_All Transactions' is present

2018-09-12 13:45:19 - [TEST_STEP][PASSED] - click: Object: 'Object Repository/Transactions/div_Approvalalert' is clicked on

2018-09-12 13:45:20 - [MESSAGE][PASSED] - Object: 'Object Repository/Transactions/div_Approvalalert' is clicked on

2018-09-12 13:45:20 - [TEST_STEP][PASSED] - waitForElementPresent: Object 'Object Repository/Transactions/h4_Transaction summary' is present

2018-09-12 13:45:20 - [MESSAGE][PASSED] - Object 'Object Repository/Transactions/h4_Transaction summary' is present

2018-09-12 13:45:20 - [TEST_STEP][PASSED] - verifyElementPresent: Object 'Object Repository/Transactions/span_Location Info' is present

2018-09-12 13:45:20 - [MESSAGE][PASSED] - Object 'Object Repository/Transactions/span_Location Info' is present

2018-09-12 13:45:20 - [TEST_STEP][PASSED] - verifyElementPresent: Object 'Object Repository/Transactions/small_Total' is present

2018-09-12 13:45:20 - [MESSAGE][PASSED] - Object 'Object Repository/Transactions/small_Total' is present

2018-09-12 13:45:20 - [TEST_STEP][PASSED] - verifyElementPresent: Object 'Object Repository/Transactions/span_Result Detail' is present

2018-09-12 13:45:20 - [MESSAGE][PASSED] - Object 'Object Repository/Transactions/span_Result Detail' is present

2018-09-12 13:45:20 - [TEST_STEP][PASSED] - verifyElementPresent: Object 'Object Repository/Transactions/p_Type CreditSale' is present

2018-09-12 13:45:20 - [MESSAGE][PASSED] - Object 'Object Repository/Transactions/p_Type CreditSale' is present

2018-09-12 13:45:20 - [TEST_STEP][PASSED] - verifyElementPresent: Object 'Object Repository/Transactions/h4_Transaction summary' is present

2018-09-12 13:45:20 - [MESSAGE][PASSED] - Object 'Object Repository/Transactions/h4_Transaction summary' is present

2018-09-12 13:45:20 - [TEST_STEP][PASSED] - verifyElementPresent: Object 'Object Repository/Transactions/p_Sale  0.01' is present

2018-09-12 13:45:20 - [MESSAGE][PASSED] - Object 'Object Repository/Transactions/p_Sale  0.01' is present

2018-09-12 13:45:20 - [TEST_STEP][PASSED] - verifyElementPresent: Object 'Object Repository/Transactions/small_Approval' is present

2018-09-12 13:45:20 - [MESSAGE][PASSED] - Object 'Object Repository/Transactions/small_Approval' is present

2018-09-12 13:45:20 - [TEST_STEP][PASSED] - verifyElementPresent: Object 'Object Repository/Transactions/button_receiptReceipt Preview' is present

2018-09-12 13:45:20 - [MESSAGE][PASSED] - Object 'Object Repository/Transactions/button_receiptReceipt Preview' is present

2018-09-12 13:45:20 - [TEST_STEP][PASSED] - closeBrowser: Browser is closed

2018-09-12 13:45:20 - [MESSAGE][PASSED] - Browser is closed]]></system-out>
         <system-err><![CDATA[]]></system-err>
      </testcase>
      <testcase name="Test Cases/Maven/Individual Test Cases/Transactions/VerifyColumnFilter" classname="Test Cases/Maven/Individual Test Cases/Transactions/VerifyColumnFilter" status="PASSED">
         <system-out><![CDATA[2018-09-12 13:45:20 - [TEST_CASE][PASSED] - Test Cases/Maven/Individual Test Cases/Transactions/VerifyColumnFilter: Test Cases/Maven/Individual Test Cases/Transactions/VerifyColumnFilter

2018-09-12 13:45:20 - [TEST_STEP][PASSED] - openBrowser: Browser is opened with url: ''

2018-09-12 13:45:21 - [MESSAGE][PASSED] - Browser is opened with url: ''

2018-09-12 13:45:21 - [TEST_STEP][PASSED] - maximizeWindow: Current window maximized

2018-09-12 13:45:21 - [MESSAGE][PASSED] - Current window maximized

2018-09-12 13:45:21 - [TEST_STEP][PASSED] - navigateToUrl: Navigate to 'https://maven-staging.gravity-aws.com/auth/login' successfully

2018-09-12 13:45:22 - [MESSAGE][PASSED] - Navigate to 'https://maven-staging.gravity-aws.com/auth/login' successfully

2018-09-12 13:45:22 - [TEST_STEP][PASSED] - setText: Text 'bpasupuleti@gravitypayments.com' is set on object 'Object Repository/Transactions/input_email_4920028f-8859-455b'

2018-09-12 13:45:22 - [MESSAGE][PASSED] - Text 'bpasupuleti@gravitypayments.com' is set on object 'Object Repository/Transactions/input_email_4920028f-8859-455b'

2018-09-12 13:45:22 - [TEST_STEP][PASSED] - setEncryptedText: Text ****** has been set on object 'Object Repository/Maven Login/input_password'

2018-09-12 13:45:22 - [MESSAGE][PASSED] - Text ****** has been set on object 'Object Repository/Maven Login/input_password'

2018-09-12 13:45:22 - [TEST_STEP][PASSED] - click: Object: 'Object Repository/Transactions/span_Login exit_to_app' is clicked on

2018-09-12 13:45:23 - [MESSAGE][PASSED] - Object: 'Object Repository/Transactions/span_Login exit_to_app' is clicked on

2018-09-12 13:45:23 - [TEST_STEP][PASSED] - waitForElementPresent: Object 'Object Repository/Transactions/select_DevelopmentProduction' is present

2018-09-12 13:45:26 - [MESSAGE][PASSED] - Object 'Object Repository/Transactions/select_DevelopmentProduction' is present

2018-09-12 13:45:26 - [TEST_STEP][PASSED] - selectOptionByValue: All options with value 'development' are selected in object 'Object Repository/Transactions/select_DevelopmentProduction'  using regular expression

2018-09-12 13:45:26 - [MESSAGE][PASSED] - All options with value 'development' are selected in object 'Object Repository/Transactions/select_DevelopmentProduction'  using regular expression

2018-09-12 13:45:26 - [TEST_STEP][PASSED] - waitForElementPresent: Object 'Object Repository/Transactions/select_DevelopmentProduction' is present

2018-09-12 13:45:26 - [MESSAGE][PASSED] - Object 'Object Repository/Transactions/select_DevelopmentProduction' is present

2018-09-12 13:45:26 - [TEST_STEP][PASSED] - click: Object: 'Object Repository/Transactions/span_Transactions' is clicked on

2018-09-12 13:45:27 - [MESSAGE][PASSED] - Object: 'Object Repository/Transactions/span_Transactions' is clicked on

2018-09-12 13:45:27 - [TEST_STEP][PASSED] - click: Object: 'Object Repository/Transactions/span_All Transactions' is clicked on

2018-09-12 13:45:27 - [MESSAGE][PASSED] - Object: 'Object Repository/Transactions/span_All Transactions' is clicked on

2018-09-12 13:45:27 - [TEST_STEP][PASSED] - verifyElementPresent: Object 'Object Repository/Transactions/span_All Transactions' is present

2018-09-12 13:45:27 - [MESSAGE][PASSED] - Object 'Object Repository/Transactions/span_All Transactions' is present

2018-09-12 13:45:27 - [TEST_STEP][PASSED] - click: Object: 'Object Repository/Transactions/span_Column' is clicked on

2018-09-12 13:45:27 - [MESSAGE][PASSED] - Object: 'Object Repository/Transactions/span_Column' is clicked on

2018-09-12 13:45:27 - [TEST_STEP][PASSED] - click: Object: 'Object Repository/Transactions/button_Reset to Default' is clicked on

2018-09-12 13:45:27 - [MESSAGE][PASSED] - Object: 'Object Repository/Transactions/button_Reset to Default' is clicked on

2018-09-12 13:45:27 - [TEST_STEP][PASSED] - click: Object: 'Object Repository/Transactions/li_Type' is clicked on

2018-09-12 13:45:27 - [MESSAGE][PASSED] - Object: 'Object Repository/Transactions/li_Type' is clicked on

2018-09-12 13:45:27 - [TEST_STEP][PASSED] - click: Object: 'Object Repository/Transactions/i_keyboard_arrow_right' is clicked on

2018-09-12 13:45:27 - [MESSAGE][PASSED] - Object: 'Object Repository/Transactions/i_keyboard_arrow_right' is clicked on

2018-09-12 13:45:27 - [TEST_STEP][PASSED] - waitForElementPresent: Object 'Object Repository/Transactions/li_Name' is present

2018-09-12 13:45:27 - [MESSAGE][PASSED] - Object 'Object Repository/Transactions/li_Name' is present

2018-09-12 13:45:27 - [TEST_STEP][PASSED] - click: Object: 'Object Repository/Transactions/li_Name' is clicked on

2018-09-12 13:45:27 - [MESSAGE][PASSED] - Object: 'Object Repository/Transactions/li_Name' is clicked on

2018-09-12 13:45:27 - [TEST_STEP][PASSED] - verifyElementPresent: Object 'Object Repository/Transactions/i_keyboard_arrow_right' is present

2018-09-12 13:45:27 - [MESSAGE][PASSED] - Object 'Object Repository/Transactions/i_keyboard_arrow_right' is present

2018-09-12 13:45:27 - [TEST_STEP][PASSED] - click: Object: 'Object Repository/Transactions/i_keyboard_arrow_right' is clicked on

2018-09-12 13:45:27 - [MESSAGE][PASSED] - Object: 'Object Repository/Transactions/i_keyboard_arrow_right' is clicked on

2018-09-12 13:45:27 - [TEST_STEP][PASSED] - click: Object: 'Object Repository/Transactions/button_Apply (1)' is clicked on

2018-09-12 13:45:27 - [MESSAGE][PASSED] - Object: 'Object Repository/Transactions/button_Apply (1)' is clicked on

2018-09-12 13:45:27 - [TEST_STEP][PASSED] - verifyElementPresent: Object 'Object Repository/Transactions/div_Type' is present

2018-09-12 13:45:27 - [MESSAGE][PASSED] - Object 'Object Repository/Transactions/div_Type' is present

2018-09-12 13:45:27 - [TEST_STEP][PASSED] - verifyElementPresent: Object 'Object Repository/Transactions/div_Name' is present

2018-09-12 13:45:27 - [MESSAGE][PASSED] - Object 'Object Repository/Transactions/div_Name' is present

2018-09-12 13:45:27 - [TEST_STEP][PASSED] - closeBrowser: Browser is closed

2018-09-12 13:45:27 - [MESSAGE][PASSED] - Browser is closed]]></system-out>
         <system-err><![CDATA[]]></system-err>
      </testcase>
      <testcase name="Test Cases/Maven/Individual Test Cases/Transactions/VerifyColumnFilterReset" classname="Test Cases/Maven/Individual Test Cases/Transactions/VerifyColumnFilterReset" status="FAILED">
         <failure type="FAILED" message="(Stack trace: com.kms.katalon.core.exception.StepFailedException: Unable to click on object (Root cause: java.lang.IllegalArgumentException: Object is null)
	at com.kms.katalon.core.keyword.internal.KeywordMain.stepFailed(KeywordMain.groovy:36)
	at com.kms.katalon.core.webui.keyword.internal.WebUIKeywordMain.stepFailed(WebUIKeywordMain.groovy:65)
	at com.kms.katalon.core.webui.keyword.internal.WebUIKeywordMain.runKeyword(WebUIKeywordMain.groovy:27)
	at com.kms.katalon.core.webui.keyword.builtin.ClickKeyword.click(ClickKeyword.groovy:86)
	at com.kms.katalon.core.webui.keyword.builtin.ClickKeyword.execute(ClickKeyword.groovy:67)
	at com.kms.katalon.core.keyword.internal.KeywordExecutor.executeKeywordForPlatform(KeywordExecutor.groovy:53)
	at com.kms.katalon.core.webui.keyword.WebUiBuiltInKeywords.click(WebUiBuiltInKeywords.groovy:616)
	at com.kms.katalon.core.webui.keyword.WebUiBuiltInKeywords$click$4.call(Unknown Source)
	at org.codehaus.groovy.runtime.callsite.CallSiteArray.defaultCall(CallSiteArray.java:48)
	at org.codehaus.groovy.runtime.callsite.AbstractCallSite.call(AbstractCallSite.java:113)
	at org.codehaus.groovy.runtime.callsite.AbstractCallSite.call(AbstractCallSite.java:125)
	at Script1536353781214.run(Script1536353781214.groovy:43)
	at com.kms.katalon.core.main.ScriptEngine.run(ScriptEngine.java:183)
	at com.kms.katalon.core.main.ScriptEngine.runScriptAsRawText(ScriptEngine.java:108)
	at com.kms.katalon.core.main.TestCaseExecutor.runScript(TestCaseExecutor.java:294)
	at com.kms.katalon.core.main.TestCaseExecutor.doExecute(TestCaseExecutor.java:285)
	at com.kms.katalon.core.main.TestCaseExecutor.processExecutionPhase(TestCaseExecutor.java:264)
	at com.kms.katalon.core.main.TestCaseExecutor.accessMainPhase(TestCaseExecutor.java:256)
	at com.kms.katalon.core.main.TestCaseExecutor.execute(TestCaseExecutor.java:200)
	at com.kms.katalon.core.main.TestSuiteExecutor.accessTestCaseMainPhase(TestSuiteExecutor.java:129)
	at com.kms.katalon.core.main.TestSuiteExecutor.accessTestSuiteMainPhase(TestSuiteExecutor.java:112)
	at com.kms.katalon.core.main.TestSuiteExecutor.execute(TestSuiteExecutor.java:81)
	at com.kms.katalon.core.main.TestCaseMain.startTestSuite(TestCaseMain.java:142)
	at com.kms.katalon.core.main.TestCaseMain$startTestSuite$0.call(Unknown Source)
	at org.codehaus.groovy.runtime.callsite.CallSiteArray.defaultCall(CallSiteArray.java:48)
	at org.codehaus.groovy.runtime.callsite.AbstractCallSite.call(AbstractCallSite.java:113)
	at org.codehaus.groovy.runtime.callsite.AbstractCallSite.call(AbstractCallSite.java:141)
	at TempTestSuite1536785103509.run(TempTestSuite1536785103509.groovy:36)
	at groovy.lang.GroovyShell.runScriptOrMainOrTestOrRunnable(GroovyShell.java:263)
	at groovy.lang.GroovyShell.run(GroovyShell.java:518)
	at groovy.lang.GroovyShell.run(GroovyShell.java:507)
	at groovy.ui.GroovyMain.processOnce(GroovyMain.java:653)
	at groovy.ui.GroovyMain.run(GroovyMain.java:384)
	at groovy.ui.GroovyMain.process(GroovyMain.java:370)
	at groovy.ui.GroovyMain.processArgs(GroovyMain.java:129)
	at groovy.ui.GroovyMain.main(GroovyMain.java:109)
	at sun.reflect.NativeMethodAccessorImpl.invoke0(Native Method)
	at sun.reflect.NativeMethodAccessorImpl.invoke(NativeMethodAccessorImpl.java:62)
	at sun.reflect.DelegatingMethodAccessorImpl.invoke(DelegatingMethodAccessorImpl.java:43)
	at java.lang.reflect.Method.invoke(Method.java:498)
	at org.codehaus.groovy.tools.GroovyStarter.rootLoader(GroovyStarter.java:109)
	at org.codehaus.groovy.tools.GroovyStarter.main(GroovyStarter.java:131)
)"/>
         <system-out><![CDATA[2018-09-12 13:45:27 - [TEST_CASE][FAILED] - Test Cases/Maven/Individual Test Cases/Transactions/VerifyColumnFilterReset: Test Cases/Maven/Individual Test Cases/Transactions/VerifyColumnFilterReset FAILED because (of) (Stack trace: com.kms.katalon.core.exception.StepFailedException: Unable to click on object (Root cause: java.lang.IllegalArgumentException: Object is null)
	at com.kms.katalon.core.keyword.internal.KeywordMain.stepFailed(KeywordMain.groovy:36)
	at com.kms.katalon.core.webui.keyword.internal.WebUIKeywordMain.stepFailed(WebUIKeywordMain.groovy:65)
	at com.kms.katalon.core.webui.keyword.internal.WebUIKeywordMain.runKeyword(WebUIKeywordMain.groovy:27)
	at com.kms.katalon.core.webui.keyword.builtin.ClickKeyword.click(ClickKeyword.groovy:86)
	at com.kms.katalon.core.webui.keyword.builtin.ClickKeyword.execute(ClickKeyword.groovy:67)
	at com.kms.katalon.core.keyword.internal.KeywordExecutor.executeKeywordForPlatform(KeywordExecutor.groovy:53)
	at com.kms.katalon.core.webui.keyword.WebUiBuiltInKeywords.click(WebUiBuiltInKeywords.groovy:616)
	at com.kms.katalon.core.webui.keyword.WebUiBuiltInKeywords$click$4.call(Unknown Source)
	at org.codehaus.groovy.runtime.callsite.CallSiteArray.defaultCall(CallSiteArray.java:48)
	at org.codehaus.groovy.runtime.callsite.AbstractCallSite.call(AbstractCallSite.java:113)
	at org.codehaus.groovy.runtime.callsite.AbstractCallSite.call(AbstractCallSite.java:125)
	at Script1536353781214.run(Script1536353781214.groovy:43)
	at com.kms.katalon.core.main.ScriptEngine.run(ScriptEngine.java:183)
	at com.kms.katalon.core.main.ScriptEngine.runScriptAsRawText(ScriptEngine.java:108)
	at com.kms.katalon.core.main.TestCaseExecutor.runScript(TestCaseExecutor.java:294)
	at com.kms.katalon.core.main.TestCaseExecutor.doExecute(TestCaseExecutor.java:285)
	at com.kms.katalon.core.main.TestCaseExecutor.processExecutionPhase(TestCaseExecutor.java:264)
	at com.kms.katalon.core.main.TestCaseExecutor.accessMainPhase(TestCaseExecutor.java:256)
	at com.kms.katalon.core.main.TestCaseExecutor.execute(TestCaseExecutor.java:200)
	at com.kms.katalon.core.main.TestSuiteExecutor.accessTestCaseMainPhase(TestSuiteExecutor.java:129)
	at com.kms.katalon.core.main.TestSuiteExecutor.accessTestSuiteMainPhase(TestSuiteExecutor.java:112)
	at com.kms.katalon.core.main.TestSuiteExecutor.execute(TestSuiteExecutor.java:81)
	at com.kms.katalon.core.main.TestCaseMain.startTestSuite(TestCaseMain.java:142)
	at com.kms.katalon.core.main.TestCaseMain$startTestSuite$0.call(Unknown Source)
	at org.codehaus.groovy.runtime.callsite.CallSiteArray.defaultCall(CallSiteArray.java:48)
	at org.codehaus.groovy.runtime.callsite.AbstractCallSite.call(AbstractCallSite.java:113)
	at org.codehaus.groovy.runtime.callsite.AbstractCallSite.call(AbstractCallSite.java:141)
	at TempTestSuite1536785103509.run(TempTestSuite1536785103509.groovy:36)
	at groovy.lang.GroovyShell.runScriptOrMainOrTestOrRunnable(GroovyShell.java:263)
	at groovy.lang.GroovyShell.run(GroovyShell.java:518)
	at groovy.lang.GroovyShell.run(GroovyShell.java:507)
	at groovy.ui.GroovyMain.processOnce(GroovyMain.java:653)
	at groovy.ui.GroovyMain.run(GroovyMain.java:384)
	at groovy.ui.GroovyMain.process(GroovyMain.java:370)
	at groovy.ui.GroovyMain.processArgs(GroovyMain.java:129)
	at groovy.ui.GroovyMain.main(GroovyMain.java:109)
	at sun.reflect.NativeMethodAccessorImpl.invoke0(Native Method)
	at sun.reflect.NativeMethodAccessorImpl.invoke(NativeMethodAccessorImpl.java:62)
	at sun.reflect.DelegatingMethodAccessorImpl.invoke(DelegatingMethodAccessorImpl.java:43)
	at java.lang.reflect.Method.invoke(Method.java:498)
	at org.codehaus.groovy.tools.GroovyStarter.rootLoader(GroovyStarter.java:109)
	at org.codehaus.groovy.tools.GroovyStarter.main(GroovyStarter.java:131)
)

2018-09-12 13:45:27 - [TEST_STEP][PASSED] - openBrowser: Browser is opened with url: ''

2018-09-12 13:45:28 - [MESSAGE][PASSED] - Browser is opened with url: ''

2018-09-12 13:45:28 - [TEST_STEP][PASSED] - maximizeWindow: Current window maximized

2018-09-12 13:45:28 - [MESSAGE][PASSED] - Current window maximized

2018-09-12 13:45:28 - [TEST_STEP][PASSED] - navigateToUrl: Navigate to 'https://maven-staging.gravity-aws.com/auth/login' successfully

2018-09-12 13:45:32 - [MESSAGE][PASSED] - Navigate to 'https://maven-staging.gravity-aws.com/auth/login' successfully

2018-09-12 13:45:32 - [TEST_STEP][PASSED] - setText: Text 'bpasupuleti@gravitypayments.com' is set on object 'Object Repository/Transactions/input_email_4920028f-8859-455b'

2018-09-12 13:45:32 - [MESSAGE][PASSED] - Text 'bpasupuleti@gravitypayments.com' is set on object 'Object Repository/Transactions/input_email_4920028f-8859-455b'

2018-09-12 13:45:32 - [TEST_STEP][PASSED] - setEncryptedText: Text ****** has been set on object 'Object Repository/Maven Login/input_password'

2018-09-12 13:45:32 - [MESSAGE][PASSED] - Text ****** has been set on object 'Object Repository/Maven Login/input_password'

2018-09-12 13:45:32 - [TEST_STEP][PASSED] - click: Object: 'Object Repository/Transactions/span_Login exit_to_app' is clicked on

2018-09-12 13:45:32 - [MESSAGE][PASSED] - Object: 'Object Repository/Transactions/span_Login exit_to_app' is clicked on

2018-09-12 13:45:32 - [TEST_STEP][PASSED] - selectOptionByValue: All options with value 'development' are selected in object 'Object Repository/Transactions/select_DevelopmentProduction'  using regular expression

2018-09-12 13:45:36 - [MESSAGE][PASSED] - All options with value 'development' are selected in object 'Object Repository/Transactions/select_DevelopmentProduction'  using regular expression

2018-09-12 13:45:36 - [TEST_STEP][PASSED] - waitForElementPresent: Object 'Object Repository/Transactions/select_DevelopmentProduction' is present

2018-09-12 13:45:36 - [MESSAGE][PASSED] - Object 'Object Repository/Transactions/select_DevelopmentProduction' is present

2018-09-12 13:45:36 - [TEST_STEP][PASSED] - click: Object: 'Object Repository/Transactions/span_Transactions' is clicked on

2018-09-12 13:45:36 - [MESSAGE][PASSED] - Object: 'Object Repository/Transactions/span_Transactions' is clicked on

2018-09-12 13:45:36 - [TEST_STEP][PASSED] - click: Object: 'Object Repository/Transactions/span_All Transactions' is clicked on

2018-09-12 13:45:36 - [MESSAGE][PASSED] - Object: 'Object Repository/Transactions/span_All Transactions' is clicked on

2018-09-12 13:45:36 - [TEST_STEP][PASSED] - verifyElementPresent: Object 'Object Repository/Transactions/span_All Transactions' is present

2018-09-12 13:45:36 - [MESSAGE][PASSED] - Object 'Object Repository/Transactions/span_All Transactions' is present

2018-09-12 13:45:36 - [TEST_STEP][PASSED] - click: Object: 'Object Repository/Transactions/span_Column' is clicked on

2018-09-12 13:45:36 - [MESSAGE][PASSED] - Object: 'Object Repository/Transactions/span_Column' is clicked on

2018-09-12 13:45:36 - [TEST_STEP][PASSED] - click: Object: 'Object Repository/Transactions/button_Reset to Default' is clicked on

2018-09-12 13:45:36 - [MESSAGE][PASSED] - Object: 'Object Repository/Transactions/button_Reset to Default' is clicked on

2018-09-12 13:45:36 - [TEST_STEP][FAILED] - click: Unable to click on object (Root cause: java.lang.IllegalArgumentException: Object is null)

2018-09-12 13:45:36 - [MESSAGE][WARNING] - Test object with id 'Object Repository/Transactions/Page_The Maven Project/button_Apply' does not exist

2018-09-12 13:45:36 - [MESSAGE][WARNING] - Test object with id 'Object Repository/' does not exist

2018-09-12 13:45:37 - [MESSAGE][FAILED] - Unable to click on object (Root cause: java.lang.IllegalArgumentException: Object is null)
[[ATTACHMENT|/Users/bpasupuleti/Katalon Studio/MavenTransactions/Reports/Transactions/20180912_134503/1536785136679.png]]]]></system-out>
         <system-err><![CDATA[2018-09-12 13:45:27 - [TEST_CASE][FAILED] - Test Cases/Maven/Individual Test Cases/Transactions/VerifyColumnFilterReset: Test Cases/Maven/Individual Test Cases/Transactions/VerifyColumnFilterReset FAILED because (of) (Stack trace: com.kms.katalon.core.exception.StepFailedException: Unable to click on object (Root cause: java.lang.IllegalArgumentException: Object is null)
	at com.kms.katalon.core.keyword.internal.KeywordMain.stepFailed(KeywordMain.groovy:36)
	at com.kms.katalon.core.webui.keyword.internal.WebUIKeywordMain.stepFailed(WebUIKeywordMain.groovy:65)
	at com.kms.katalon.core.webui.keyword.internal.WebUIKeywordMain.runKeyword(WebUIKeywordMain.groovy:27)
	at com.kms.katalon.core.webui.keyword.builtin.ClickKeyword.click(ClickKeyword.groovy:86)
	at com.kms.katalon.core.webui.keyword.builtin.ClickKeyword.execute(ClickKeyword.groovy:67)
	at com.kms.katalon.core.keyword.internal.KeywordExecutor.executeKeywordForPlatform(KeywordExecutor.groovy:53)
	at com.kms.katalon.core.webui.keyword.WebUiBuiltInKeywords.click(WebUiBuiltInKeywords.groovy:616)
	at com.kms.katalon.core.webui.keyword.WebUiBuiltInKeywords$click$4.call(Unknown Source)
	at org.codehaus.groovy.runtime.callsite.CallSiteArray.defaultCall(CallSiteArray.java:48)
	at org.codehaus.groovy.runtime.callsite.AbstractCallSite.call(AbstractCallSite.java:113)
	at org.codehaus.groovy.runtime.callsite.AbstractCallSite.call(AbstractCallSite.java:125)
	at Script1536353781214.run(Script1536353781214.groovy:43)
	at com.kms.katalon.core.main.ScriptEngine.run(ScriptEngine.java:183)
	at com.kms.katalon.core.main.ScriptEngine.runScriptAsRawText(ScriptEngine.java:108)
	at com.kms.katalon.core.main.TestCaseExecutor.runScript(TestCaseExecutor.java:294)
	at com.kms.katalon.core.main.TestCaseExecutor.doExecute(TestCaseExecutor.java:285)
	at com.kms.katalon.core.main.TestCaseExecutor.processExecutionPhase(TestCaseExecutor.java:264)
	at com.kms.katalon.core.main.TestCaseExecutor.accessMainPhase(TestCaseExecutor.java:256)
	at com.kms.katalon.core.main.TestCaseExecutor.execute(TestCaseExecutor.java:200)
	at com.kms.katalon.core.main.TestSuiteExecutor.accessTestCaseMainPhase(TestSuiteExecutor.java:129)
	at com.kms.katalon.core.main.TestSuiteExecutor.accessTestSuiteMainPhase(TestSuiteExecutor.java:112)
	at com.kms.katalon.core.main.TestSuiteExecutor.execute(TestSuiteExecutor.java:81)
	at com.kms.katalon.core.main.TestCaseMain.startTestSuite(TestCaseMain.java:142)
	at com.kms.katalon.core.main.TestCaseMain$startTestSuite$0.call(Unknown Source)
	at org.codehaus.groovy.runtime.callsite.CallSiteArray.defaultCall(CallSiteArray.java:48)
	at org.codehaus.groovy.runtime.callsite.AbstractCallSite.call(AbstractCallSite.java:113)
	at org.codehaus.groovy.runtime.callsite.AbstractCallSite.call(AbstractCallSite.java:141)
	at TempTestSuite1536785103509.run(TempTestSuite1536785103509.groovy:36)
	at groovy.lang.GroovyShell.runScriptOrMainOrTestOrRunnable(GroovyShell.java:263)
	at groovy.lang.GroovyShell.run(GroovyShell.java:518)
	at groovy.lang.GroovyShell.run(GroovyShell.java:507)
	at groovy.ui.GroovyMain.processOnce(GroovyMain.java:653)
	at groovy.ui.GroovyMain.run(GroovyMain.java:384)
	at groovy.ui.GroovyMain.process(GroovyMain.java:370)
	at groovy.ui.GroovyMain.processArgs(GroovyMain.java:129)
	at groovy.ui.GroovyMain.main(GroovyMain.java:109)
	at sun.reflect.NativeMethodAccessorImpl.invoke0(Native Method)
	at sun.reflect.NativeMethodAccessorImpl.invoke(NativeMethodAccessorImpl.java:62)
	at sun.reflect.DelegatingMethodAccessorImpl.invoke(DelegatingMethodAccessorImpl.java:43)
	at java.lang.reflect.Method.invoke(Method.java:498)
	at org.codehaus.groovy.tools.GroovyStarter.rootLoader(GroovyStarter.java:109)
	at org.codehaus.groovy.tools.GroovyStarter.main(GroovyStarter.java:131)
)]]></system-err>
      </testcase>
      <testcase name="Test Cases/Maven/Individual Test Cases/Transactions/VerifyTypeFilter" classname="Test Cases/Maven/Individual Test Cases/Transactions/VerifyTypeFilter" status="PASSED">
         <system-out><![CDATA[2018-09-12 13:45:37 - [TEST_CASE][PASSED] - Test Cases/Maven/Individual Test Cases/Transactions/VerifyTypeFilter: Test Cases/Maven/Individual Test Cases/Transactions/VerifyTypeFilter

2018-09-12 13:45:37 - [TEST_STEP][PASSED] - openBrowser: Browser is opened with url: ''

2018-09-12 13:45:37 - [MESSAGE][WARNING] - A browser is already opened. Closing browser and opening a new one

2018-09-12 13:45:38 - [MESSAGE][PASSED] - Browser is opened with url: ''

2018-09-12 13:45:38 - [TEST_STEP][PASSED] - maximizeWindow: Current window maximized

2018-09-12 13:45:38 - [MESSAGE][PASSED] - Current window maximized

2018-09-12 13:45:38 - [TEST_STEP][PASSED] - navigateToUrl: Navigate to 'https://maven-staging.gravity-aws.com/auth/login' successfully

2018-09-12 13:45:39 - [MESSAGE][PASSED] - Navigate to 'https://maven-staging.gravity-aws.com/auth/login' successfully

2018-09-12 13:45:39 - [TEST_STEP][PASSED] - setText: Text 'bpasupuleti@gravitypayments.com' is set on object 'Object Repository/Transactions/input_email_4920028f-8859-455b'

2018-09-12 13:45:39 - [MESSAGE][PASSED] - Text 'bpasupuleti@gravitypayments.com' is set on object 'Object Repository/Transactions/input_email_4920028f-8859-455b'

2018-09-12 13:45:39 - [TEST_STEP][PASSED] - setEncryptedText: Text ****** has been set on object 'Object Repository/Maven Login/input_password'

2018-09-12 13:45:40 - [MESSAGE][PASSED] - Text ****** has been set on object 'Object Repository/Maven Login/input_password'

2018-09-12 13:45:40 - [TEST_STEP][PASSED] - click: Object: 'Object Repository/Transactions/span_Login exit_to_app' is clicked on

2018-09-12 13:45:40 - [MESSAGE][PASSED] - Object: 'Object Repository/Transactions/span_Login exit_to_app' is clicked on

2018-09-12 13:45:40 - [TEST_STEP][PASSED] - selectOptionByValue: All options with value 'development' are selected in object 'Object Repository/Transactions/select_DevelopmentProduction'  using regular expression

2018-09-12 13:45:43 - [MESSAGE][PASSED] - All options with value 'development' are selected in object 'Object Repository/Transactions/select_DevelopmentProduction'  using regular expression

2018-09-12 13:45:43 - [TEST_STEP][PASSED] - waitForElementPresent: Object 'Object Repository/Transactions/select_DevelopmentProduction' is present

2018-09-12 13:45:43 - [MESSAGE][PASSED] - Object 'Object Repository/Transactions/select_DevelopmentProduction' is present

2018-09-12 13:45:43 - [TEST_STEP][PASSED] - click: Object: 'Object Repository/Transactions/span_Transactions' is clicked on

2018-09-12 13:45:43 - [MESSAGE][PASSED] - Object: 'Object Repository/Transactions/span_Transactions' is clicked on

2018-09-12 13:45:43 - [TEST_STEP][PASSED] - click: Object: 'Object Repository/Transactions/span_All Transactions' is clicked on

2018-09-12 13:45:43 - [MESSAGE][PASSED] - Object: 'Object Repository/Transactions/span_All Transactions' is clicked on

2018-09-12 13:45:43 - [TEST_STEP][PASSED] - verifyElementPresent: Object 'Object Repository/Transactions/span_All Transactions' is present

2018-09-12 13:45:43 - [MESSAGE][PASSED] - Object 'Object Repository/Transactions/span_All Transactions' is present

2018-09-12 13:45:43 - [TEST_STEP][PASSED] - click: Object: 'Object Repository/Transactions/span_Type' is clicked on

2018-09-12 13:45:43 - [MESSAGE][PASSED] - Object: 'Object Repository/Transactions/span_Type' is clicked on

2018-09-12 13:45:43 - [TEST_STEP][PASSED] - click: Object: 'Object Repository/Transactions/span_Clear' is clicked on

2018-09-12 13:45:43 - [MESSAGE][PASSED] - Object: 'Object Repository/Transactions/span_Clear' is clicked on

2018-09-12 13:45:43 - [TEST_STEP][PASSED] - waitForElementPresent: Object 'Object Repository/Transactions/a_Credit Sale' is present

2018-09-12 13:45:43 - [MESSAGE][PASSED] - Object 'Object Repository/Transactions/a_Credit Sale' is present

2018-09-12 13:45:43 - [TEST_STEP][PASSED] - click: Object: 'Object Repository/Transactions/a_Credit Sale' is clicked on

2018-09-12 13:45:43 - [MESSAGE][PASSED] - Object: 'Object Repository/Transactions/a_Credit Sale' is clicked on

2018-09-12 13:45:43 - [TEST_STEP][PASSED] - waitForElementPresent: Object 'Object Repository/Transactions/span_Apply' is present

2018-09-12 13:45:44 - [MESSAGE][PASSED] - Object 'Object Repository/Transactions/span_Apply' is present

2018-09-12 13:45:44 - [TEST_STEP][PASSED] - click: Object: 'Object Repository/Transactions/span_Apply' is clicked on

2018-09-12 13:45:44 - [MESSAGE][PASSED] - Object: 'Object Repository/Transactions/span_Apply' is clicked on

2018-09-12 13:45:44 - [TEST_STEP][PASSED] - verifyElementPresent: Object 'Object Repository/Transactions/div_Approvalalert' is present

2018-09-12 13:45:44 - [MESSAGE][PASSED] - Object 'Object Repository/Transactions/div_Approvalalert' is present

2018-09-12 13:45:44 - [TEST_STEP][PASSED] - click: Object: 'Object Repository/Transactions/div_Approvalalert' is clicked on

2018-09-12 13:45:44 - [MESSAGE][PASSED] - Object: 'Object Repository/Transactions/div_Approvalalert' is clicked on

2018-09-12 13:45:44 - [TEST_STEP][PASSED] - verifyElementPresent: Object 'Object Repository/Transactions/p_Type CreditSale' is present

2018-09-12 13:45:44 - [MESSAGE][PASSED] - Object 'Object Repository/Transactions/p_Type CreditSale' is present

2018-09-12 13:45:44 - [TEST_STEP][PASSED] - click: Object: 'Object Repository/Transactions/i_close' is clicked on

2018-09-12 13:45:44 - [MESSAGE][PASSED] - Object: 'Object Repository/Transactions/i_close' is clicked on

2018-09-12 13:45:44 - [TEST_STEP][PASSED] - click: Object: 'Object Repository/Transactions/span_Type' is clicked on

2018-09-12 13:45:44 - [MESSAGE][PASSED] - Object: 'Object Repository/Transactions/span_Type' is clicked on

2018-09-12 13:45:44 - [TEST_STEP][PASSED] - waitForElementPresent: Object 'Object Repository/Transactions/span_Clear' is present

2018-09-12 13:45:44 - [MESSAGE][PASSED] - Object 'Object Repository/Transactions/span_Clear' is present

2018-09-12 13:45:44 - [TEST_STEP][PASSED] - click: Object: 'Object Repository/Transactions/span_Clear' is clicked on

2018-09-12 13:45:45 - [MESSAGE][PASSED] - Object: 'Object Repository/Transactions/span_Clear' is clicked on

2018-09-12 13:45:45 - [TEST_STEP][PASSED] - waitForElementPresent: Object 'Object Repository/Transactions/a_Credit Return' is present

2018-09-12 13:45:45 - [MESSAGE][PASSED] - Object 'Object Repository/Transactions/a_Credit Return' is present

2018-09-12 13:45:45 - [TEST_STEP][PASSED] - click: Object: 'Object Repository/Transactions/a_Credit Return' is clicked on

2018-09-12 13:45:45 - [MESSAGE][PASSED] - Object: 'Object Repository/Transactions/a_Credit Return' is clicked on

2018-09-12 13:45:45 - [TEST_STEP][PASSED] - waitForElementPresent: Object 'Object Repository/Transactions/span_Apply' is present

2018-09-12 13:45:45 - [MESSAGE][PASSED] - Object 'Object Repository/Transactions/span_Apply' is present

2018-09-12 13:45:45 - [TEST_STEP][PASSED] - click: Object: 'Object Repository/Transactions/span_Apply' is clicked on

2018-09-12 13:45:45 - [MESSAGE][PASSED] - Object: 'Object Repository/Transactions/span_Apply' is clicked on

2018-09-12 13:45:45 - [TEST_STEP][PASSED] - verifyElementPresent: Object 'Object Repository/Transactions/div_Approvalalert' is present

2018-09-12 13:45:45 - [MESSAGE][PASSED] - Object 'Object Repository/Transactions/div_Approvalalert' is present

2018-09-12 13:45:45 - [TEST_STEP][PASSED] - click: Object: 'Object Repository/Transactions/div_Approvalalert' is clicked on

2018-09-12 13:45:46 - [MESSAGE][PASSED] - Object: 'Object Repository/Transactions/div_Approvalalert' is clicked on

2018-09-12 13:45:46 - [TEST_STEP][PASSED] - verifyElementPresent: Object 'Object Repository/Transactions/p_Type CreditReturn' is present

2018-09-12 13:45:46 - [MESSAGE][PASSED] - Object 'Object Repository/Transactions/p_Type CreditReturn' is present

2018-09-12 13:45:46 - [TEST_STEP][PASSED] - click: Object: 'Object Repository/Transactions/i_close' is clicked on

2018-09-12 13:45:46 - [MESSAGE][PASSED] - Object: 'Object Repository/Transactions/i_close' is clicked on]]></system-out>
         <system-err><![CDATA[]]></system-err>
      </testcase>
      <testcase name="Test Cases/Maven/Individual Test Cases/Transactions/VerifyAmountFilter" classname="Test Cases/Maven/Individual Test Cases/Transactions/VerifyAmountFilter" status="PASSED">
         <system-out><![CDATA[2018-09-12 13:45:46 - [TEST_CASE][PASSED] - Test Cases/Maven/Individual Test Cases/Transactions/VerifyAmountFilter: Test Cases/Maven/Individual Test Cases/Transactions/VerifyAmountFilter

2018-09-12 13:45:46 - [TEST_STEP][PASSED] - openBrowser: Browser is opened with url: ''

2018-09-12 13:45:46 - [MESSAGE][WARNING] - A browser is already opened. Closing browser and opening a new one

2018-09-12 13:45:47 - [MESSAGE][PASSED] - Browser is opened with url: ''

2018-09-12 13:45:47 - [TEST_STEP][PASSED] - maximizeWindow: Current window maximized

2018-09-12 13:45:47 - [MESSAGE][PASSED] - Current window maximized

2018-09-12 13:45:47 - [TEST_STEP][PASSED] - navigateToUrl: Navigate to 'https://maven-staging.gravity-aws.com/auth/login' successfully

2018-09-12 13:45:51 - [MESSAGE][PASSED] - Navigate to 'https://maven-staging.gravity-aws.com/auth/login' successfully

2018-09-12 13:45:51 - [TEST_STEP][PASSED] - setText: Text 'bpasupuleti@gravitypayments.com' is set on object 'Object Repository/Transactions/input_email_4920028f-8859-455b'

2018-09-12 13:45:51 - [MESSAGE][PASSED] - Text 'bpasupuleti@gravitypayments.com' is set on object 'Object Repository/Transactions/input_email_4920028f-8859-455b'

2018-09-12 13:45:51 - [TEST_STEP][PASSED] - setEncryptedText: Text ****** has been set on object 'Object Repository/Maven Login/input_password'

2018-09-12 13:45:51 - [MESSAGE][PASSED] - Text ****** has been set on object 'Object Repository/Maven Login/input_password'

2018-09-12 13:45:51 - [TEST_STEP][PASSED] - click: Object: 'Object Repository/Transactions/span_Login exit_to_app' is clicked on

2018-09-12 13:45:51 - [MESSAGE][PASSED] - Object: 'Object Repository/Transactions/span_Login exit_to_app' is clicked on

2018-09-12 13:45:51 - [TEST_STEP][PASSED] - selectOptionByValue: All options with value 'development' are selected in object 'Object Repository/Transactions/select_DevelopmentProduction'  using regular expression

2018-09-12 13:45:56 - [MESSAGE][PASSED] - All options with value 'development' are selected in object 'Object Repository/Transactions/select_DevelopmentProduction'  using regular expression

2018-09-12 13:45:56 - [TEST_STEP][PASSED] - waitForElementPresent: Object 'Object Repository/Transactions/select_DevelopmentProduction' is present

2018-09-12 13:45:56 - [MESSAGE][PASSED] - Object 'Object Repository/Transactions/select_DevelopmentProduction' is present

2018-09-12 13:45:56 - [TEST_STEP][PASSED] - click: Object: 'Object Repository/Transactions/span_Transactions' is clicked on

2018-09-12 13:45:56 - [MESSAGE][PASSED] - Object: 'Object Repository/Transactions/span_Transactions' is clicked on

2018-09-12 13:45:56 - [TEST_STEP][PASSED] - click: Object: 'Object Repository/Transactions/span_All Transactions' is clicked on

2018-09-12 13:45:56 - [MESSAGE][PASSED] - Object: 'Object Repository/Transactions/span_All Transactions' is clicked on

2018-09-12 13:45:56 - [TEST_STEP][PASSED] - verifyElementPresent: Object 'Object Repository/Transactions/span_All Transactions' is present

2018-09-12 13:45:56 - [MESSAGE][PASSED] - Object 'Object Repository/Transactions/span_All Transactions' is present

2018-09-12 13:45:56 - [TEST_STEP][PASSED] - click: Object: 'Object Repository/Transactions/span_Amount' is clicked on

2018-09-12 13:45:57 - [MESSAGE][PASSED] - Object: 'Object Repository/Transactions/span_Amount' is clicked on

2018-09-12 13:45:57 - [TEST_STEP][PASSED] - verifyElementPresent: Object 'Object Repository/Transactions/input_chevron_left_filterByAmo' is present

2018-09-12 13:45:57 - [MESSAGE][WARNING] - Timeout '0' is invalid. Using default page load timeout: '30'

2018-09-12 13:45:57 - [MESSAGE][PASSED] - Object 'Object Repository/Transactions/input_chevron_left_filterByAmo' is present

2018-09-12 13:45:57 - [TEST_STEP][PASSED] - click: Object: 'Object Repository/Transactions/input_chevron_left_filterByAmo' is clicked on

2018-09-12 13:45:57 - [MESSAGE][PASSED] - Object: 'Object Repository/Transactions/input_chevron_left_filterByAmo' is clicked on

2018-09-12 13:45:57 - [TEST_STEP][PASSED] - click: Object: 'Object Repository/Transactions/input_attach_money_form-contro' is clicked on

2018-09-12 13:45:57 - [MESSAGE][PASSED] - Object: 'Object Repository/Transactions/input_attach_money_form-contro' is clicked on

2018-09-12 13:45:57 - [TEST_STEP][PASSED] - setText: Text '10' is set on object 'Object Repository/Transactions/input_attach_money_form-contro'

2018-09-12 13:45:57 - [MESSAGE][PASSED] - Text '10' is set on object 'Object Repository/Transactions/input_attach_money_form-contro'

2018-09-12 13:45:57 - [TEST_STEP][PASSED] - verifyElementPresent: Object 'Object Repository/Transactions/input_chevron_left_filterByAmo' is present

2018-09-12 13:45:57 - [MESSAGE][WARNING] - Timeout '0' is invalid. Using default page load timeout: '30'

2018-09-12 13:45:57 - [MESSAGE][PASSED] - Object 'Object Repository/Transactions/input_chevron_left_filterByAmo' is present

2018-09-12 13:45:57 - [TEST_STEP][PASSED] - click: Object: 'Object Repository/Transactions/input_chevron_left_filterByAmo' is clicked on

2018-09-12 13:45:57 - [MESSAGE][PASSED] - Object: 'Object Repository/Transactions/input_chevron_left_filterByAmo' is clicked on

2018-09-12 13:45:57 - [TEST_STEP][PASSED] - verifyElementPresent: Object 'Object Repository/Transactions/div_Sale' is present

2018-09-12 13:45:57 - [MESSAGE][WARNING] - Timeout '0' is invalid. Using default page load timeout: '30'

2018-09-12 13:45:57 - [MESSAGE][PASSED] - Object 'Object Repository/Transactions/div_Sale' is present

2018-09-12 13:45:57 - [TEST_STEP][PASSED] - getText: Text of object 'Object Repository/Transactions/div_10.00' is: '$0.01'

2018-09-12 13:46:01 - [MESSAGE][PASSED] - Text of object 'Object Repository/Transactions/div_10.00' is: '$0.01'

2018-09-12 13:46:01 - [TEST_STEP][PASSED] - verifyElementPresent: Object 'Object Repository/Transactions/div_10.00' is present

2018-09-12 13:46:01 - [MESSAGE][PASSED] - Object 'Object Repository/Transactions/div_10.00' is present

2018-09-12 13:46:01 - [TEST_STEP][PASSED] - closeBrowser: Browser is closed

2018-09-12 13:46:01 - [MESSAGE][PASSED] - Browser is closed]]></system-out>
         <system-err><![CDATA[]]></system-err>
      </testcase>
      <testcase name="Test Cases/Maven/Individual Test Cases/Transactions/VerifySaveView" classname="Test Cases/Maven/Individual Test Cases/Transactions/VerifySaveView" status="PASSED">
         <system-out><![CDATA[2018-09-12 13:46:01 - [TEST_CASE][PASSED] - Test Cases/Maven/Individual Test Cases/Transactions/VerifySaveView: Test Cases/Maven/Individual Test Cases/Transactions/VerifySaveView

2018-09-12 13:46:02 - [TEST_STEP][PASSED] - openBrowser: Browser is opened with url: ''

2018-09-12 13:46:05 - [MESSAGE][PASSED] - Browser is opened with url: ''

2018-09-12 13:46:05 - [TEST_STEP][PASSED] - maximizeWindow: Current window maximized

2018-09-12 13:46:05 - [MESSAGE][PASSED] - Current window maximized

2018-09-12 13:46:05 - [TEST_STEP][PASSED] - navigateToUrl: Navigate to 'https://maven-staging.gravity-aws.com/auth/login' successfully

2018-09-12 13:46:07 - [MESSAGE][PASSED] - Navigate to 'https://maven-staging.gravity-aws.com/auth/login' successfully

2018-09-12 13:46:07 - [TEST_STEP][PASSED] - setText: Text 'bpasupuleti@gravitypayments.com' is set on object 'Object Repository/Transactions/input_email_4920028f-8859-455b'

2018-09-12 13:46:07 - [MESSAGE][PASSED] - Text 'bpasupuleti@gravitypayments.com' is set on object 'Object Repository/Transactions/input_email_4920028f-8859-455b'

2018-09-12 13:46:07 - [TEST_STEP][PASSED] - setEncryptedText: Text ****** has been set on object 'Object Repository/Maven Login/input_password'

2018-09-12 13:46:07 - [MESSAGE][PASSED] - Text ****** has been set on object 'Object Repository/Maven Login/input_password'

2018-09-12 13:46:07 - [TEST_STEP][PASSED] - click: Object: 'Object Repository/Transactions/span_Login exit_to_app' is clicked on

2018-09-12 13:46:07 - [MESSAGE][PASSED] - Object: 'Object Repository/Transactions/span_Login exit_to_app' is clicked on

2018-09-12 13:46:07 - [TEST_STEP][PASSED] - selectOptionByValue: All options with value 'development' are selected in object 'Object Repository/Transactions/select_DevelopmentProduction'  using regular expression

2018-09-12 13:46:13 - [MESSAGE][PASSED] - All options with value 'development' are selected in object 'Object Repository/Transactions/select_DevelopmentProduction'  using regular expression

2018-09-12 13:46:13 - [TEST_STEP][PASSED] - waitForElementPresent: Object 'Object Repository/Transactions/select_DevelopmentProduction' is present

2018-09-12 13:46:13 - [MESSAGE][PASSED] - Object 'Object Repository/Transactions/select_DevelopmentProduction' is present

2018-09-12 13:46:13 - [TEST_STEP][PASSED] - click: Object: 'Object Repository/Transactions/span_Transactions' is clicked on

2018-09-12 13:46:13 - [MESSAGE][PASSED] - Object: 'Object Repository/Transactions/span_Transactions' is clicked on

2018-09-12 13:46:13 - [TEST_STEP][PASSED] - click: Object: 'Object Repository/Transactions/span_All Transactions' is clicked on

2018-09-12 13:46:13 - [MESSAGE][PASSED] - Object: 'Object Repository/Transactions/span_All Transactions' is clicked on

2018-09-12 13:46:13 - [TEST_STEP][PASSED] - waitForElementPresent: Object 'Object Repository/Transactions/span_All Transactions' is present

2018-09-12 13:46:13 - [MESSAGE][PASSED] - Object 'Object Repository/Transactions/span_All Transactions' is present

2018-09-12 13:46:13 - [TEST_STEP][PASSED] - click: Object: 'Object Repository/Transactions/span_Column' is clicked on

2018-09-12 13:46:13 - [MESSAGE][PASSED] - Object: 'Object Repository/Transactions/span_Column' is clicked on

2018-09-12 13:46:13 - [TEST_STEP][PASSED] - click: Object: 'Object Repository/Transactions/button_Reset to Default' is clicked on

2018-09-12 13:46:13 - [MESSAGE][PASSED] - Object: 'Object Repository/Transactions/button_Reset to Default' is clicked on

2018-09-12 13:46:13 - [TEST_STEP][PASSED] - waitForElementPresent: Object 'Object Repository/Transactions/button_Apply (1)' is present

2018-09-12 13:46:13 - [MESSAGE][WARNING] - Timeout '0' is invalid. Using default page load timeout: '30'

2018-09-12 13:46:13 - [MESSAGE][PASSED] - Object 'Object Repository/Transactions/button_Apply (1)' is present

2018-09-12 13:46:13 - [TEST_STEP][PASSED] - click: Object: 'Object Repository/Transactions/button_Apply (1)' is clicked on

2018-09-12 13:46:13 - [MESSAGE][PASSED] - Object: 'Object Repository/Transactions/button_Apply (1)' is clicked on

2018-09-12 13:46:13 - [TEST_STEP][PASSED] - click: Object: 'Object Repository/Transactions/Page_The Maven Project/Page_The Maven Project/Page_The Maven Project/Page_The Maven Project/span_Save View' is clicked on

2018-09-12 13:46:13 - [MESSAGE][PASSED] - Object: 'Object Repository/Transactions/Page_The Maven Project/Page_The Maven Project/Page_The Maven Project/Page_The Maven Project/span_Save View' is clicked on

2018-09-12 13:46:13 - [TEST_STEP][PASSED] - waitForElementPresent: Object 'Object Repository/Transactions/Page_The Maven Project/Page_The Maven Project/alertBox_savetransactionsSave' is present

2018-09-12 13:46:13 - [MESSAGE][PASSED] - Object 'Object Repository/Transactions/Page_The Maven Project/Page_The Maven Project/alertBox_savetransactionsSave' is present

2018-09-12 13:46:13 - [TEST_STEP][PASSED] - verifyElementPresent: Object 'Object Repository/Transactions/Page_The Maven Project/Page_The Maven Project/alertBox_savetransactionsSave' is present

2018-09-12 13:46:13 - [MESSAGE][PASSED] - Object 'Object Repository/Transactions/Page_The Maven Project/Page_The Maven Project/alertBox_savetransactionsSave' is present

2018-09-12 13:46:13 - [TEST_STEP][PASSED] - waitForElementPresent: Object 'Object Repository/Transactions/Page_The Maven Project/Page_The Maven Project/Page_The Maven Project/Page_The Maven Project/Page_The Maven Project/ViewNameTextBox' is present

2018-09-12 13:46:13 - [MESSAGE][PASSED] - Object 'Object Repository/Transactions/Page_The Maven Project/Page_The Maven Project/Page_The Maven Project/Page_The Maven Project/Page_The Maven Project/ViewNameTextBox' is present

2018-09-12 13:46:13 - [TEST_STEP][PASSED] - setText: Text 'New View' is set on object 'Object Repository/Transactions/Page_The Maven Project/Page_The Maven Project/Page_The Maven Project/Page_The Maven Project/Page_The Maven Project/ViewNameTextBox'

2018-09-12 13:46:14 - [MESSAGE][PASSED] - Text 'New View' is set on object 'Object Repository/Transactions/Page_The Maven Project/Page_The Maven Project/Page_The Maven Project/Page_The Maven Project/Page_The Maven Project/ViewNameTextBox'

2018-09-12 13:46:14 - [TEST_STEP][PASSED] - click: Object: 'Object Repository/Transactions/Page_The Maven Project/button_Save' is clicked on

2018-09-12 13:46:14 - [MESSAGE][PASSED] - Object: 'Object Repository/Transactions/Page_The Maven Project/button_Save' is clicked on

2018-09-12 13:46:14 - [TEST_STEP][PASSED] - verifyElementPresent: Object 'Object Repository/Transactions/Page_The Maven Project/Page_The Maven Project/Page_The Maven Project/span_New View' is present

2018-09-12 13:46:14 - [MESSAGE][WARNING] - Timeout '0' is invalid. Using default page load timeout: '30'

2018-09-12 13:46:14 - [MESSAGE][PASSED] - Object 'Object Repository/Transactions/Page_The Maven Project/Page_The Maven Project/Page_The Maven Project/span_New View' is present

2018-09-12 13:46:14 - [TEST_STEP][PASSED] - verifyElementNotPresent: Web element with id: 'Object Repository/Transactions/div_Type' located by 'By.xpath: //div[(text() = 'Type' or . = 'Type')]' is not present after '20' second(s)

2018-09-12 13:46:14 - [MESSAGE][PASSED] - Web element with id: 'Object Repository/Transactions/div_Type' located by 'By.xpath: //div[(text() = 'Type' or . = 'Type')]' is not present after '20' second(s)

2018-09-12 13:46:14 - [TEST_STEP][PASSED] - verifyElementNotPresent: Web element with id: 'Object Repository/Transactions/div_Name' located by 'By.xpath: //div[(text() = 'Name' or . = 'Name')]' is not present after '20' second(s)

2018-09-12 13:46:14 - [MESSAGE][PASSED] - Web element with id: 'Object Repository/Transactions/div_Name' located by 'By.xpath: //div[(text() = 'Name' or . = 'Name')]' is not present after '20' second(s)

2018-09-12 13:46:14 - [TEST_STEP][PASSED] - closeBrowser: Browser is closed

2018-09-12 13:46:14 - [MESSAGE][PASSED] - Browser is closed]]></system-out>
         <system-err><![CDATA[]]></system-err>
      </testcase>
      <testcase name="Test Cases/Maven/Individual Test Cases/Transactions/VerifyRefreshFunctionality" classname="Test Cases/Maven/Individual Test Cases/Transactions/VerifyRefreshFunctionality" status="PASSED">
         <system-out><![CDATA[2018-09-12 13:46:14 - [TEST_CASE][PASSED] - Test Cases/Maven/Individual Test Cases/Transactions/VerifyRefreshFunctionality: Test Cases/Maven/Individual Test Cases/Transactions/VerifyRefreshFunctionality

2018-09-12 13:46:14 - [TEST_STEP][PASSED] - openBrowser: Browser is opened with url: ''

2018-09-12 13:46:16 - [MESSAGE][PASSED] - Browser is opened with url: ''

2018-09-12 13:46:16 - [TEST_STEP][PASSED] - maximizeWindow: Current window maximized

2018-09-12 13:46:16 - [MESSAGE][PASSED] - Current window maximized

2018-09-12 13:46:16 - [TEST_STEP][PASSED] - navigateToUrl: Navigate to 'https://maven-staging.gravity-aws.com/auth/login' successfully

2018-09-12 13:46:18 - [MESSAGE][PASSED] - Navigate to 'https://maven-staging.gravity-aws.com/auth/login' successfully

2018-09-12 13:46:18 - [TEST_STEP][PASSED] - setText: Text 'bpasupuleti@gravitypayments.com' is set on object 'Object Repository/Transactions/input_email_4920028f-8859-455b'

2018-09-12 13:46:18 - [MESSAGE][PASSED] - Text 'bpasupuleti@gravitypayments.com' is set on object 'Object Repository/Transactions/input_email_4920028f-8859-455b'

2018-09-12 13:46:18 - [TEST_STEP][PASSED] - setEncryptedText: Text ****** has been set on object 'Object Repository/Maven Login/input_password'

2018-09-12 13:46:18 - [MESSAGE][PASSED] - Text ****** has been set on object 'Object Repository/Maven Login/input_password'

2018-09-12 13:46:18 - [TEST_STEP][PASSED] - click: Object: 'Object Repository/Transactions/span_Login exit_to_app' is clicked on

2018-09-12 13:46:18 - [MESSAGE][PASSED] - Object: 'Object Repository/Transactions/span_Login exit_to_app' is clicked on

2018-09-12 13:46:18 - [TEST_STEP][PASSED] - selectOptionByValue: All options with value 'development' are selected in object 'Object Repository/Transactions/select_DevelopmentProduction'  using regular expression

2018-09-12 13:46:23 - [MESSAGE][PASSED] - All options with value 'development' are selected in object 'Object Repository/Transactions/select_DevelopmentProduction'  using regular expression

2018-09-12 13:46:23 - [TEST_STEP][PASSED] - waitForElementPresent: Object 'Object Repository/Transactions/select_DevelopmentProduction' is present

2018-09-12 13:46:23 - [MESSAGE][PASSED] - Object 'Object Repository/Transactions/select_DevelopmentProduction' is present

2018-09-12 13:46:23 - [TEST_STEP][PASSED] - click: Object: 'Object Repository/Transactions/span_Transactions' is clicked on

2018-09-12 13:46:24 - [MESSAGE][PASSED] - Object: 'Object Repository/Transactions/span_Transactions' is clicked on

2018-09-12 13:46:24 - [TEST_STEP][PASSED] - click: Object: 'Object Repository/Transactions/span_All Transactions' is clicked on

2018-09-12 13:46:24 - [MESSAGE][PASSED] - Object: 'Object Repository/Transactions/span_All Transactions' is clicked on

2018-09-12 13:46:24 - [TEST_STEP][PASSED] - waitForElementPresent: Object 'Object Repository/Transactions/span_All Transactions' is present

2018-09-12 13:46:24 - [MESSAGE][PASSED] - Object 'Object Repository/Transactions/span_All Transactions' is present

2018-09-12 13:46:24 - [TEST_STEP][PASSED] - waitForElementPresent: Object 'Object Repository/Transactions/Page_The Maven Project/i_cached_RefreshButton' is present

2018-09-12 13:46:24 - [MESSAGE][PASSED] - Object 'Object Repository/Transactions/Page_The Maven Project/i_cached_RefreshButton' is present

2018-09-12 13:46:24 - [TEST_STEP][PASSED] - click: Object: 'Object Repository/Transactions/Page_The Maven Project/i_cached_RefreshButton' is clicked on

2018-09-12 13:46:24 - [MESSAGE][PASSED] - Object: 'Object Repository/Transactions/Page_The Maven Project/i_cached_RefreshButton' is clicked on]]></system-out>
         <system-err><![CDATA[]]></system-err>
      </testcase>
      <system-out><![CDATA[2018-09-12 13:45:04 - [TEST_SUITE][FAILED] - Transactions: Test Cases/Maven/Individual Test Cases/Transactions/VerifyColumnFilterReset FAILED because (of) (Stack trace: com.kms.katalon.core.exception.StepFailedException: Unable to click on object (Root cause: java.lang.IllegalArgumentException: Object is null)
	at com.kms.katalon.core.keyword.internal.KeywordMain.stepFailed(KeywordMain.groovy:36)
	at com.kms.katalon.core.webui.keyword.internal.WebUIKeywordMain.stepFailed(WebUIKeywordMain.groovy:65)
	at com.kms.katalon.core.webui.keyword.internal.WebUIKeywordMain.runKeyword(WebUIKeywordMain.groovy:27)
	at com.kms.katalon.core.webui.keyword.builtin.ClickKeyword.click(ClickKeyword.groovy:86)
	at com.kms.katalon.core.webui.keyword.builtin.ClickKeyword.execute(ClickKeyword.groovy:67)
	at com.kms.katalon.core.keyword.internal.KeywordExecutor.executeKeywordForPlatform(KeywordExecutor.groovy:53)
	at com.kms.katalon.core.webui.keyword.WebUiBuiltInKeywords.click(WebUiBuiltInKeywords.groovy:616)
	at com.kms.katalon.core.webui.keyword.WebUiBuiltInKeywords$click$4.call(Unknown Source)
	at org.codehaus.groovy.runtime.callsite.CallSiteArray.defaultCall(CallSiteArray.java:48)
	at org.codehaus.groovy.runtime.callsite.AbstractCallSite.call(AbstractCallSite.java:113)
	at org.codehaus.groovy.runtime.callsite.AbstractCallSite.call(AbstractCallSite.java:125)
	at Script1536353781214.run(Script1536353781214.groovy:43)
	at com.kms.katalon.core.main.ScriptEngine.run(ScriptEngine.java:183)
	at com.kms.katalon.core.main.ScriptEngine.runScriptAsRawText(ScriptEngine.java:108)
	at com.kms.katalon.core.main.TestCaseExecutor.runScript(TestCaseExecutor.java:294)
	at com.kms.katalon.core.main.TestCaseExecutor.doExecute(TestCaseExecutor.java:285)
	at com.kms.katalon.core.main.TestCaseExecutor.processExecutionPhase(TestCaseExecutor.java:264)
	at com.kms.katalon.core.main.TestCaseExecutor.accessMainPhase(TestCaseExecutor.java:256)
	at com.kms.katalon.core.main.TestCaseExecutor.execute(TestCaseExecutor.java:200)
	at com.kms.katalon.core.main.TestSuiteExecutor.accessTestCaseMainPhase(TestSuiteExecutor.java:129)
	at com.kms.katalon.core.main.TestSuiteExecutor.accessTestSuiteMainPhase(TestSuiteExecutor.java:112)
	at com.kms.katalon.core.main.TestSuiteExecutor.execute(TestSuiteExecutor.java:81)
	at com.kms.katalon.core.main.TestCaseMain.startTestSuite(TestCaseMain.java:142)
	at com.kms.katalon.core.main.TestCaseMain$startTestSuite$0.call(Unknown Source)
	at org.codehaus.groovy.runtime.callsite.CallSiteArray.defaultCall(CallSiteArray.java:48)
	at org.codehaus.groovy.runtime.callsite.AbstractCallSite.call(AbstractCallSite.java:113)
	at org.codehaus.groovy.runtime.callsite.AbstractCallSite.call(AbstractCallSite.java:141)
	at TempTestSuite1536785103509.run(TempTestSuite1536785103509.groovy:36)
	at groovy.lang.GroovyShell.runScriptOrMainOrTestOrRunnable(GroovyShell.java:263)
	at groovy.lang.GroovyShell.run(GroovyShell.java:518)
	at groovy.lang.GroovyShell.run(GroovyShell.java:507)
	at groovy.ui.GroovyMain.processOnce(GroovyMain.java:653)
	at groovy.ui.GroovyMain.run(GroovyMain.java:384)
	at groovy.ui.GroovyMain.process(GroovyMain.java:370)
	at groovy.ui.GroovyMain.processArgs(GroovyMain.java:129)
	at groovy.ui.GroovyMain.main(GroovyMain.java:109)
	at sun.reflect.NativeMethodAccessorImpl.invoke0(Native Method)
	at sun.reflect.NativeMethodAccessorImpl.invoke(NativeMethodAccessorImpl.java:62)
	at sun.reflect.DelegatingMethodAccessorImpl.invoke(DelegatingMethodAccessorImpl.java:43)
	at java.lang.reflect.Method.invoke(Method.java:498)
	at org.codehaus.groovy.tools.GroovyStarter.rootLoader(GroovyStarter.java:109)
	at org.codehaus.groovy.tools.GroovyStarter.main(GroovyStarter.java:131)
)]]></system-out>
      <system-err><![CDATA[2018-09-12 13:45:04 - [TEST_SUITE][FAILED] - Transactions: Test Cases/Maven/Individual Test Cases/Transactions/VerifyColumnFilterReset FAILED because (of) (Stack trace: com.kms.katalon.core.exception.StepFailedException: Unable to click on object (Root cause: java.lang.IllegalArgumentException: Object is null)
	at com.kms.katalon.core.keyword.internal.KeywordMain.stepFailed(KeywordMain.groovy:36)
	at com.kms.katalon.core.webui.keyword.internal.WebUIKeywordMain.stepFailed(WebUIKeywordMain.groovy:65)
	at com.kms.katalon.core.webui.keyword.internal.WebUIKeywordMain.runKeyword(WebUIKeywordMain.groovy:27)
	at com.kms.katalon.core.webui.keyword.builtin.ClickKeyword.click(ClickKeyword.groovy:86)
	at com.kms.katalon.core.webui.keyword.builtin.ClickKeyword.execute(ClickKeyword.groovy:67)
	at com.kms.katalon.core.keyword.internal.KeywordExecutor.executeKeywordForPlatform(KeywordExecutor.groovy:53)
	at com.kms.katalon.core.webui.keyword.WebUiBuiltInKeywords.click(WebUiBuiltInKeywords.groovy:616)
	at com.kms.katalon.core.webui.keyword.WebUiBuiltInKeywords$click$4.call(Unknown Source)
	at org.codehaus.groovy.runtime.callsite.CallSiteArray.defaultCall(CallSiteArray.java:48)
	at org.codehaus.groovy.runtime.callsite.AbstractCallSite.call(AbstractCallSite.java:113)
	at org.codehaus.groovy.runtime.callsite.AbstractCallSite.call(AbstractCallSite.java:125)
	at Script1536353781214.run(Script1536353781214.groovy:43)
	at com.kms.katalon.core.main.ScriptEngine.run(ScriptEngine.java:183)
	at com.kms.katalon.core.main.ScriptEngine.runScriptAsRawText(ScriptEngine.java:108)
	at com.kms.katalon.core.main.TestCaseExecutor.runScript(TestCaseExecutor.java:294)
	at com.kms.katalon.core.main.TestCaseExecutor.doExecute(TestCaseExecutor.java:285)
	at com.kms.katalon.core.main.TestCaseExecutor.processExecutionPhase(TestCaseExecutor.java:264)
	at com.kms.katalon.core.main.TestCaseExecutor.accessMainPhase(TestCaseExecutor.java:256)
	at com.kms.katalon.core.main.TestCaseExecutor.execute(TestCaseExecutor.java:200)
	at com.kms.katalon.core.main.TestSuiteExecutor.accessTestCaseMainPhase(TestSuiteExecutor.java:129)
	at com.kms.katalon.core.main.TestSuiteExecutor.accessTestSuiteMainPhase(TestSuiteExecutor.java:112)
	at com.kms.katalon.core.main.TestSuiteExecutor.execute(TestSuiteExecutor.java:81)
	at com.kms.katalon.core.main.TestCaseMain.startTestSuite(TestCaseMain.java:142)
	at com.kms.katalon.core.main.TestCaseMain$startTestSuite$0.call(Unknown Source)
	at org.codehaus.groovy.runtime.callsite.CallSiteArray.defaultCall(CallSiteArray.java:48)
	at org.codehaus.groovy.runtime.callsite.AbstractCallSite.call(AbstractCallSite.java:113)
	at org.codehaus.groovy.runtime.callsite.AbstractCallSite.call(AbstractCallSite.java:141)
	at TempTestSuite1536785103509.run(TempTestSuite1536785103509.groovy:36)
	at groovy.lang.GroovyShell.runScriptOrMainOrTestOrRunnable(GroovyShell.java:263)
	at groovy.lang.GroovyShell.run(GroovyShell.java:518)
	at groovy.lang.GroovyShell.run(GroovyShell.java:507)
	at groovy.ui.GroovyMain.processOnce(GroovyMain.java:653)
	at groovy.ui.GroovyMain.run(GroovyMain.java:384)
	at groovy.ui.GroovyMain.process(GroovyMain.java:370)
	at groovy.ui.GroovyMain.processArgs(GroovyMain.java:129)
	at groovy.ui.GroovyMain.main(GroovyMain.java:109)
	at sun.reflect.NativeMethodAccessorImpl.invoke0(Native Method)
	at sun.reflect.NativeMethodAccessorImpl.invoke(NativeMethodAccessorImpl.java:62)
	at sun.reflect.DelegatingMethodAccessorImpl.invoke(DelegatingMethodAccessorImpl.java:43)
	at java.lang.reflect.Method.invoke(Method.java:498)
	at org.codehaus.groovy.tools.GroovyStarter.rootLoader(GroovyStarter.java:109)
	at org.codehaus.groovy.tools.GroovyStarter.main(GroovyStarter.java:131)
)]]></system-err>
   </testsuite>
</testsuites>
