<?xml version="1.0" encoding="UTF-8"?>
<testsuites name="Transactions" time="285" tests="9" failures="2" errors="1">
   <testsuite name="Transactions" tests="9" failures="2" errors="1" time="285" timestamp="2018-09-14 15:08:51" hostname="bpasupuleti - 192.168.5.137" id="Test Suites/Transactions">
      <properties>
         <property name="deviceName" value=""/>
         <property name="devicePlatform" value=""/>
         <property name="logFolder" value="/Users/bpasupuleti/Katalon Studio/MavenTransactions/Reports/Transactions/20180914_150850"/>
         <property name="logFiles" value="/Users/bpasupuleti/Katalon Studio/MavenTransactions/Reports/Transactions/20180914_150850/execution0.log"/>
         <property name="attachments" value="/Users/bpasupuleti/Katalon Studio/MavenTransactions/Reports/Transactions/20180914_150850/1536963017207.png, /Users/bpasupuleti/Katalon Studio/MavenTransactions/Reports/Transactions/20180914_150850/1536963017767.png, /Users/bpasupuleti/Katalon Studio/MavenTransactions/Reports/Transactions/20180914_150850/1536963147422.png, /Users/bpasupuleti/Katalon Studio/MavenTransactions/Reports/Transactions/20180914_150850/1536963148062.png"/>
         <property name="hostName" value="bpasupuleti - 192.168.5.137"/>
         <property name="os" value="Mac OS X 64bit"/>
         <property name="katalonVersion" value="5.7.0.1"/>
         <property name="browser" value="Chrome 68.0.3440.106"/>
         <property name="hostAddress" value="192.168.5.137"/>
         <property name="sessionId" value="f8263242771aad1e38a795ac526f6614"/>
         <property name="seleniumVersion" value="3.7.1"/>
         <property name="proxyInformation" value="ProxyInformation{proxyOption=NO_PROXY, proxyServerType=HTTP, password=, proxyServerAddress=, proxyServerPort=0}"/>
         <property name="platform" value="Mac OS X"/>
      </properties>
      <testcase name="Test Cases/Maven/Individual Test Cases/Transactions/ClickOnTransactionsandValidate" classname="Test Cases/Maven/Individual Test Cases/Transactions/ClickOnTransactionsandValidate" status="PASSED">
         <system-out><![CDATA[2018-09-14 15:08:51 - [TEST_CASE][PASSED] - Test Cases/Maven/Individual Test Cases/Transactions/ClickOnTransactionsandValidate: Test Cases/Maven/Individual Test Cases/Transactions/ClickOnTransactionsandValidate

2018-09-14 15:08:51 - [TEST_STEP][PASSED] - openBrowser: Browser is opened with url: ''

2018-09-14 15:08:53 - [MESSAGE][PASSED] - Browser is opened with url: ''

2018-09-14 15:08:53 - [TEST_STEP][PASSED] - maximizeWindow: Current window maximized

2018-09-14 15:08:53 - [MESSAGE][PASSED] - Current window maximized

2018-09-14 15:08:53 - [TEST_STEP][PASSED] - navigateToUrl: Navigate to 'https://maven-staging.gravity-aws.com' successfully

2018-09-14 15:08:53 - [MESSAGE][WARNING] - Test object with id 'Object Repository/Page_ChargeItPro Merchant Portal - Users tab/div_tester1' does not exist

2018-09-14 15:08:53 - [MESSAGE][WARNING] - Test object with id 'Object Repository/Page_ChargeItPro Dashboard/div_ChargeItPro Kathys Company' does not exist

2018-09-14 15:08:53 - [MESSAGE][WARNING] - Test object with id 'Object Repository/Page_ChargeItPro Merchant Portal - Users tab/div_tester1' does not exist

2018-09-14 15:08:53 - [MESSAGE][WARNING] - Test object with id 'Object Repository/Page_ChargeItPro Dashboard/div_ChargeItPro Kathys Company' does not exist

2018-09-14 15:08:53 - [MESSAGE][WARNING] - Test object with id 'Object Repository/Page_ChargeItPro Merchant Portal - Users tab/div_tester1' does not exist

2018-09-14 15:08:53 - [MESSAGE][WARNING] - Test object with id 'Object Repository/Page_ChargeItPro Dashboard/div_ChargeItPro Kathys Company' does not exist

2018-09-14 15:08:53 - [MESSAGE][WARNING] - Test object with id 'Object Repository/Page_ChargeItPro Merchant Portal - Users tab/div_tester1' does not exist

2018-09-14 15:08:53 - [MESSAGE][WARNING] - Test object with id 'Object Repository/Page_ChargeItPro Dashboard/div_ChargeItPro Kathys Company' does not exist

2018-09-14 15:08:53 - [MESSAGE][WARNING] - Test object with id 'Object Repository/Page_ChargeItPro Merchant Portal - Users tab/div_tester1' does not exist

2018-09-14 15:08:53 - [MESSAGE][WARNING] - Test object with id 'Object Repository/Page_ChargeItPro Dashboard/div_ChargeItPro Kathys Company' does not exist

2018-09-14 15:08:53 - [MESSAGE][WARNING] - Test object with id 'Object Repository/Page_ChargeItPro Merchant Portal - Users tab/div_tester1' does not exist

2018-09-14 15:08:53 - [MESSAGE][WARNING] - Test object with id 'Object Repository/Page_ChargeItPro Dashboard/div_ChargeItPro Kathys Company' does not exist

2018-09-14 15:08:58 - [MESSAGE][PASSED] - Navigate to 'https://maven-staging.gravity-aws.com' successfully

2018-09-14 15:08:58 - [TEST_STEP][PASSED] - waitForElementPresent: Object 'Object Repository/Transactions/input_email' is present

2018-09-14 15:08:58 - [MESSAGE][PASSED] - Object 'Object Repository/Transactions/input_email' is present

2018-09-14 15:08:58 - [TEST_STEP][PASSED] - setText: Text 'bpasupuleti@gravitypayments.com' is set on object 'Object Repository/Transactions/input_email'

2018-09-14 15:08:59 - [MESSAGE][PASSED] - Text 'bpasupuleti@gravitypayments.com' is set on object 'Object Repository/Transactions/input_email'

2018-09-14 15:08:59 - [TEST_STEP][PASSED] - setText: Text 'Gravity@123' is set on object 'Object Repository/Maven Login/input_password'

2018-09-14 15:08:59 - [MESSAGE][PASSED] - Text 'Gravity@123' is set on object 'Object Repository/Maven Login/input_password'

2018-09-14 15:08:59 - [TEST_STEP][PASSED] - click: Object: 'Object Repository/Transactions/span_Login exit_to_app' is clicked on

2018-09-14 15:08:59 - [MESSAGE][PASSED] - Object: 'Object Repository/Transactions/span_Login exit_to_app' is clicked on

2018-09-14 15:08:59 - [TEST_STEP][PASSED] - selectOptionByValue: All options with value 'development' are selected in object 'Object Repository/Transactions/select_DevelopmentProduction'  using regular expression

2018-09-14 15:09:05 - [MESSAGE][PASSED] - All options with value 'development' are selected in object 'Object Repository/Transactions/select_DevelopmentProduction'  using regular expression

2018-09-14 15:09:05 - [TEST_STEP][PASSED] - waitForElementPresent: Object 'Object Repository/Transactions/select_DevelopmentProduction' is present

2018-09-14 15:09:05 - [MESSAGE][PASSED] - Object 'Object Repository/Transactions/select_DevelopmentProduction' is present

2018-09-14 15:09:05 - [TEST_STEP][PASSED] - click: Object: 'Object Repository/Transactions/span_Transactions' is clicked on

2018-09-14 15:09:05 - [MESSAGE][PASSED] - Object: 'Object Repository/Transactions/span_Transactions' is clicked on

2018-09-14 15:09:05 - [TEST_STEP][PASSED] - click: Object: 'Object Repository/Transactions/span_All Transactions' is clicked on

2018-09-14 15:09:05 - [MESSAGE][PASSED] - Object: 'Object Repository/Transactions/span_All Transactions' is clicked on

2018-09-14 15:09:05 - [TEST_STEP][PASSED] - verifyElementPresent: Object 'Object Repository/Transactions/span_All Transactions' is present

2018-09-14 15:09:05 - [MESSAGE][PASSED] - Object 'Object Repository/Transactions/span_All Transactions' is present

2018-09-14 15:09:05 - [TEST_STEP][PASSED] - closeBrowser: Browser is closed

2018-09-14 15:09:05 - [MESSAGE][PASSED] - Browser is closed]]></system-out>
         <system-err><![CDATA[]]></system-err>
      </testcase>
      <testcase name="Test Cases/Maven/Individual Test Cases/Transactions/VerifyApprovalCodeinTransactionSummary" classname="Test Cases/Maven/Individual Test Cases/Transactions/VerifyApprovalCodeinTransactionSummary" status="PASSED">
         <system-out><![CDATA[2018-09-14 15:09:05 - [TEST_CASE][PASSED] - Test Cases/Maven/Individual Test Cases/Transactions/VerifyApprovalCodeinTransactionSummary: Test Cases/Maven/Individual Test Cases/Transactions/VerifyApprovalCodeinTransactionSummary

2018-09-14 15:09:05 - [TEST_STEP][PASSED] - openBrowser: Browser is opened with url: ''

2018-09-14 15:09:06 - [MESSAGE][PASSED] - Browser is opened with url: ''

2018-09-14 15:09:06 - [TEST_STEP][PASSED] - maximizeWindow: Current window maximized

2018-09-14 15:09:06 - [MESSAGE][PASSED] - Current window maximized

2018-09-14 15:09:06 - [TEST_STEP][PASSED] - navigateToUrl: Navigate to 'https://maven-staging.gravity-aws.com' successfully

2018-09-14 15:09:08 - [MESSAGE][PASSED] - Navigate to 'https://maven-staging.gravity-aws.com' successfully

2018-09-14 15:09:08 - [TEST_STEP][PASSED] - waitForElementPresent: Object 'Object Repository/Transactions/input_email' is present

2018-09-14 15:09:08 - [MESSAGE][PASSED] - Object 'Object Repository/Transactions/input_email' is present

2018-09-14 15:09:08 - [TEST_STEP][PASSED] - setText: Text 'bpasupuleti@gravitypayments.com' is set on object 'Object Repository/Transactions/input_email'

2018-09-14 15:09:08 - [MESSAGE][PASSED] - Text 'bpasupuleti@gravitypayments.com' is set on object 'Object Repository/Transactions/input_email'

2018-09-14 15:09:08 - [TEST_STEP][PASSED] - setText: Text 'Gravity@123' is set on object 'Object Repository/Maven Login/input_password'

2018-09-14 15:09:08 - [MESSAGE][PASSED] - Text 'Gravity@123' is set on object 'Object Repository/Maven Login/input_password'

2018-09-14 15:09:08 - [TEST_STEP][PASSED] - click: Object: 'Object Repository/Transactions/span_Login exit_to_app' is clicked on

2018-09-14 15:09:08 - [MESSAGE][PASSED] - Object: 'Object Repository/Transactions/span_Login exit_to_app' is clicked on

2018-09-14 15:09:08 - [TEST_STEP][PASSED] - selectOptionByValue: All options with value 'development' are selected in object 'Object Repository/Transactions/select_DevelopmentProduction'  using regular expression

2018-09-14 15:09:12 - [MESSAGE][PASSED] - All options with value 'development' are selected in object 'Object Repository/Transactions/select_DevelopmentProduction'  using regular expression

2018-09-14 15:09:12 - [TEST_STEP][PASSED] - waitForElementPresent: Object 'Object Repository/Transactions/select_DevelopmentProduction' is present

2018-09-14 15:09:12 - [MESSAGE][PASSED] - Object 'Object Repository/Transactions/select_DevelopmentProduction' is present

2018-09-14 15:09:12 - [TEST_STEP][PASSED] - click: Object: 'Object Repository/Transactions/span_Transactions' is clicked on

2018-09-14 15:09:12 - [MESSAGE][PASSED] - Object: 'Object Repository/Transactions/span_Transactions' is clicked on

2018-09-14 15:09:12 - [TEST_STEP][PASSED] - click: Object: 'Object Repository/Transactions/span_All Transactions' is clicked on

2018-09-14 15:09:12 - [MESSAGE][PASSED] - Object: 'Object Repository/Transactions/span_All Transactions' is clicked on

2018-09-14 15:09:12 - [TEST_STEP][PASSED] - verifyElementPresent: Object 'Object Repository/Transactions/span_All Transactions' is present

2018-09-14 15:09:12 - [MESSAGE][PASSED] - Object 'Object Repository/Transactions/span_All Transactions' is present

2018-09-14 15:09:12 - [TEST_STEP][PASSED] - click: Object: 'Object Repository/Transactions/div_Approvalalert' is clicked on

2018-09-14 15:09:14 - [MESSAGE][PASSED] - Object: 'Object Repository/Transactions/div_Approvalalert' is clicked on

2018-09-14 15:09:14 - [TEST_STEP][PASSED] - waitForElementPresent: Object 'Object Repository/Transactions/h4_Transaction summary' is present

2018-09-14 15:09:14 - [MESSAGE][PASSED] - Object 'Object Repository/Transactions/h4_Transaction summary' is present

2018-09-14 15:09:14 - [TEST_STEP][PASSED] - verifyElementPresent: Object 'Object Repository/Transactions/span_Location Info' is present

2018-09-14 15:09:14 - [MESSAGE][PASSED] - Object 'Object Repository/Transactions/span_Location Info' is present

2018-09-14 15:09:14 - [TEST_STEP][PASSED] - verifyElementPresent: Object 'Object Repository/Transactions/small_Total' is present

2018-09-14 15:09:14 - [MESSAGE][PASSED] - Object 'Object Repository/Transactions/small_Total' is present

2018-09-14 15:09:14 - [TEST_STEP][PASSED] - verifyElementPresent: Object 'Object Repository/Transactions/span_Result Detail' is present

2018-09-14 15:09:14 - [MESSAGE][PASSED] - Object 'Object Repository/Transactions/span_Result Detail' is present

2018-09-14 15:09:14 - [TEST_STEP][PASSED] - verifyElementPresent: Object 'Object Repository/Transactions/p_Type CreditSale' is present

2018-09-14 15:09:14 - [MESSAGE][PASSED] - Object 'Object Repository/Transactions/p_Type CreditSale' is present

2018-09-14 15:09:14 - [TEST_STEP][PASSED] - verifyElementPresent: Object 'Object Repository/Transactions/h4_Transaction summary' is present

2018-09-14 15:09:14 - [MESSAGE][PASSED] - Object 'Object Repository/Transactions/h4_Transaction summary' is present

2018-09-14 15:09:14 - [TEST_STEP][PASSED] - verifyElementPresent: Object 'Object Repository/Transactions/p_Sale  0.01' is present

2018-09-14 15:09:14 - [MESSAGE][PASSED] - Object 'Object Repository/Transactions/p_Sale  0.01' is present

2018-09-14 15:09:14 - [TEST_STEP][PASSED] - verifyElementPresent: Object 'Object Repository/Transactions/small_Approval' is present

2018-09-14 15:09:14 - [MESSAGE][PASSED] - Object 'Object Repository/Transactions/small_Approval' is present

2018-09-14 15:09:14 - [TEST_STEP][PASSED] - verifyElementPresent: Object 'Object Repository/Transactions/button_receiptReceipt Preview' is present

2018-09-14 15:09:14 - [MESSAGE][PASSED] - Object 'Object Repository/Transactions/button_receiptReceipt Preview' is present

2018-09-14 15:09:14 - [TEST_STEP][PASSED] - closeBrowser: Browser is closed

2018-09-14 15:09:14 - [MESSAGE][PASSED] - Browser is closed]]></system-out>
         <system-err><![CDATA[]]></system-err>
      </testcase>
      <testcase name="Test Cases/Maven/Individual Test Cases/Transactions/VerifyColumnFilter" classname="Test Cases/Maven/Individual Test Cases/Transactions/VerifyColumnFilter" status="PASSED">
         <system-out><![CDATA[2018-09-14 15:09:14 - [TEST_CASE][PASSED] - Test Cases/Maven/Individual Test Cases/Transactions/VerifyColumnFilter: Test Cases/Maven/Individual Test Cases/Transactions/VerifyColumnFilter

2018-09-14 15:09:14 - [TEST_STEP][PASSED] - openBrowser: Browser is opened with url: ''

2018-09-14 15:09:15 - [MESSAGE][PASSED] - Browser is opened with url: ''

2018-09-14 15:09:15 - [TEST_STEP][PASSED] - maximizeWindow: Current window maximized

2018-09-14 15:09:15 - [MESSAGE][PASSED] - Current window maximized

2018-09-14 15:09:15 - [TEST_STEP][PASSED] - navigateToUrl: Navigate to 'https://maven-staging.gravity-aws.com' successfully

2018-09-14 15:09:17 - [MESSAGE][PASSED] - Navigate to 'https://maven-staging.gravity-aws.com' successfully

2018-09-14 15:09:17 - [TEST_STEP][PASSED] - waitForElementPresent: Object 'Object Repository/Transactions/input_email' is present

2018-09-14 15:09:17 - [MESSAGE][PASSED] - Object 'Object Repository/Transactions/input_email' is present

2018-09-14 15:09:17 - [TEST_STEP][PASSED] - setText: Text 'bpasupuleti@gravitypayments.com' is set on object 'Object Repository/Transactions/input_email'

2018-09-14 15:09:17 - [MESSAGE][PASSED] - Text 'bpasupuleti@gravitypayments.com' is set on object 'Object Repository/Transactions/input_email'

2018-09-14 15:09:17 - [TEST_STEP][PASSED] - setText: Text 'Gravity@123' is set on object 'Object Repository/Maven Login/input_password'

2018-09-14 15:09:17 - [MESSAGE][PASSED] - Text 'Gravity@123' is set on object 'Object Repository/Maven Login/input_password'

2018-09-14 15:09:17 - [TEST_STEP][PASSED] - click: Object: 'Object Repository/Transactions/span_Login exit_to_app' is clicked on

2018-09-14 15:09:17 - [MESSAGE][PASSED] - Object: 'Object Repository/Transactions/span_Login exit_to_app' is clicked on

2018-09-14 15:09:17 - [TEST_STEP][PASSED] - waitForElementPresent: Object 'Object Repository/Transactions/select_DevelopmentProduction' is present

2018-09-14 15:09:22 - [MESSAGE][PASSED] - Object 'Object Repository/Transactions/select_DevelopmentProduction' is present

2018-09-14 15:09:22 - [TEST_STEP][PASSED] - selectOptionByValue: All options with value 'development' are selected in object 'Object Repository/Transactions/select_DevelopmentProduction'  using regular expression

2018-09-14 15:09:22 - [MESSAGE][PASSED] - All options with value 'development' are selected in object 'Object Repository/Transactions/select_DevelopmentProduction'  using regular expression

2018-09-14 15:09:22 - [TEST_STEP][PASSED] - waitForElementPresent: Object 'Object Repository/Transactions/select_DevelopmentProduction' is present

2018-09-14 15:09:22 - [MESSAGE][PASSED] - Object 'Object Repository/Transactions/select_DevelopmentProduction' is present

2018-09-14 15:09:22 - [TEST_STEP][PASSED] - click: Object: 'Object Repository/Transactions/span_Transactions' is clicked on

2018-09-14 15:09:22 - [MESSAGE][PASSED] - Object: 'Object Repository/Transactions/span_Transactions' is clicked on

2018-09-14 15:09:22 - [TEST_STEP][PASSED] - click: Object: 'Object Repository/Transactions/span_All Transactions' is clicked on

2018-09-14 15:09:22 - [MESSAGE][PASSED] - Object: 'Object Repository/Transactions/span_All Transactions' is clicked on

2018-09-14 15:09:22 - [TEST_STEP][PASSED] - verifyElementPresent: Object 'Object Repository/Transactions/span_All Transactions' is present

2018-09-14 15:09:22 - [MESSAGE][PASSED] - Object 'Object Repository/Transactions/span_All Transactions' is present

2018-09-14 15:09:22 - [TEST_STEP][PASSED] - click: Object: 'Object Repository/Transactions/span_Column' is clicked on

2018-09-14 15:09:22 - [MESSAGE][PASSED] - Object: 'Object Repository/Transactions/span_Column' is clicked on

2018-09-14 15:09:22 - [TEST_STEP][PASSED] - click: Object: 'Object Repository/Transactions/button_Reset to Default' is clicked on

2018-09-14 15:09:22 - [MESSAGE][PASSED] - Object: 'Object Repository/Transactions/button_Reset to Default' is clicked on

2018-09-14 15:09:22 - [TEST_STEP][PASSED] - click: Object: 'Object Repository/Transactions/li_Type' is clicked on

2018-09-14 15:09:22 - [MESSAGE][PASSED] - Object: 'Object Repository/Transactions/li_Type' is clicked on

2018-09-14 15:09:22 - [TEST_STEP][PASSED] - click: Object: 'Object Repository/Transactions/i_keyboard_arrow_right' is clicked on

2018-09-14 15:09:22 - [MESSAGE][PASSED] - Object: 'Object Repository/Transactions/i_keyboard_arrow_right' is clicked on

2018-09-14 15:09:22 - [TEST_STEP][PASSED] - waitForElementPresent: Object 'Object Repository/Transactions/li_Name' is present

2018-09-14 15:09:22 - [MESSAGE][PASSED] - Object 'Object Repository/Transactions/li_Name' is present

2018-09-14 15:09:22 - [TEST_STEP][PASSED] - click: Object: 'Object Repository/Transactions/li_Name' is clicked on

2018-09-14 15:09:23 - [MESSAGE][PASSED] - Object: 'Object Repository/Transactions/li_Name' is clicked on

2018-09-14 15:09:23 - [TEST_STEP][PASSED] - verifyElementPresent: Object 'Object Repository/Transactions/i_keyboard_arrow_right' is present

2018-09-14 15:09:23 - [MESSAGE][PASSED] - Object 'Object Repository/Transactions/i_keyboard_arrow_right' is present

2018-09-14 15:09:23 - [TEST_STEP][PASSED] - click: Object: 'Object Repository/Transactions/i_keyboard_arrow_right' is clicked on

2018-09-14 15:09:23 - [MESSAGE][PASSED] - Object: 'Object Repository/Transactions/i_keyboard_arrow_right' is clicked on

2018-09-14 15:09:23 - [TEST_STEP][PASSED] - click: Object: 'Object Repository/Transactions/button_Apply (1)' is clicked on

2018-09-14 15:09:23 - [MESSAGE][PASSED] - Object: 'Object Repository/Transactions/button_Apply (1)' is clicked on

2018-09-14 15:09:23 - [TEST_STEP][PASSED] - verifyElementPresent: Object 'Object Repository/Transactions/div_Type' is present

2018-09-14 15:09:23 - [MESSAGE][PASSED] - Object 'Object Repository/Transactions/div_Type' is present

2018-09-14 15:09:23 - [TEST_STEP][PASSED] - verifyElementPresent: Object 'Object Repository/Transactions/div_Name' is present

2018-09-14 15:09:23 - [MESSAGE][PASSED] - Object 'Object Repository/Transactions/div_Name' is present

2018-09-14 15:09:23 - [TEST_STEP][PASSED] - closeBrowser: Browser is closed

2018-09-14 15:09:23 - [MESSAGE][PASSED] - Browser is closed]]></system-out>
         <system-err><![CDATA[]]></system-err>
      </testcase>
      <testcase name="Test Cases/Maven/Individual Test Cases/Transactions/VerifyColumnFilterReset" classname="Test Cases/Maven/Individual Test Cases/Transactions/VerifyColumnFilterReset" status="PASSED">
         <system-out><![CDATA[2018-09-14 15:09:23 - [TEST_CASE][PASSED] - Test Cases/Maven/Individual Test Cases/Transactions/VerifyColumnFilterReset: Test Cases/Maven/Individual Test Cases/Transactions/VerifyColumnFilterReset

2018-09-14 15:09:23 - [TEST_STEP][PASSED] - openBrowser: Browser is opened with url: ''

2018-09-14 15:09:23 - [MESSAGE][PASSED] - Browser is opened with url: ''

2018-09-14 15:09:23 - [TEST_STEP][PASSED] - maximizeWindow: Current window maximized

2018-09-14 15:09:24 - [MESSAGE][PASSED] - Current window maximized

2018-09-14 15:09:24 - [TEST_STEP][PASSED] - navigateToUrl: Navigate to 'https://maven-staging.gravity-aws.com' successfully

2018-09-14 15:09:26 - [MESSAGE][PASSED] - Navigate to 'https://maven-staging.gravity-aws.com' successfully

2018-09-14 15:09:26 - [TEST_STEP][PASSED] - waitForElementPresent: Object 'Object Repository/Transactions/input_email' is present

2018-09-14 15:09:26 - [MESSAGE][PASSED] - Object 'Object Repository/Transactions/input_email' is present

2018-09-14 15:09:26 - [TEST_STEP][PASSED] - setText: Text 'bpasupuleti@gravitypayments.com' is set on object 'Object Repository/Transactions/input_email'

2018-09-14 15:09:26 - [MESSAGE][PASSED] - Text 'bpasupuleti@gravitypayments.com' is set on object 'Object Repository/Transactions/input_email'

2018-09-14 15:09:26 - [TEST_STEP][PASSED] - setText: Text 'Gravity@123' is set on object 'Object Repository/Maven Login/input_password'

2018-09-14 15:09:26 - [MESSAGE][PASSED] - Text 'Gravity@123' is set on object 'Object Repository/Maven Login/input_password'

2018-09-14 15:09:26 - [TEST_STEP][PASSED] - click: Object: 'Object Repository/Transactions/span_Login exit_to_app' is clicked on

2018-09-14 15:09:26 - [MESSAGE][PASSED] - Object: 'Object Repository/Transactions/span_Login exit_to_app' is clicked on

2018-09-14 15:09:26 - [TEST_STEP][PASSED] - selectOptionByValue: All options with value 'development' are selected in object 'Object Repository/Transactions/select_DevelopmentProduction'  using regular expression

2018-09-14 15:09:30 - [MESSAGE][PASSED] - All options with value 'development' are selected in object 'Object Repository/Transactions/select_DevelopmentProduction'  using regular expression

2018-09-14 15:09:30 - [TEST_STEP][PASSED] - waitForElementPresent: Object 'Object Repository/Transactions/select_DevelopmentProduction' is present

2018-09-14 15:09:30 - [MESSAGE][PASSED] - Object 'Object Repository/Transactions/select_DevelopmentProduction' is present

2018-09-14 15:09:30 - [TEST_STEP][PASSED] - click: Object: 'Object Repository/Transactions/span_Transactions' is clicked on

2018-09-14 15:09:31 - [MESSAGE][PASSED] - Object: 'Object Repository/Transactions/span_Transactions' is clicked on

2018-09-14 15:09:31 - [TEST_STEP][PASSED] - click: Object: 'Object Repository/Transactions/span_All Transactions' is clicked on

2018-09-14 15:09:31 - [MESSAGE][PASSED] - Object: 'Object Repository/Transactions/span_All Transactions' is clicked on

2018-09-14 15:09:31 - [TEST_STEP][PASSED] - verifyElementPresent: Object 'Object Repository/Transactions/span_All Transactions' is present

2018-09-14 15:09:31 - [MESSAGE][PASSED] - Object 'Object Repository/Transactions/span_All Transactions' is present

2018-09-14 15:09:31 - [TEST_STEP][PASSED] - click: Object: 'Object Repository/Transactions/span_Column' is clicked on

2018-09-14 15:09:31 - [MESSAGE][PASSED] - Object: 'Object Repository/Transactions/span_Column' is clicked on

2018-09-14 15:09:31 - [TEST_STEP][PASSED] - click: Object: 'Object Repository/Transactions/button_Reset to Default' is clicked on

2018-09-14 15:09:31 - [MESSAGE][PASSED] - Object: 'Object Repository/Transactions/button_Reset to Default' is clicked on

2018-09-14 15:09:31 - [TEST_STEP][PASSED] - click: Object: 'Object Repository/Transactions/button_Apply (1)' is clicked on

2018-09-14 15:09:31 - [MESSAGE][PASSED] - Object: 'Object Repository/Transactions/button_Apply (1)' is clicked on

2018-09-14 15:09:31 - [TEST_STEP][PASSED] - verifyElementNotPresent: Web element with id: 'Object Repository/Transactions/div_Type' located by 'By.xpath: //div[(text() = 'Type' or . = 'Type')]' is not present after '20' second(s)

2018-09-14 15:09:31 - [MESSAGE][PASSED] - Web element with id: 'Object Repository/Transactions/div_Type' located by 'By.xpath: //div[(text() = 'Type' or . = 'Type')]' is not present after '20' second(s)

2018-09-14 15:09:31 - [TEST_STEP][PASSED] - verifyElementNotPresent: Web element with id: 'Object Repository/Transactions/div_Name' located by 'By.xpath: //div[(text() = 'Name' or . = 'Name')]' is not present after '20' second(s)

2018-09-14 15:09:31 - [MESSAGE][PASSED] - Web element with id: 'Object Repository/Transactions/div_Name' located by 'By.xpath: //div[(text() = 'Name' or . = 'Name')]' is not present after '20' second(s)

2018-09-14 15:09:31 - [TEST_STEP][PASSED] - closeBrowser: Browser is closed

2018-09-14 15:09:31 - [MESSAGE][PASSED] - Browser is closed]]></system-out>
         <system-err><![CDATA[]]></system-err>
      </testcase>
      <testcase name="Test Cases/Maven/Individual Test Cases/Transactions/VerifyTypeFilter" classname="Test Cases/Maven/Individual Test Cases/Transactions/VerifyTypeFilter" status="FAILED">
         <failure type="FAILED" message="(Stack trace: com.kms.katalon.core.exception.StepFailedException: Unable to verify object 'Object Repository/Transactions/p_Type CreditSale' is present (Root cause: com.kms.katalon.core.webui.exception.WebElementNotFoundException: Web element with id: 'Object Repository/Transactions/p_Type CreditSale' located by 'By.xpath: id(&quot;txn_summary2&quot;)/div[@class=&quot;col-sm-6 mb-4 tight order-sm-0&quot;]/p[4][count(. | //p[(text() = 'Type: CreditSale' or . = 'Type: CreditSale')]) = count(//p[(text() = 'Type: CreditSale' or . = 'Type: CreditSale')])]' not found)
	at com.kms.katalon.core.keyword.internal.KeywordMain.stepFailed(KeywordMain.groovy:36)
	at com.kms.katalon.core.webui.keyword.internal.WebUIKeywordMain.stepFailed(WebUIKeywordMain.groovy:65)
	at com.kms.katalon.core.webui.keyword.internal.WebUIKeywordMain.runKeyword(WebUIKeywordMain.groovy:27)
	at com.kms.katalon.core.webui.keyword.builtin.VerifyElementPresentKeyword.verifyElementPresent(VerifyElementPresentKeyword.groovy:92)
	at com.kms.katalon.core.webui.keyword.builtin.VerifyElementPresentKeyword.execute(VerifyElementPresentKeyword.groovy:68)
	at com.kms.katalon.core.keyword.internal.KeywordExecutor.executeKeywordForPlatform(KeywordExecutor.groovy:53)
	at com.kms.katalon.core.webui.keyword.WebUiBuiltInKeywords.verifyElementPresent(WebUiBuiltInKeywords.groovy:1434)
	at com.kms.katalon.core.webui.keyword.WebUiBuiltInKeywords$verifyElementPresent$6.call(Unknown Source)
	at org.codehaus.groovy.runtime.callsite.CallSiteArray.defaultCall(CallSiteArray.java:48)
	at org.codehaus.groovy.runtime.callsite.AbstractCallSite.call(AbstractCallSite.java:113)
	at org.codehaus.groovy.runtime.callsite.AbstractCallSite.call(AbstractCallSite.java:133)
	at Script1536602905664.run(Script1536602905664.groovy:56)
	at com.kms.katalon.core.main.ScriptEngine.run(ScriptEngine.java:183)
	at com.kms.katalon.core.main.ScriptEngine.runScriptAsRawText(ScriptEngine.java:108)
	at com.kms.katalon.core.main.TestCaseExecutor.runScript(TestCaseExecutor.java:294)
	at com.kms.katalon.core.main.TestCaseExecutor.doExecute(TestCaseExecutor.java:285)
	at com.kms.katalon.core.main.TestCaseExecutor.processExecutionPhase(TestCaseExecutor.java:264)
	at com.kms.katalon.core.main.TestCaseExecutor.accessMainPhase(TestCaseExecutor.java:256)
	at com.kms.katalon.core.main.TestCaseExecutor.execute(TestCaseExecutor.java:200)
	at com.kms.katalon.core.main.TestSuiteExecutor.accessTestCaseMainPhase(TestSuiteExecutor.java:129)
	at com.kms.katalon.core.main.TestSuiteExecutor.accessTestSuiteMainPhase(TestSuiteExecutor.java:112)
	at com.kms.katalon.core.main.TestSuiteExecutor.execute(TestSuiteExecutor.java:81)
	at com.kms.katalon.core.main.TestCaseMain.startTestSuite(TestCaseMain.java:142)
	at com.kms.katalon.core.main.TestCaseMain$startTestSuite$0.call(Unknown Source)
	at org.codehaus.groovy.runtime.callsite.CallSiteArray.defaultCall(CallSiteArray.java:48)
	at org.codehaus.groovy.runtime.callsite.AbstractCallSite.call(AbstractCallSite.java:113)
	at org.codehaus.groovy.runtime.callsite.AbstractCallSite.call(AbstractCallSite.java:141)
	at TempTestSuite1536962930242.run(TempTestSuite1536962930242.groovy:36)
	at groovy.lang.GroovyShell.runScriptOrMainOrTestOrRunnable(GroovyShell.java:263)
	at groovy.lang.GroovyShell.run(GroovyShell.java:518)
	at groovy.lang.GroovyShell.run(GroovyShell.java:507)
	at groovy.ui.GroovyMain.processOnce(GroovyMain.java:653)
	at groovy.ui.GroovyMain.run(GroovyMain.java:384)
	at groovy.ui.GroovyMain.process(GroovyMain.java:370)
	at groovy.ui.GroovyMain.processArgs(GroovyMain.java:129)
	at groovy.ui.GroovyMain.main(GroovyMain.java:109)
	at sun.reflect.NativeMethodAccessorImpl.invoke0(Native Method)
	at sun.reflect.NativeMethodAccessorImpl.invoke(NativeMethodAccessorImpl.java:62)
	at sun.reflect.DelegatingMethodAccessorImpl.invoke(DelegatingMethodAccessorImpl.java:43)
	at java.lang.reflect.Method.invoke(Method.java:498)
	at org.codehaus.groovy.tools.GroovyStarter.rootLoader(GroovyStarter.java:109)
	at org.codehaus.groovy.tools.GroovyStarter.main(GroovyStarter.java:131)
)"/>
         <system-out><![CDATA[2018-09-14 15:09:31 - [TEST_CASE][FAILED] - Test Cases/Maven/Individual Test Cases/Transactions/VerifyTypeFilter: Test Cases/Maven/Individual Test Cases/Transactions/VerifyTypeFilter FAILED because (of) (Stack trace: com.kms.katalon.core.exception.StepFailedException: Unable to verify object 'Object Repository/Transactions/p_Type CreditSale' is present (Root cause: com.kms.katalon.core.webui.exception.WebElementNotFoundException: Web element with id: 'Object Repository/Transactions/p_Type CreditSale' located by 'By.xpath: id("txn_summary2")/div[@class="col-sm-6 mb-4 tight order-sm-0"]/p[4][count(. | //p[(text() = 'Type: CreditSale' or . = 'Type: CreditSale')]) = count(//p[(text() = 'Type: CreditSale' or . = 'Type: CreditSale')])]' not found)
	at com.kms.katalon.core.keyword.internal.KeywordMain.stepFailed(KeywordMain.groovy:36)
	at com.kms.katalon.core.webui.keyword.internal.WebUIKeywordMain.stepFailed(WebUIKeywordMain.groovy:65)
	at com.kms.katalon.core.webui.keyword.internal.WebUIKeywordMain.runKeyword(WebUIKeywordMain.groovy:27)
	at com.kms.katalon.core.webui.keyword.builtin.VerifyElementPresentKeyword.verifyElementPresent(VerifyElementPresentKeyword.groovy:92)
	at com.kms.katalon.core.webui.keyword.builtin.VerifyElementPresentKeyword.execute(VerifyElementPresentKeyword.groovy:68)
	at com.kms.katalon.core.keyword.internal.KeywordExecutor.executeKeywordForPlatform(KeywordExecutor.groovy:53)
	at com.kms.katalon.core.webui.keyword.WebUiBuiltInKeywords.verifyElementPresent(WebUiBuiltInKeywords.groovy:1434)
	at com.kms.katalon.core.webui.keyword.WebUiBuiltInKeywords$verifyElementPresent$6.call(Unknown Source)
	at org.codehaus.groovy.runtime.callsite.CallSiteArray.defaultCall(CallSiteArray.java:48)
	at org.codehaus.groovy.runtime.callsite.AbstractCallSite.call(AbstractCallSite.java:113)
	at org.codehaus.groovy.runtime.callsite.AbstractCallSite.call(AbstractCallSite.java:133)
	at Script1536602905664.run(Script1536602905664.groovy:56)
	at com.kms.katalon.core.main.ScriptEngine.run(ScriptEngine.java:183)
	at com.kms.katalon.core.main.ScriptEngine.runScriptAsRawText(ScriptEngine.java:108)
	at com.kms.katalon.core.main.TestCaseExecutor.runScript(TestCaseExecutor.java:294)
	at com.kms.katalon.core.main.TestCaseExecutor.doExecute(TestCaseExecutor.java:285)
	at com.kms.katalon.core.main.TestCaseExecutor.processExecutionPhase(TestCaseExecutor.java:264)
	at com.kms.katalon.core.main.TestCaseExecutor.accessMainPhase(TestCaseExecutor.java:256)
	at com.kms.katalon.core.main.TestCaseExecutor.execute(TestCaseExecutor.java:200)
	at com.kms.katalon.core.main.TestSuiteExecutor.accessTestCaseMainPhase(TestSuiteExecutor.java:129)
	at com.kms.katalon.core.main.TestSuiteExecutor.accessTestSuiteMainPhase(TestSuiteExecutor.java:112)
	at com.kms.katalon.core.main.TestSuiteExecutor.execute(TestSuiteExecutor.java:81)
	at com.kms.katalon.core.main.TestCaseMain.startTestSuite(TestCaseMain.java:142)
	at com.kms.katalon.core.main.TestCaseMain$startTestSuite$0.call(Unknown Source)
	at org.codehaus.groovy.runtime.callsite.CallSiteArray.defaultCall(CallSiteArray.java:48)
	at org.codehaus.groovy.runtime.callsite.AbstractCallSite.call(AbstractCallSite.java:113)
	at org.codehaus.groovy.runtime.callsite.AbstractCallSite.call(AbstractCallSite.java:141)
	at TempTestSuite1536962930242.run(TempTestSuite1536962930242.groovy:36)
	at groovy.lang.GroovyShell.runScriptOrMainOrTestOrRunnable(GroovyShell.java:263)
	at groovy.lang.GroovyShell.run(GroovyShell.java:518)
	at groovy.lang.GroovyShell.run(GroovyShell.java:507)
	at groovy.ui.GroovyMain.processOnce(GroovyMain.java:653)
	at groovy.ui.GroovyMain.run(GroovyMain.java:384)
	at groovy.ui.GroovyMain.process(GroovyMain.java:370)
	at groovy.ui.GroovyMain.processArgs(GroovyMain.java:129)
	at groovy.ui.GroovyMain.main(GroovyMain.java:109)
	at sun.reflect.NativeMethodAccessorImpl.invoke0(Native Method)
	at sun.reflect.NativeMethodAccessorImpl.invoke(NativeMethodAccessorImpl.java:62)
	at sun.reflect.DelegatingMethodAccessorImpl.invoke(DelegatingMethodAccessorImpl.java:43)
	at java.lang.reflect.Method.invoke(Method.java:498)
	at org.codehaus.groovy.tools.GroovyStarter.rootLoader(GroovyStarter.java:109)
	at org.codehaus.groovy.tools.GroovyStarter.main(GroovyStarter.java:131)
)

2018-09-14 15:09:31 - [TEST_STEP][PASSED] - openBrowser: Browser is opened with url: ''

2018-09-14 15:09:32 - [MESSAGE][PASSED] - Browser is opened with url: ''

2018-09-14 15:09:32 - [TEST_STEP][PASSED] - maximizeWindow: Current window maximized

2018-09-14 15:09:32 - [MESSAGE][PASSED] - Current window maximized

2018-09-14 15:09:32 - [TEST_STEP][PASSED] - navigateToUrl: Navigate to 'https://maven-staging.gravity-aws.com' successfully

2018-09-14 15:09:36 - [MESSAGE][PASSED] - Navigate to 'https://maven-staging.gravity-aws.com' successfully

2018-09-14 15:09:36 - [TEST_STEP][PASSED] - waitForElementPresent: Object 'Object Repository/Transactions/input_email' is present

2018-09-14 15:09:36 - [MESSAGE][PASSED] - Object 'Object Repository/Transactions/input_email' is present

2018-09-14 15:09:36 - [TEST_STEP][PASSED] - setText: Text 'bpasupuleti@gravitypayments.com' is set on object 'Object Repository/Transactions/input_email'

2018-09-14 15:09:36 - [MESSAGE][PASSED] - Text 'bpasupuleti@gravitypayments.com' is set on object 'Object Repository/Transactions/input_email'

2018-09-14 15:09:36 - [TEST_STEP][PASSED] - setText: Text 'Gravity@123' is set on object 'Object Repository/Maven Login/input_password'

2018-09-14 15:09:36 - [MESSAGE][PASSED] - Text 'Gravity@123' is set on object 'Object Repository/Maven Login/input_password'

2018-09-14 15:09:36 - [TEST_STEP][PASSED] - click: Object: 'Object Repository/Transactions/span_Login exit_to_app' is clicked on

2018-09-14 15:09:37 - [MESSAGE][PASSED] - Object: 'Object Repository/Transactions/span_Login exit_to_app' is clicked on

2018-09-14 15:09:37 - [TEST_STEP][PASSED] - selectOptionByValue: All options with value 'development' are selected in object 'Object Repository/Transactions/select_DevelopmentProduction'  using regular expression

2018-09-14 15:09:42 - [MESSAGE][PASSED] - All options with value 'development' are selected in object 'Object Repository/Transactions/select_DevelopmentProduction'  using regular expression

2018-09-14 15:09:42 - [TEST_STEP][PASSED] - waitForElementPresent: Object 'Object Repository/Transactions/select_DevelopmentProduction' is present

2018-09-14 15:09:42 - [MESSAGE][PASSED] - Object 'Object Repository/Transactions/select_DevelopmentProduction' is present

2018-09-14 15:09:42 - [TEST_STEP][PASSED] - click: Object: 'Object Repository/Transactions/span_Transactions' is clicked on

2018-09-14 15:09:42 - [MESSAGE][PASSED] - Object: 'Object Repository/Transactions/span_Transactions' is clicked on

2018-09-14 15:09:42 - [TEST_STEP][PASSED] - click: Object: 'Object Repository/Transactions/span_All Transactions' is clicked on

2018-09-14 15:09:42 - [MESSAGE][PASSED] - Object: 'Object Repository/Transactions/span_All Transactions' is clicked on

2018-09-14 15:09:42 - [TEST_STEP][PASSED] - verifyElementPresent: Object 'Object Repository/Transactions/span_All Transactions' is present

2018-09-14 15:09:42 - [MESSAGE][PASSED] - Object 'Object Repository/Transactions/span_All Transactions' is present

2018-09-14 15:09:42 - [TEST_STEP][PASSED] - click: Object: 'Object Repository/Transactions/span_Type' is clicked on

2018-09-14 15:09:42 - [MESSAGE][PASSED] - Object: 'Object Repository/Transactions/span_Type' is clicked on

2018-09-14 15:09:42 - [TEST_STEP][PASSED] - click: Object: 'Object Repository/Transactions/span_Clear' is clicked on

2018-09-14 15:09:43 - [MESSAGE][PASSED] - Object: 'Object Repository/Transactions/span_Clear' is clicked on

2018-09-14 15:09:43 - [TEST_STEP][PASSED] - waitForElementPresent: Object 'Object Repository/Transactions/a_Credit Sale' is present

2018-09-14 15:09:43 - [MESSAGE][PASSED] - Object 'Object Repository/Transactions/a_Credit Sale' is present

2018-09-14 15:09:43 - [TEST_STEP][PASSED] - click: Object: 'Object Repository/Transactions/a_Credit Sale' is clicked on

2018-09-14 15:09:43 - [MESSAGE][PASSED] - Object: 'Object Repository/Transactions/a_Credit Sale' is clicked on

2018-09-14 15:09:43 - [TEST_STEP][PASSED] - waitForElementPresent: Object 'Object Repository/Transactions/span_Apply' is present

2018-09-14 15:09:43 - [MESSAGE][PASSED] - Object 'Object Repository/Transactions/span_Apply' is present

2018-09-14 15:09:43 - [TEST_STEP][PASSED] - click: Object: 'Object Repository/Transactions/span_Apply' is clicked on

2018-09-14 15:09:43 - [MESSAGE][PASSED] - Object: 'Object Repository/Transactions/span_Apply' is clicked on

2018-09-14 15:09:43 - [TEST_STEP][PASSED] - verifyElementPresent: Object 'Object Repository/Transactions/div_Approvalalert' is present

2018-09-14 15:09:45 - [MESSAGE][PASSED] - Object 'Object Repository/Transactions/div_Approvalalert' is present

2018-09-14 15:09:45 - [TEST_STEP][PASSED] - click: Object: 'Object Repository/Transactions/div_Approvalalert' is clicked on

2018-09-14 15:09:45 - [MESSAGE][PASSED] - Object: 'Object Repository/Transactions/div_Approvalalert' is clicked on

2018-09-14 15:09:45 - [TEST_STEP][FAILED] - verifyElementPresent: Unable to verify object 'Object Repository/Transactions/p_Type CreditSale' is present (Root cause: com.kms.katalon.core.webui.exception.WebElementNotFoundException: Web element with id: 'Object Repository/Transactions/p_Type CreditSale' located by 'By.xpath: id("txn_summary2")/div[@class="col-sm-6 mb-4 tight order-sm-0"]/p[4][count(. | //p[(text() = 'Type: CreditSale' or . = 'Type: CreditSale')]) = count(//p[(text() = 'Type: CreditSale' or . = 'Type: CreditSale')])]' not found)

2018-09-14 15:10:17 - [MESSAGE][FAILED] - com.kms.katalon.core.webui.exception.WebElementNotFoundException: Web element with id: 'Object Repository/Transactions/p_Type CreditSale' located by 'By.xpath: id("txn_summary2")/div[@class="col-sm-6 mb-4 tight order-sm-0"]/p[4][count(. | //p[(text() = 'Type: CreditSale' or . = 'Type: CreditSale')]) = count(//p[(text() = 'Type: CreditSale' or . = 'Type: CreditSale')])]' not found
[[ATTACHMENT|/Users/bpasupuleti/Katalon Studio/MavenTransactions/Reports/Transactions/20180914_150850/1536963017207.png]]

2018-09-14 15:10:18 - [MESSAGE][FAILED] - Unable to verify object 'Object Repository/Transactions/p_Type CreditSale' is present (Root cause: com.kms.katalon.core.webui.exception.WebElementNotFoundException: Web element with id: 'Object Repository/Transactions/p_Type CreditSale' located by 'By.xpath: id("txn_summary2")/div[@class="col-sm-6 mb-4 tight order-sm-0"]/p[4][count(. | //p[(text() = 'Type: CreditSale' or . = 'Type: CreditSale')]) = count(//p[(text() = 'Type: CreditSale' or . = 'Type: CreditSale')])]' not found)
[[ATTACHMENT|/Users/bpasupuleti/Katalon Studio/MavenTransactions/Reports/Transactions/20180914_150850/1536963017767.png]]]]></system-out>
         <system-err><![CDATA[2018-09-14 15:09:31 - [TEST_CASE][FAILED] - Test Cases/Maven/Individual Test Cases/Transactions/VerifyTypeFilter: Test Cases/Maven/Individual Test Cases/Transactions/VerifyTypeFilter FAILED because (of) (Stack trace: com.kms.katalon.core.exception.StepFailedException: Unable to verify object 'Object Repository/Transactions/p_Type CreditSale' is present (Root cause: com.kms.katalon.core.webui.exception.WebElementNotFoundException: Web element with id: 'Object Repository/Transactions/p_Type CreditSale' located by 'By.xpath: id("txn_summary2")/div[@class="col-sm-6 mb-4 tight order-sm-0"]/p[4][count(. | //p[(text() = 'Type: CreditSale' or . = 'Type: CreditSale')]) = count(//p[(text() = 'Type: CreditSale' or . = 'Type: CreditSale')])]' not found)
	at com.kms.katalon.core.keyword.internal.KeywordMain.stepFailed(KeywordMain.groovy:36)
	at com.kms.katalon.core.webui.keyword.internal.WebUIKeywordMain.stepFailed(WebUIKeywordMain.groovy:65)
	at com.kms.katalon.core.webui.keyword.internal.WebUIKeywordMain.runKeyword(WebUIKeywordMain.groovy:27)
	at com.kms.katalon.core.webui.keyword.builtin.VerifyElementPresentKeyword.verifyElementPresent(VerifyElementPresentKeyword.groovy:92)
	at com.kms.katalon.core.webui.keyword.builtin.VerifyElementPresentKeyword.execute(VerifyElementPresentKeyword.groovy:68)
	at com.kms.katalon.core.keyword.internal.KeywordExecutor.executeKeywordForPlatform(KeywordExecutor.groovy:53)
	at com.kms.katalon.core.webui.keyword.WebUiBuiltInKeywords.verifyElementPresent(WebUiBuiltInKeywords.groovy:1434)
	at com.kms.katalon.core.webui.keyword.WebUiBuiltInKeywords$verifyElementPresent$6.call(Unknown Source)
	at org.codehaus.groovy.runtime.callsite.CallSiteArray.defaultCall(CallSiteArray.java:48)
	at org.codehaus.groovy.runtime.callsite.AbstractCallSite.call(AbstractCallSite.java:113)
	at org.codehaus.groovy.runtime.callsite.AbstractCallSite.call(AbstractCallSite.java:133)
	at Script1536602905664.run(Script1536602905664.groovy:56)
	at com.kms.katalon.core.main.ScriptEngine.run(ScriptEngine.java:183)
	at com.kms.katalon.core.main.ScriptEngine.runScriptAsRawText(ScriptEngine.java:108)
	at com.kms.katalon.core.main.TestCaseExecutor.runScript(TestCaseExecutor.java:294)
	at com.kms.katalon.core.main.TestCaseExecutor.doExecute(TestCaseExecutor.java:285)
	at com.kms.katalon.core.main.TestCaseExecutor.processExecutionPhase(TestCaseExecutor.java:264)
	at com.kms.katalon.core.main.TestCaseExecutor.accessMainPhase(TestCaseExecutor.java:256)
	at com.kms.katalon.core.main.TestCaseExecutor.execute(TestCaseExecutor.java:200)
	at com.kms.katalon.core.main.TestSuiteExecutor.accessTestCaseMainPhase(TestSuiteExecutor.java:129)
	at com.kms.katalon.core.main.TestSuiteExecutor.accessTestSuiteMainPhase(TestSuiteExecutor.java:112)
	at com.kms.katalon.core.main.TestSuiteExecutor.execute(TestSuiteExecutor.java:81)
	at com.kms.katalon.core.main.TestCaseMain.startTestSuite(TestCaseMain.java:142)
	at com.kms.katalon.core.main.TestCaseMain$startTestSuite$0.call(Unknown Source)
	at org.codehaus.groovy.runtime.callsite.CallSiteArray.defaultCall(CallSiteArray.java:48)
	at org.codehaus.groovy.runtime.callsite.AbstractCallSite.call(AbstractCallSite.java:113)
	at org.codehaus.groovy.runtime.callsite.AbstractCallSite.call(AbstractCallSite.java:141)
	at TempTestSuite1536962930242.run(TempTestSuite1536962930242.groovy:36)
	at groovy.lang.GroovyShell.runScriptOrMainOrTestOrRunnable(GroovyShell.java:263)
	at groovy.lang.GroovyShell.run(GroovyShell.java:518)
	at groovy.lang.GroovyShell.run(GroovyShell.java:507)
	at groovy.ui.GroovyMain.processOnce(GroovyMain.java:653)
	at groovy.ui.GroovyMain.run(GroovyMain.java:384)
	at groovy.ui.GroovyMain.process(GroovyMain.java:370)
	at groovy.ui.GroovyMain.processArgs(GroovyMain.java:129)
	at groovy.ui.GroovyMain.main(GroovyMain.java:109)
	at sun.reflect.NativeMethodAccessorImpl.invoke0(Native Method)
	at sun.reflect.NativeMethodAccessorImpl.invoke(NativeMethodAccessorImpl.java:62)
	at sun.reflect.DelegatingMethodAccessorImpl.invoke(DelegatingMethodAccessorImpl.java:43)
	at java.lang.reflect.Method.invoke(Method.java:498)
	at org.codehaus.groovy.tools.GroovyStarter.rootLoader(GroovyStarter.java:109)
	at org.codehaus.groovy.tools.GroovyStarter.main(GroovyStarter.java:131)
)]]></system-err>
      </testcase>
      <testcase name="Test Cases/Maven/Individual Test Cases/Transactions/VerifyAmountFilter" classname="Test Cases/Maven/Individual Test Cases/Transactions/VerifyAmountFilter" status="PASSED">
         <system-out><![CDATA[2018-09-14 15:10:18 - [TEST_CASE][PASSED] - Test Cases/Maven/Individual Test Cases/Transactions/VerifyAmountFilter: Test Cases/Maven/Individual Test Cases/Transactions/VerifyAmountFilter

2018-09-14 15:10:18 - [TEST_STEP][PASSED] - openBrowser: Browser is opened with url: ''

2018-09-14 15:10:18 - [MESSAGE][WARNING] - A browser is already opened. Closing browser and opening a new one

2018-09-14 15:10:18 - [MESSAGE][PASSED] - Browser is opened with url: ''

2018-09-14 15:10:18 - [TEST_STEP][PASSED] - maximizeWindow: Current window maximized

2018-09-14 15:10:19 - [MESSAGE][PASSED] - Current window maximized

2018-09-14 15:10:19 - [TEST_STEP][PASSED] - navigateToUrl: Navigate to 'https://maven-staging.gravity-aws.com' successfully

2018-09-14 15:10:21 - [MESSAGE][PASSED] - Navigate to 'https://maven-staging.gravity-aws.com' successfully

2018-09-14 15:10:21 - [TEST_STEP][PASSED] - waitForElementPresent: Object 'Object Repository/Transactions/input_email' is present

2018-09-14 15:10:21 - [MESSAGE][PASSED] - Object 'Object Repository/Transactions/input_email' is present

2018-09-14 15:10:21 - [TEST_STEP][PASSED] - setText: Text 'bpasupuleti@gravitypayments.com' is set on object 'Object Repository/Transactions/input_email'

2018-09-14 15:10:21 - [MESSAGE][PASSED] - Text 'bpasupuleti@gravitypayments.com' is set on object 'Object Repository/Transactions/input_email'

2018-09-14 15:10:21 - [TEST_STEP][PASSED] - setText: Text 'Gravity@123' is set on object 'Object Repository/Maven Login/input_password'

2018-09-14 15:10:21 - [MESSAGE][PASSED] - Text 'Gravity@123' is set on object 'Object Repository/Maven Login/input_password'

2018-09-14 15:10:21 - [TEST_STEP][PASSED] - click: Object: 'Object Repository/Transactions/span_Login exit_to_app' is clicked on

2018-09-14 15:10:21 - [MESSAGE][PASSED] - Object: 'Object Repository/Transactions/span_Login exit_to_app' is clicked on

2018-09-14 15:10:21 - [TEST_STEP][PASSED] - selectOptionByValue: All options with value 'development' are selected in object 'Object Repository/Transactions/select_DevelopmentProduction'  using regular expression

2018-09-14 15:10:27 - [MESSAGE][PASSED] - All options with value 'development' are selected in object 'Object Repository/Transactions/select_DevelopmentProduction'  using regular expression

2018-09-14 15:10:27 - [TEST_STEP][PASSED] - waitForElementPresent: Object 'Object Repository/Transactions/select_DevelopmentProduction' is present

2018-09-14 15:10:27 - [MESSAGE][PASSED] - Object 'Object Repository/Transactions/select_DevelopmentProduction' is present

2018-09-14 15:10:27 - [TEST_STEP][PASSED] - click: Object: 'Object Repository/Transactions/span_Transactions' is clicked on

2018-09-14 15:10:32 - [MESSAGE][PASSED] - Object: 'Object Repository/Transactions/span_Transactions' is clicked on

2018-09-14 15:10:32 - [TEST_STEP][PASSED] - click: Object: 'Object Repository/Transactions/span_All Transactions' is clicked on

2018-09-14 15:10:35 - [MESSAGE][PASSED] - Object: 'Object Repository/Transactions/span_All Transactions' is clicked on

2018-09-14 15:10:35 - [TEST_STEP][PASSED] - verifyElementPresent: Object 'Object Repository/Transactions/span_All Transactions' is present

2018-09-14 15:10:35 - [MESSAGE][PASSED] - Object 'Object Repository/Transactions/span_All Transactions' is present

2018-09-14 15:10:35 - [TEST_STEP][PASSED] - click: Object: 'Object Repository/Transactions/span_Amount' is clicked on

2018-09-14 15:10:35 - [MESSAGE][PASSED] - Object: 'Object Repository/Transactions/span_Amount' is clicked on

2018-09-14 15:10:35 - [TEST_STEP][PASSED] - verifyElementPresent: Object 'Object Repository/Transactions/input_chevron_left_filterByAmo' is present

2018-09-14 15:10:35 - [MESSAGE][WARNING] - Timeout '0' is invalid. Using default page load timeout: '30'

2018-09-14 15:10:35 - [MESSAGE][PASSED] - Object 'Object Repository/Transactions/input_chevron_left_filterByAmo' is present

2018-09-14 15:10:35 - [TEST_STEP][PASSED] - click: Object: 'Object Repository/Transactions/input_chevron_left_filterByAmo' is clicked on

2018-09-14 15:10:35 - [MESSAGE][PASSED] - Object: 'Object Repository/Transactions/input_chevron_left_filterByAmo' is clicked on

2018-09-14 15:10:35 - [TEST_STEP][PASSED] - click: Object: 'Object Repository/Transactions/input_attach_money_form-contro' is clicked on

2018-09-14 15:10:36 - [MESSAGE][PASSED] - Object: 'Object Repository/Transactions/input_attach_money_form-contro' is clicked on

2018-09-14 15:10:36 - [TEST_STEP][PASSED] - setText: Text '10' is set on object 'Object Repository/Transactions/input_attach_money_form-contro'

2018-09-14 15:10:36 - [MESSAGE][PASSED] - Text '10' is set on object 'Object Repository/Transactions/input_attach_money_form-contro'

2018-09-14 15:10:36 - [TEST_STEP][PASSED] - verifyElementPresent: Object 'Object Repository/Transactions/input_chevron_left_filterByAmo' is present

2018-09-14 15:10:36 - [MESSAGE][WARNING] - Timeout '0' is invalid. Using default page load timeout: '30'

2018-09-14 15:10:36 - [MESSAGE][PASSED] - Object 'Object Repository/Transactions/input_chevron_left_filterByAmo' is present

2018-09-14 15:10:36 - [TEST_STEP][PASSED] - click: Object: 'Object Repository/Transactions/input_chevron_left_filterByAmo' is clicked on

2018-09-14 15:10:36 - [MESSAGE][PASSED] - Object: 'Object Repository/Transactions/input_chevron_left_filterByAmo' is clicked on

2018-09-14 15:10:36 - [TEST_STEP][PASSED] - verifyElementPresent: Object 'Object Repository/Transactions/div_Sale' is present

2018-09-14 15:10:36 - [MESSAGE][WARNING] - Timeout '0' is invalid. Using default page load timeout: '30'

2018-09-14 15:10:36 - [MESSAGE][PASSED] - Object 'Object Repository/Transactions/div_Sale' is present

2018-09-14 15:10:36 - [TEST_STEP][PASSED] - getText: Text of object 'Object Repository/Transactions/div_10.00' is: '$0.01'

2018-09-14 15:10:36 - [MESSAGE][PASSED] - Text of object 'Object Repository/Transactions/div_10.00' is: '$0.01'

2018-09-14 15:10:36 - [TEST_STEP][PASSED] - verifyElementPresent: Object 'Object Repository/Transactions/div_10.00' is present

2018-09-14 15:10:36 - [MESSAGE][PASSED] - Object 'Object Repository/Transactions/div_10.00' is present

2018-09-14 15:10:36 - [TEST_STEP][PASSED] - closeBrowser: Browser is closed

2018-09-14 15:10:36 - [MESSAGE][PASSED] - Browser is closed]]></system-out>
         <system-err><![CDATA[]]></system-err>
      </testcase>
      <testcase name="Test Cases/Maven/Individual Test Cases/Transactions/VerifySaveView" classname="Test Cases/Maven/Individual Test Cases/Transactions/VerifySaveView" status="FAILED">
         <failure type="FAILED" message="(Stack trace: com.kms.katalon.core.exception.StepFailedException: Unable to verify object 'Object Repository/Transactions/alertBox_savetransactionsSave' is present (Root cause: com.kms.katalon.core.webui.exception.WebElementNotFoundException: Web element with id: 'Object Repository/Transactions/alertBox_savetransactionsSave' located by 'By.xpath: //div[(text() = 'savetransactionsSave ViewSaving a view puts a quick link in the Saved Filtered View section of the sidebar navigation. The saved filter can be saved with an exact date range or relative to the current date.Save AsCancelSave' or . = 'savetransactionsSave ViewSaving a view puts a quick link in the Saved Filtered View section of the sidebar navigation. The saved filter can be saved with an exact date range or relative to the current date.Save AsCancelSave')]' not found)
	at com.kms.katalon.core.keyword.internal.KeywordMain.stepFailed(KeywordMain.groovy:36)
	at com.kms.katalon.core.webui.keyword.internal.WebUIKeywordMain.stepFailed(WebUIKeywordMain.groovy:65)
	at com.kms.katalon.core.webui.keyword.internal.WebUIKeywordMain.runKeyword(WebUIKeywordMain.groovy:27)
	at com.kms.katalon.core.webui.keyword.builtin.VerifyElementPresentKeyword.verifyElementPresent(VerifyElementPresentKeyword.groovy:92)
	at com.kms.katalon.core.webui.keyword.builtin.VerifyElementPresentKeyword.execute(VerifyElementPresentKeyword.groovy:68)
	at com.kms.katalon.core.keyword.internal.KeywordExecutor.executeKeywordForPlatform(KeywordExecutor.groovy:53)
	at com.kms.katalon.core.webui.keyword.WebUiBuiltInKeywords.verifyElementPresent(WebUiBuiltInKeywords.groovy:1434)
	at com.kms.katalon.core.webui.keyword.WebUiBuiltInKeywords$verifyElementPresent$6.call(Unknown Source)
	at org.codehaus.groovy.runtime.callsite.CallSiteArray.defaultCall(CallSiteArray.java:48)
	at org.codehaus.groovy.runtime.callsite.AbstractCallSite.call(AbstractCallSite.java:113)
	at org.codehaus.groovy.runtime.callsite.AbstractCallSite.call(AbstractCallSite.java:133)
	at Script1536692317619.run(Script1536692317619.groovy:50)
	at com.kms.katalon.core.main.ScriptEngine.run(ScriptEngine.java:183)
	at com.kms.katalon.core.main.ScriptEngine.runScriptAsRawText(ScriptEngine.java:108)
	at com.kms.katalon.core.main.TestCaseExecutor.runScript(TestCaseExecutor.java:294)
	at com.kms.katalon.core.main.TestCaseExecutor.doExecute(TestCaseExecutor.java:285)
	at com.kms.katalon.core.main.TestCaseExecutor.processExecutionPhase(TestCaseExecutor.java:264)
	at com.kms.katalon.core.main.TestCaseExecutor.accessMainPhase(TestCaseExecutor.java:256)
	at com.kms.katalon.core.main.TestCaseExecutor.execute(TestCaseExecutor.java:200)
	at com.kms.katalon.core.main.TestSuiteExecutor.accessTestCaseMainPhase(TestSuiteExecutor.java:129)
	at com.kms.katalon.core.main.TestSuiteExecutor.accessTestSuiteMainPhase(TestSuiteExecutor.java:112)
	at com.kms.katalon.core.main.TestSuiteExecutor.execute(TestSuiteExecutor.java:81)
	at com.kms.katalon.core.main.TestCaseMain.startTestSuite(TestCaseMain.java:142)
	at com.kms.katalon.core.main.TestCaseMain$startTestSuite$0.call(Unknown Source)
	at org.codehaus.groovy.runtime.callsite.CallSiteArray.defaultCall(CallSiteArray.java:48)
	at org.codehaus.groovy.runtime.callsite.AbstractCallSite.call(AbstractCallSite.java:113)
	at org.codehaus.groovy.runtime.callsite.AbstractCallSite.call(AbstractCallSite.java:141)
	at TempTestSuite1536962930242.run(TempTestSuite1536962930242.groovy:36)
	at groovy.lang.GroovyShell.runScriptOrMainOrTestOrRunnable(GroovyShell.java:263)
	at groovy.lang.GroovyShell.run(GroovyShell.java:518)
	at groovy.lang.GroovyShell.run(GroovyShell.java:507)
	at groovy.ui.GroovyMain.processOnce(GroovyMain.java:653)
	at groovy.ui.GroovyMain.run(GroovyMain.java:384)
	at groovy.ui.GroovyMain.process(GroovyMain.java:370)
	at groovy.ui.GroovyMain.processArgs(GroovyMain.java:129)
	at groovy.ui.GroovyMain.main(GroovyMain.java:109)
	at sun.reflect.NativeMethodAccessorImpl.invoke0(Native Method)
	at sun.reflect.NativeMethodAccessorImpl.invoke(NativeMethodAccessorImpl.java:62)
	at sun.reflect.DelegatingMethodAccessorImpl.invoke(DelegatingMethodAccessorImpl.java:43)
	at java.lang.reflect.Method.invoke(Method.java:498)
	at org.codehaus.groovy.tools.GroovyStarter.rootLoader(GroovyStarter.java:109)
	at org.codehaus.groovy.tools.GroovyStarter.main(GroovyStarter.java:131)
)"/>
         <system-out><![CDATA[2018-09-14 15:10:36 - [TEST_CASE][FAILED] - Test Cases/Maven/Individual Test Cases/Transactions/VerifySaveView: Test Cases/Maven/Individual Test Cases/Transactions/VerifySaveView FAILED because (of) (Stack trace: com.kms.katalon.core.exception.StepFailedException: Unable to verify object 'Object Repository/Transactions/alertBox_savetransactionsSave' is present (Root cause: com.kms.katalon.core.webui.exception.WebElementNotFoundException: Web element with id: 'Object Repository/Transactions/alertBox_savetransactionsSave' located by 'By.xpath: //div[(text() = 'savetransactionsSave ViewSaving a view puts a quick link in the Saved Filtered View section of the sidebar navigation. The saved filter can be saved with an exact date range or relative to the current date.Save AsCancelSave' or . = 'savetransactionsSave ViewSaving a view puts a quick link in the Saved Filtered View section of the sidebar navigation. The saved filter can be saved with an exact date range or relative to the current date.Save AsCancelSave')]' not found)
	at com.kms.katalon.core.keyword.internal.KeywordMain.stepFailed(KeywordMain.groovy:36)
	at com.kms.katalon.core.webui.keyword.internal.WebUIKeywordMain.stepFailed(WebUIKeywordMain.groovy:65)
	at com.kms.katalon.core.webui.keyword.internal.WebUIKeywordMain.runKeyword(WebUIKeywordMain.groovy:27)
	at com.kms.katalon.core.webui.keyword.builtin.VerifyElementPresentKeyword.verifyElementPresent(VerifyElementPresentKeyword.groovy:92)
	at com.kms.katalon.core.webui.keyword.builtin.VerifyElementPresentKeyword.execute(VerifyElementPresentKeyword.groovy:68)
	at com.kms.katalon.core.keyword.internal.KeywordExecutor.executeKeywordForPlatform(KeywordExecutor.groovy:53)
	at com.kms.katalon.core.webui.keyword.WebUiBuiltInKeywords.verifyElementPresent(WebUiBuiltInKeywords.groovy:1434)
	at com.kms.katalon.core.webui.keyword.WebUiBuiltInKeywords$verifyElementPresent$6.call(Unknown Source)
	at org.codehaus.groovy.runtime.callsite.CallSiteArray.defaultCall(CallSiteArray.java:48)
	at org.codehaus.groovy.runtime.callsite.AbstractCallSite.call(AbstractCallSite.java:113)
	at org.codehaus.groovy.runtime.callsite.AbstractCallSite.call(AbstractCallSite.java:133)
	at Script1536692317619.run(Script1536692317619.groovy:50)
	at com.kms.katalon.core.main.ScriptEngine.run(ScriptEngine.java:183)
	at com.kms.katalon.core.main.ScriptEngine.runScriptAsRawText(ScriptEngine.java:108)
	at com.kms.katalon.core.main.TestCaseExecutor.runScript(TestCaseExecutor.java:294)
	at com.kms.katalon.core.main.TestCaseExecutor.doExecute(TestCaseExecutor.java:285)
	at com.kms.katalon.core.main.TestCaseExecutor.processExecutionPhase(TestCaseExecutor.java:264)
	at com.kms.katalon.core.main.TestCaseExecutor.accessMainPhase(TestCaseExecutor.java:256)
	at com.kms.katalon.core.main.TestCaseExecutor.execute(TestCaseExecutor.java:200)
	at com.kms.katalon.core.main.TestSuiteExecutor.accessTestCaseMainPhase(TestSuiteExecutor.java:129)
	at com.kms.katalon.core.main.TestSuiteExecutor.accessTestSuiteMainPhase(TestSuiteExecutor.java:112)
	at com.kms.katalon.core.main.TestSuiteExecutor.execute(TestSuiteExecutor.java:81)
	at com.kms.katalon.core.main.TestCaseMain.startTestSuite(TestCaseMain.java:142)
	at com.kms.katalon.core.main.TestCaseMain$startTestSuite$0.call(Unknown Source)
	at org.codehaus.groovy.runtime.callsite.CallSiteArray.defaultCall(CallSiteArray.java:48)
	at org.codehaus.groovy.runtime.callsite.AbstractCallSite.call(AbstractCallSite.java:113)
	at org.codehaus.groovy.runtime.callsite.AbstractCallSite.call(AbstractCallSite.java:141)
	at TempTestSuite1536962930242.run(TempTestSuite1536962930242.groovy:36)
	at groovy.lang.GroovyShell.runScriptOrMainOrTestOrRunnable(GroovyShell.java:263)
	at groovy.lang.GroovyShell.run(GroovyShell.java:518)
	at groovy.lang.GroovyShell.run(GroovyShell.java:507)
	at groovy.ui.GroovyMain.processOnce(GroovyMain.java:653)
	at groovy.ui.GroovyMain.run(GroovyMain.java:384)
	at groovy.ui.GroovyMain.process(GroovyMain.java:370)
	at groovy.ui.GroovyMain.processArgs(GroovyMain.java:129)
	at groovy.ui.GroovyMain.main(GroovyMain.java:109)
	at sun.reflect.NativeMethodAccessorImpl.invoke0(Native Method)
	at sun.reflect.NativeMethodAccessorImpl.invoke(NativeMethodAccessorImpl.java:62)
	at sun.reflect.DelegatingMethodAccessorImpl.invoke(DelegatingMethodAccessorImpl.java:43)
	at java.lang.reflect.Method.invoke(Method.java:498)
	at org.codehaus.groovy.tools.GroovyStarter.rootLoader(GroovyStarter.java:109)
	at org.codehaus.groovy.tools.GroovyStarter.main(GroovyStarter.java:131)
)

2018-09-14 15:10:36 - [TEST_STEP][PASSED] - openBrowser: Browser is opened with url: ''

2018-09-14 15:10:37 - [MESSAGE][PASSED] - Browser is opened with url: ''

2018-09-14 15:10:37 - [TEST_STEP][PASSED] - maximizeWindow: Current window maximized

2018-09-14 15:10:37 - [MESSAGE][PASSED] - Current window maximized

2018-09-14 15:10:37 - [TEST_STEP][PASSED] - navigateToUrl: Navigate to 'https://maven-staging.gravity-aws.com' successfully

2018-09-14 15:10:38 - [MESSAGE][PASSED] - Navigate to 'https://maven-staging.gravity-aws.com' successfully

2018-09-14 15:10:38 - [TEST_STEP][PASSED] - waitForElementPresent: Object 'Object Repository/Transactions/input_email' is present

2018-09-14 15:10:38 - [MESSAGE][PASSED] - Object 'Object Repository/Transactions/input_email' is present

2018-09-14 15:10:38 - [TEST_STEP][PASSED] - setText: Text 'bpasupuleti@gravitypayments.com' is set on object 'Object Repository/Transactions/input_email'

2018-09-14 15:10:39 - [MESSAGE][PASSED] - Text 'bpasupuleti@gravitypayments.com' is set on object 'Object Repository/Transactions/input_email'

2018-09-14 15:10:39 - [TEST_STEP][PASSED] - setText: Text 'Gravity@123' is set on object 'Object Repository/Maven Login/input_password'

2018-09-14 15:10:39 - [MESSAGE][PASSED] - Text 'Gravity@123' is set on object 'Object Repository/Maven Login/input_password'

2018-09-14 15:10:39 - [TEST_STEP][PASSED] - click: Object: 'Object Repository/Transactions/span_Login exit_to_app' is clicked on

2018-09-14 15:10:39 - [MESSAGE][PASSED] - Object: 'Object Repository/Transactions/span_Login exit_to_app' is clicked on

2018-09-14 15:10:39 - [TEST_STEP][PASSED] - selectOptionByValue: All options with value 'development' are selected in object 'Object Repository/Transactions/select_DevelopmentProduction'  using regular expression

2018-09-14 15:10:50 - [MESSAGE][PASSED] - All options with value 'development' are selected in object 'Object Repository/Transactions/select_DevelopmentProduction'  using regular expression

2018-09-14 15:10:50 - [TEST_STEP][PASSED] - waitForElementPresent: Object 'Object Repository/Transactions/select_DevelopmentProduction' is present

2018-09-14 15:10:50 - [MESSAGE][PASSED] - Object 'Object Repository/Transactions/select_DevelopmentProduction' is present

2018-09-14 15:10:50 - [TEST_STEP][PASSED] - click: Object: 'Object Repository/Transactions/span_Transactions' is clicked on

2018-09-14 15:10:50 - [MESSAGE][PASSED] - Object: 'Object Repository/Transactions/span_Transactions' is clicked on

2018-09-14 15:10:50 - [TEST_STEP][PASSED] - click: Object: 'Object Repository/Transactions/span_All Transactions' is clicked on

2018-09-14 15:10:51 - [MESSAGE][PASSED] - Object: 'Object Repository/Transactions/span_All Transactions' is clicked on

2018-09-14 15:10:51 - [TEST_STEP][PASSED] - waitForElementPresent: Object 'Object Repository/Transactions/span_All Transactions' is present

2018-09-14 15:10:51 - [MESSAGE][PASSED] - Object 'Object Repository/Transactions/span_All Transactions' is present

2018-09-14 15:10:51 - [TEST_STEP][PASSED] - click: Object: 'Object Repository/Transactions/span_Column' is clicked on

2018-09-14 15:10:51 - [MESSAGE][PASSED] - Object: 'Object Repository/Transactions/span_Column' is clicked on

2018-09-14 15:10:51 - [TEST_STEP][PASSED] - click: Object: 'Object Repository/Transactions/button_Reset to Default' is clicked on

2018-09-14 15:10:51 - [MESSAGE][PASSED] - Object: 'Object Repository/Transactions/button_Reset to Default' is clicked on

2018-09-14 15:10:51 - [TEST_STEP][PASSED] - waitForElementPresent: Object 'Object Repository/Transactions/button_Apply (1)' is present

2018-09-14 15:10:51 - [MESSAGE][WARNING] - Timeout '0' is invalid. Using default page load timeout: '30'

2018-09-14 15:10:51 - [MESSAGE][PASSED] - Object 'Object Repository/Transactions/button_Apply (1)' is present

2018-09-14 15:10:51 - [TEST_STEP][PASSED] - click: Object: 'Object Repository/Transactions/button_Apply (1)' is clicked on

2018-09-14 15:10:51 - [MESSAGE][PASSED] - Object: 'Object Repository/Transactions/button_Apply (1)' is clicked on

2018-09-14 15:10:51 - [TEST_STEP][PASSED] - waitForElementPresent: Object 'Object Repository/Transactions/alertBox_savetransactionsSave' is not present after 35 second(s)

2018-09-14 15:11:35 - [MESSAGE][WARNING] - Object 'Object Repository/Transactions/alertBox_savetransactionsSave' is not present after 35 second(s)

2018-09-14 15:11:35 - [TEST_STEP][FAILED] - verifyElementPresent: Unable to verify object 'Object Repository/Transactions/alertBox_savetransactionsSave' is present (Root cause: com.kms.katalon.core.webui.exception.WebElementNotFoundException: Web element with id: 'Object Repository/Transactions/alertBox_savetransactionsSave' located by 'By.xpath: //div[(text() = 'savetransactionsSave ViewSaving a view puts a quick link in the Saved Filtered View section of the sidebar navigation. The saved filter can be saved with an exact date range or relative to the current date.Save AsCancelSave' or . = 'savetransactionsSave ViewSaving a view puts a quick link in the Saved Filtered View section of the sidebar navigation. The saved filter can be saved with an exact date range or relative to the current date.Save AsCancelSave')]' not found)

2018-09-14 15:12:28 - [MESSAGE][FAILED] - com.kms.katalon.core.webui.exception.WebElementNotFoundException: Web element with id: 'Object Repository/Transactions/alertBox_savetransactionsSave' located by 'By.xpath: //div[(text() = 'savetransactionsSave ViewSaving a view puts a quick link in the Saved Filtered View section of the sidebar navigation. The saved filter can be saved with an exact date range or relative to the current date.Save AsCancelSave' or . = 'savetransactionsSave ViewSaving a view puts a quick link in the Saved Filtered View section of the sidebar navigation. The saved filter can be saved with an exact date range or relative to the current date.Save AsCancelSave')]' not found
[[ATTACHMENT|/Users/bpasupuleti/Katalon Studio/MavenTransactions/Reports/Transactions/20180914_150850/1536963147422.png]]

2018-09-14 15:12:28 - [MESSAGE][FAILED] - Unable to verify object 'Object Repository/Transactions/alertBox_savetransactionsSave' is present (Root cause: com.kms.katalon.core.webui.exception.WebElementNotFoundException: Web element with id: 'Object Repository/Transactions/alertBox_savetransactionsSave' located by 'By.xpath: //div[(text() = 'savetransactionsSave ViewSaving a view puts a quick link in the Saved Filtered View section of the sidebar navigation. The saved filter can be saved with an exact date range or relative to the current date.Save AsCancelSave' or . = 'savetransactionsSave ViewSaving a view puts a quick link in the Saved Filtered View section of the sidebar navigation. The saved filter can be saved with an exact date range or relative to the current date.Save AsCancelSave')]' not found)
[[ATTACHMENT|/Users/bpasupuleti/Katalon Studio/MavenTransactions/Reports/Transactions/20180914_150850/1536963148062.png]]]]></system-out>
         <system-err><![CDATA[2018-09-14 15:10:36 - [TEST_CASE][FAILED] - Test Cases/Maven/Individual Test Cases/Transactions/VerifySaveView: Test Cases/Maven/Individual Test Cases/Transactions/VerifySaveView FAILED because (of) (Stack trace: com.kms.katalon.core.exception.StepFailedException: Unable to verify object 'Object Repository/Transactions/alertBox_savetransactionsSave' is present (Root cause: com.kms.katalon.core.webui.exception.WebElementNotFoundException: Web element with id: 'Object Repository/Transactions/alertBox_savetransactionsSave' located by 'By.xpath: //div[(text() = 'savetransactionsSave ViewSaving a view puts a quick link in the Saved Filtered View section of the sidebar navigation. The saved filter can be saved with an exact date range or relative to the current date.Save AsCancelSave' or . = 'savetransactionsSave ViewSaving a view puts a quick link in the Saved Filtered View section of the sidebar navigation. The saved filter can be saved with an exact date range or relative to the current date.Save AsCancelSave')]' not found)
	at com.kms.katalon.core.keyword.internal.KeywordMain.stepFailed(KeywordMain.groovy:36)
	at com.kms.katalon.core.webui.keyword.internal.WebUIKeywordMain.stepFailed(WebUIKeywordMain.groovy:65)
	at com.kms.katalon.core.webui.keyword.internal.WebUIKeywordMain.runKeyword(WebUIKeywordMain.groovy:27)
	at com.kms.katalon.core.webui.keyword.builtin.VerifyElementPresentKeyword.verifyElementPresent(VerifyElementPresentKeyword.groovy:92)
	at com.kms.katalon.core.webui.keyword.builtin.VerifyElementPresentKeyword.execute(VerifyElementPresentKeyword.groovy:68)
	at com.kms.katalon.core.keyword.internal.KeywordExecutor.executeKeywordForPlatform(KeywordExecutor.groovy:53)
	at com.kms.katalon.core.webui.keyword.WebUiBuiltInKeywords.verifyElementPresent(WebUiBuiltInKeywords.groovy:1434)
	at com.kms.katalon.core.webui.keyword.WebUiBuiltInKeywords$verifyElementPresent$6.call(Unknown Source)
	at org.codehaus.groovy.runtime.callsite.CallSiteArray.defaultCall(CallSiteArray.java:48)
	at org.codehaus.groovy.runtime.callsite.AbstractCallSite.call(AbstractCallSite.java:113)
	at org.codehaus.groovy.runtime.callsite.AbstractCallSite.call(AbstractCallSite.java:133)
	at Script1536692317619.run(Script1536692317619.groovy:50)
	at com.kms.katalon.core.main.ScriptEngine.run(ScriptEngine.java:183)
	at com.kms.katalon.core.main.ScriptEngine.runScriptAsRawText(ScriptEngine.java:108)
	at com.kms.katalon.core.main.TestCaseExecutor.runScript(TestCaseExecutor.java:294)
	at com.kms.katalon.core.main.TestCaseExecutor.doExecute(TestCaseExecutor.java:285)
	at com.kms.katalon.core.main.TestCaseExecutor.processExecutionPhase(TestCaseExecutor.java:264)
	at com.kms.katalon.core.main.TestCaseExecutor.accessMainPhase(TestCaseExecutor.java:256)
	at com.kms.katalon.core.main.TestCaseExecutor.execute(TestCaseExecutor.java:200)
	at com.kms.katalon.core.main.TestSuiteExecutor.accessTestCaseMainPhase(TestSuiteExecutor.java:129)
	at com.kms.katalon.core.main.TestSuiteExecutor.accessTestSuiteMainPhase(TestSuiteExecutor.java:112)
	at com.kms.katalon.core.main.TestSuiteExecutor.execute(TestSuiteExecutor.java:81)
	at com.kms.katalon.core.main.TestCaseMain.startTestSuite(TestCaseMain.java:142)
	at com.kms.katalon.core.main.TestCaseMain$startTestSuite$0.call(Unknown Source)
	at org.codehaus.groovy.runtime.callsite.CallSiteArray.defaultCall(CallSiteArray.java:48)
	at org.codehaus.groovy.runtime.callsite.AbstractCallSite.call(AbstractCallSite.java:113)
	at org.codehaus.groovy.runtime.callsite.AbstractCallSite.call(AbstractCallSite.java:141)
	at TempTestSuite1536962930242.run(TempTestSuite1536962930242.groovy:36)
	at groovy.lang.GroovyShell.runScriptOrMainOrTestOrRunnable(GroovyShell.java:263)
	at groovy.lang.GroovyShell.run(GroovyShell.java:518)
	at groovy.lang.GroovyShell.run(GroovyShell.java:507)
	at groovy.ui.GroovyMain.processOnce(GroovyMain.java:653)
	at groovy.ui.GroovyMain.run(GroovyMain.java:384)
	at groovy.ui.GroovyMain.process(GroovyMain.java:370)
	at groovy.ui.GroovyMain.processArgs(GroovyMain.java:129)
	at groovy.ui.GroovyMain.main(GroovyMain.java:109)
	at sun.reflect.NativeMethodAccessorImpl.invoke0(Native Method)
	at sun.reflect.NativeMethodAccessorImpl.invoke(NativeMethodAccessorImpl.java:62)
	at sun.reflect.DelegatingMethodAccessorImpl.invoke(DelegatingMethodAccessorImpl.java:43)
	at java.lang.reflect.Method.invoke(Method.java:498)
	at org.codehaus.groovy.tools.GroovyStarter.rootLoader(GroovyStarter.java:109)
	at org.codehaus.groovy.tools.GroovyStarter.main(GroovyStarter.java:131)
)]]></system-err>
      </testcase>
      <testcase name="Test Cases/Maven/Individual Test Cases/Transactions/VerifyRefreshFunctionality" classname="Test Cases/Maven/Individual Test Cases/Transactions/VerifyRefreshFunctionality" status="PASSED">
         <system-out><![CDATA[2018-09-14 15:12:28 - [TEST_CASE][PASSED] - Test Cases/Maven/Individual Test Cases/Transactions/VerifyRefreshFunctionality: Test Cases/Maven/Individual Test Cases/Transactions/VerifyRefreshFunctionality

2018-09-14 15:12:28 - [TEST_STEP][PASSED] - openBrowser: Browser is opened with url: ''

2018-09-14 15:12:28 - [MESSAGE][WARNING] - A browser is already opened. Closing browser and opening a new one

2018-09-14 15:12:29 - [MESSAGE][PASSED] - Browser is opened with url: ''

2018-09-14 15:12:29 - [TEST_STEP][PASSED] - maximizeWindow: Current window maximized

2018-09-14 15:12:29 - [MESSAGE][PASSED] - Current window maximized

2018-09-14 15:12:29 - [TEST_STEP][PASSED] - navigateToUrl: Navigate to 'https://maven-staging.gravity-aws.com' successfully

2018-09-14 15:12:31 - [MESSAGE][PASSED] - Navigate to 'https://maven-staging.gravity-aws.com' successfully

2018-09-14 15:12:31 - [TEST_STEP][PASSED] - waitForElementPresent: Object 'Object Repository/Transactions/input_email' is present

2018-09-14 15:12:31 - [MESSAGE][PASSED] - Object 'Object Repository/Transactions/input_email' is present

2018-09-14 15:12:31 - [TEST_STEP][PASSED] - setText: Text 'bpasupuleti@gravitypayments.com' is set on object 'Object Repository/Transactions/input_email'

2018-09-14 15:12:31 - [MESSAGE][PASSED] - Text 'bpasupuleti@gravitypayments.com' is set on object 'Object Repository/Transactions/input_email'

2018-09-14 15:12:31 - [TEST_STEP][PASSED] - setText: Text 'Gravity@123' is set on object 'Object Repository/Maven Login/input_password'

2018-09-14 15:12:32 - [MESSAGE][PASSED] - Text 'Gravity@123' is set on object 'Object Repository/Maven Login/input_password'

2018-09-14 15:12:32 - [TEST_STEP][PASSED] - click: Object: 'Object Repository/Transactions/span_Login exit_to_app' is clicked on

2018-09-14 15:12:32 - [MESSAGE][PASSED] - Object: 'Object Repository/Transactions/span_Login exit_to_app' is clicked on

2018-09-14 15:12:32 - [TEST_STEP][PASSED] - selectOptionByValue: All options with value 'development' are selected in object 'Object Repository/Transactions/select_DevelopmentProduction'  using regular expression

2018-09-14 15:12:39 - [MESSAGE][PASSED] - All options with value 'development' are selected in object 'Object Repository/Transactions/select_DevelopmentProduction'  using regular expression

2018-09-14 15:12:39 - [TEST_STEP][PASSED] - waitForElementPresent: Object 'Object Repository/Transactions/select_DevelopmentProduction' is present

2018-09-14 15:12:39 - [MESSAGE][PASSED] - Object 'Object Repository/Transactions/select_DevelopmentProduction' is present

2018-09-14 15:12:39 - [TEST_STEP][PASSED] - click: Object: 'Object Repository/Transactions/span_Transactions' is clicked on

2018-09-14 15:12:39 - [MESSAGE][PASSED] - Object: 'Object Repository/Transactions/span_Transactions' is clicked on

2018-09-14 15:12:39 - [TEST_STEP][PASSED] - click: Object: 'Object Repository/Transactions/span_All Transactions' is clicked on

2018-09-14 15:12:39 - [MESSAGE][PASSED] - Object: 'Object Repository/Transactions/span_All Transactions' is clicked on

2018-09-14 15:12:39 - [TEST_STEP][PASSED] - waitForElementPresent: Object 'Object Repository/Transactions/span_All Transactions' is present

2018-09-14 15:12:39 - [MESSAGE][PASSED] - Object 'Object Repository/Transactions/span_All Transactions' is present

2018-09-14 15:12:39 - [TEST_STEP][PASSED] - waitForElementPresent: Object 'Object Repository/Transactions/i_cached_RefreshButton' is present

2018-09-14 15:12:39 - [MESSAGE][PASSED] - Object 'Object Repository/Transactions/i_cached_RefreshButton' is present

2018-09-14 15:12:39 - [TEST_STEP][PASSED] - click: Object: 'Object Repository/Transactions/i_cached_RefreshButton' is clicked on

2018-09-14 15:12:39 - [MESSAGE][PASSED] - Object: 'Object Repository/Transactions/i_cached_RefreshButton' is clicked on]]></system-out>
         <system-err><![CDATA[]]></system-err>
      </testcase>
      <testcase name="Test Cases/Maven/Individual Test Cases/Transactions/VerifyVerticalLines_TransactionSummaryDetails" classname="Test Cases/Maven/Individual Test Cases/Transactions/VerifyVerticalLines_TransactionSummaryDetails" status="PASSED">
         <system-out><![CDATA[2018-09-14 15:12:39 - [TEST_CASE][PASSED] - Test Cases/Maven/Individual Test Cases/Transactions/VerifyVerticalLines_TransactionSummaryDetails: Test Cases/Maven/Individual Test Cases/Transactions/VerifyVerticalLines_TransactionSummaryDetails

2018-09-14 15:12:39 - [TEST_STEP][PASSED] - openBrowser: Browser is opened with url: ''

2018-09-14 15:12:39 - [MESSAGE][WARNING] - A browser is already opened. Closing browser and opening a new one

2018-09-14 15:12:40 - [MESSAGE][PASSED] - Browser is opened with url: ''

2018-09-14 15:12:40 - [TEST_STEP][PASSED] - maximizeWindow: Current window maximized

2018-09-14 15:12:40 - [MESSAGE][PASSED] - Current window maximized

2018-09-14 15:12:40 - [TEST_STEP][PASSED] - navigateToUrl: Navigate to 'https://maven-staging.gravity-aws.com' successfully

2018-09-14 15:12:44 - [MESSAGE][PASSED] - Navigate to 'https://maven-staging.gravity-aws.com' successfully

2018-09-14 15:12:44 - [TEST_STEP][PASSED] - waitForElementPresent: Object 'Object Repository/Transactions/input_email' is present

2018-09-14 15:12:44 - [MESSAGE][PASSED] - Object 'Object Repository/Transactions/input_email' is present

2018-09-14 15:12:44 - [TEST_STEP][PASSED] - setText: Text 'bpasupuleti@gravitypayments.com' is set on object 'Object Repository/Transactions/input_email'

2018-09-14 15:12:44 - [MESSAGE][PASSED] - Text 'bpasupuleti@gravitypayments.com' is set on object 'Object Repository/Transactions/input_email'

2018-09-14 15:12:44 - [TEST_STEP][PASSED] - setText: Text 'Gravity@123' is set on object 'Object Repository/Maven Login/input_password'

2018-09-14 15:12:44 - [MESSAGE][PASSED] - Text 'Gravity@123' is set on object 'Object Repository/Maven Login/input_password'

2018-09-14 15:12:44 - [TEST_STEP][PASSED] - setText: Text 'bpasupuleti@gravitypayments.com' is set on object 'Object Repository/Transactions/input_email'

2018-09-14 15:12:44 - [MESSAGE][PASSED] - Text 'bpasupuleti@gravitypayments.com' is set on object 'Object Repository/Transactions/input_email'

2018-09-14 15:12:44 - [TEST_STEP][PASSED] - click: Object: 'Object Repository/Transactions/span_Login exit_to_app' is clicked on

2018-09-14 15:12:45 - [MESSAGE][PASSED] - Object: 'Object Repository/Transactions/span_Login exit_to_app' is clicked on

2018-09-14 15:12:45 - [TEST_STEP][PASSED] - selectOptionByValue: All options with value 'development' are selected in object 'Object Repository/Transactions/select_DevelopmentProduction'  using regular expression

2018-09-14 15:12:51 - [MESSAGE][PASSED] - All options with value 'development' are selected in object 'Object Repository/Transactions/select_DevelopmentProduction'  using regular expression

2018-09-14 15:12:51 - [TEST_STEP][PASSED] - waitForElementPresent: Object 'Object Repository/Transactions/select_DevelopmentProduction' is present

2018-09-14 15:12:51 - [MESSAGE][PASSED] - Object 'Object Repository/Transactions/select_DevelopmentProduction' is present

2018-09-14 15:12:51 - [TEST_STEP][PASSED] - click: Object: 'Object Repository/Transactions/span_Transactions' is clicked on

2018-09-14 15:12:51 - [MESSAGE][PASSED] - Object: 'Object Repository/Transactions/span_Transactions' is clicked on

2018-09-14 15:12:51 - [TEST_STEP][PASSED] - click: Object: 'Object Repository/Transactions/span_All Transactions' is clicked on

2018-09-14 15:12:51 - [MESSAGE][PASSED] - Object: 'Object Repository/Transactions/span_All Transactions' is clicked on

2018-09-14 15:12:51 - [TEST_STEP][PASSED] - verifyElementPresent: Object 'Object Repository/Transactions/span_All Transactions' is present

2018-09-14 15:12:51 - [MESSAGE][PASSED] - Object 'Object Repository/Transactions/span_All Transactions' is present

2018-09-14 15:12:51 - [TEST_STEP][PASSED] - click: Object: 'Object Repository/Transactions/i_more_verticleLines' is clicked on

2018-09-14 15:12:53 - [MESSAGE][PASSED] - Object: 'Object Repository/Transactions/i_more_verticleLines' is clicked on

2018-09-14 15:12:53 - [TEST_STEP][PASSED] - waitForElementPresent: Object 'Object Repository/Transactions/span_Transaction Summary' is present

2018-09-14 15:12:53 - [MESSAGE][PASSED] - Object 'Object Repository/Transactions/span_Transaction Summary' is present

2018-09-14 15:12:53 - [TEST_STEP][PASSED] - click: Object: 'Object Repository/Transactions/span_Transaction Summary' is clicked on

2018-09-14 15:12:53 - [MESSAGE][PASSED] - Object: 'Object Repository/Transactions/span_Transaction Summary' is clicked on

2018-09-14 15:12:53 - [TEST_STEP][PASSED] - waitForElementPresent: Object 'Object Repository/Transactions/h4_Transaction summary' is present

2018-09-14 15:12:54 - [MESSAGE][PASSED] - Object 'Object Repository/Transactions/h4_Transaction summary' is present

2018-09-14 15:12:54 - [TEST_STEP][PASSED] - verifyElementPresent: Object 'Object Repository/Transactions/span_Location Info' is present

2018-09-14 15:12:54 - [MESSAGE][PASSED] - Object 'Object Repository/Transactions/span_Location Info' is present

2018-09-14 15:12:54 - [TEST_STEP][PASSED] - verifyElementPresent: Object 'Object Repository/Transactions/small_Total' is present

2018-09-14 15:12:54 - [MESSAGE][PASSED] - Object 'Object Repository/Transactions/small_Total' is present

2018-09-14 15:12:54 - [TEST_STEP][PASSED] - verifyElementPresent: Object 'Object Repository/Transactions/span_Result Detail' is present

2018-09-14 15:12:54 - [MESSAGE][PASSED] - Object 'Object Repository/Transactions/span_Result Detail' is present

2018-09-14 15:12:54 - [TEST_STEP][PASSED] - verifyElementPresent: Object 'Object Repository/Transactions/h4_Transaction summary' is present

2018-09-14 15:12:54 - [MESSAGE][PASSED] - Object 'Object Repository/Transactions/h4_Transaction summary' is present

2018-09-14 15:12:54 - [TEST_STEP][NOT_RUN] - verifyElementPresent: NOT_RUN: verifyElementPresent

2018-09-14 15:12:54 - [MESSAGE][NOT_RUN] - NOT_RUN: verifyElementPresent

2018-09-14 15:12:54 - [TEST_STEP][PASSED] - verifyElementPresent: Object 'Object Repository/Transactions/small_Approval' is present

2018-09-14 15:12:54 - [MESSAGE][PASSED] - Object 'Object Repository/Transactions/small_Approval' is present

2018-09-14 15:12:54 - [TEST_STEP][PASSED] - verifyElementPresent: Object 'Object Repository/Transactions/button_receiptReceipt Preview' is present

2018-09-14 15:12:54 - [MESSAGE][PASSED] - Object 'Object Repository/Transactions/button_receiptReceipt Preview' is present

2018-09-14 15:12:54 - [TEST_STEP][PASSED] - verifyElementPresent: Object 'Object Repository/Transactions/span_Result Detail (1)' is present

2018-09-14 15:12:54 - [MESSAGE][PASSED] - Object 'Object Repository/Transactions/span_Result Detail (1)' is present

2018-09-14 15:12:54 - [TEST_STEP][PASSED] - verifyElementPresent: Object 'Object Repository/Transactions/span_Location Info (1)' is present

2018-09-14 15:12:54 - [MESSAGE][PASSED] - Object 'Object Repository/Transactions/span_Location Info (1)' is present

2018-09-14 15:12:54 - [TEST_STEP][PASSED] - verifyElementPresent: Object 'Object Repository/Transactions/small_Go to (1)' is present

2018-09-14 15:12:54 - [MESSAGE][PASSED] - Object 'Object Repository/Transactions/small_Go to (1)' is present

2018-09-14 15:12:54 - [TEST_STEP][PASSED] - closeBrowser: Browser is closed

2018-09-14 15:12:54 - [MESSAGE][PASSED] - Browser is closed]]></system-out>
         <system-err><![CDATA[]]></system-err>
      </testcase>
      <testcase name="Test Cases/Maven/Individual Test Cases/Transactions/VerifyVerticalLines_GoToReceiptSummary" classname="Test Cases/Maven/Individual Test Cases/Transactions/VerifyVerticalLines_GoToReceiptSummary" status="PASSED">
         <system-out><![CDATA[2018-09-14 15:12:54 - [TEST_CASE][PASSED] - Test Cases/Maven/Individual Test Cases/Transactions/VerifyVerticalLines_GoToReceiptSummary: Test Cases/Maven/Individual Test Cases/Transactions/VerifyVerticalLines_GoToReceiptSummary

2018-09-14 15:12:54 - [TEST_STEP][PASSED] - openBrowser: Browser is opened with url: ''

2018-09-14 15:12:55 - [MESSAGE][PASSED] - Browser is opened with url: ''

2018-09-14 15:12:55 - [TEST_STEP][PASSED] - maximizeWindow: Current window maximized

2018-09-14 15:12:55 - [MESSAGE][PASSED] - Current window maximized

2018-09-14 15:12:55 - [TEST_STEP][PASSED] - navigateToUrl: Navigate to 'https://maven-staging.gravity-aws.com' successfully

2018-09-14 15:12:59 - [MESSAGE][PASSED] - Navigate to 'https://maven-staging.gravity-aws.com' successfully

2018-09-14 15:12:59 - [TEST_STEP][PASSED] - waitForElementPresent: Object 'Object Repository/Transactions/input_email' is present

2018-09-14 15:12:59 - [MESSAGE][PASSED] - Object 'Object Repository/Transactions/input_email' is present

2018-09-14 15:12:59 - [TEST_STEP][PASSED] - setText: Text 'bpasupuleti@gravitypayments.com' is set on object 'Object Repository/Transactions/input_email'

2018-09-14 15:12:59 - [MESSAGE][PASSED] - Text 'bpasupuleti@gravitypayments.com' is set on object 'Object Repository/Transactions/input_email'

2018-09-14 15:12:59 - [TEST_STEP][PASSED] - setText: Text 'Gravity@123' is set on object 'Object Repository/Maven Login/input_password'

2018-09-14 15:12:59 - [MESSAGE][PASSED] - Text 'Gravity@123' is set on object 'Object Repository/Maven Login/input_password'

2018-09-14 15:12:59 - [TEST_STEP][PASSED] - click: Object: 'Object Repository/Transactions/span_Login exit_to_app' is clicked on

2018-09-14 15:12:59 - [MESSAGE][PASSED] - Object: 'Object Repository/Transactions/span_Login exit_to_app' is clicked on

2018-09-14 15:12:59 - [TEST_STEP][PASSED] - selectOptionByValue: All options with value 'development' are selected in object 'Object Repository/Transactions/select_DevelopmentProduction'  using regular expression

2018-09-14 15:13:05 - [MESSAGE][PASSED] - All options with value 'development' are selected in object 'Object Repository/Transactions/select_DevelopmentProduction'  using regular expression

2018-09-14 15:13:05 - [TEST_STEP][PASSED] - waitForElementPresent: Object 'Object Repository/Transactions/select_DevelopmentProduction' is present

2018-09-14 15:13:05 - [MESSAGE][PASSED] - Object 'Object Repository/Transactions/select_DevelopmentProduction' is present

2018-09-14 15:13:05 - [TEST_STEP][PASSED] - click: Object: 'Object Repository/Transactions/span_Transactions' is clicked on

2018-09-14 15:13:05 - [MESSAGE][PASSED] - Object: 'Object Repository/Transactions/span_Transactions' is clicked on

2018-09-14 15:13:05 - [TEST_STEP][PASSED] - click: Object: 'Object Repository/Transactions/span_All Transactions' is clicked on

2018-09-14 15:13:06 - [MESSAGE][PASSED] - Object: 'Object Repository/Transactions/span_All Transactions' is clicked on

2018-09-14 15:13:06 - [TEST_STEP][PASSED] - verifyElementPresent: Object 'Object Repository/Transactions/span_All Transactions' is present

2018-09-14 15:13:06 - [MESSAGE][PASSED] - Object 'Object Repository/Transactions/span_All Transactions' is present

2018-09-14 15:13:06 - [TEST_STEP][PASSED] - click: Object: 'Object Repository/Transactions/i_more_verticleLines' is clicked on

2018-09-14 15:13:08 - [MESSAGE][PASSED] - Object: 'Object Repository/Transactions/i_more_verticleLines' is clicked on

2018-09-14 15:13:08 - [TEST_STEP][PASSED] - waitForElementPresent: Object 'Object Repository/Transactions/span_Go to Receipt Summary' is present

2018-09-14 15:13:08 - [MESSAGE][PASSED] - Object 'Object Repository/Transactions/span_Go to Receipt Summary' is present

2018-09-14 15:13:08 - [TEST_STEP][PASSED] - click: Object: 'Object Repository/Transactions/span_Go to Receipt Summary' is clicked on

2018-09-14 15:13:08 - [MESSAGE][PASSED] - Object: 'Object Repository/Transactions/span_Go to Receipt Summary' is clicked on

2018-09-14 15:13:08 - [TEST_STEP][PASSED] - waitForElementPresent: Object 'Object Repository/Transactions/Page_The Maven Project/Page_The Maven Project/b_Monitoring Staging' is present

2018-09-14 15:13:08 - [MESSAGE][PASSED] - Object 'Object Repository/Transactions/Page_The Maven Project/Page_The Maven Project/b_Monitoring Staging' is present

2018-09-14 15:13:08 - [TEST_STEP][PASSED] - Statement - addressValue = com.kms.katalon.core.webui.keyword.WebUiBuiltInKeywords.getText(com.kms.katalon.core.testobject.ObjectRepository.findTestObject(Transactions/MonitorStaging_Address), STOP_ON_FAILURE): Text of object 'Object Repository/Transactions/MonitorStaging_Address' is: '3300 MW 41st St., #1E
Miami, FL 33142'

2018-09-14 15:13:10 - [MESSAGE][PASSED] - Text of object 'Object Repository/Transactions/MonitorStaging_Address' is: '3300 MW 41st St., #1E
Miami, FL 33142'

2018-09-14 15:13:10 - [TEST_STEP][PASSED] - Statement - If (addressValue == ""): null

2018-09-14 15:13:10 - [TEST_STEP][PASSED] - verifyElementPresent: Object 'Object Repository/Transactions/small_CashierName' is present

2018-09-14 15:13:10 - [MESSAGE][PASSED] - Object 'Object Repository/Transactions/small_CashierName' is present

2018-09-14 15:13:10 - [TEST_STEP][PASSED] - Statement - AppovalID = com.kms.katalon.core.webui.keyword.WebUiBuiltInKeywords.getText(com.kms.katalon.core.testobject.ObjectRepository.findTestObject(Transactions/p_ApprovalID)): Text of object 'Object Repository/Transactions/p_ApprovalID' is: 'Approval: 157558'

2018-09-14 15:13:10 - [MESSAGE][PASSED] - Text of object 'Object Repository/Transactions/p_ApprovalID' is: 'Approval: 157558'

2018-09-14 15:13:10 - [TEST_STEP][PASSED] - Statement - If (AppovalID == ""): null

2018-09-14 15:13:10 - [TEST_STEP][PASSED] - verifyElementPresent: Object 'Object Repository/Transactions/p_REF_ID' is present

2018-09-14 15:13:10 - [MESSAGE][WARNING] - Timeout '0' is invalid. Using default page load timeout: '30'

2018-09-14 15:13:10 - [MESSAGE][PASSED] - Object 'Object Repository/Transactions/p_REF_ID' is present

2018-09-14 15:13:10 - [TEST_STEP][PASSED] - Statement - TransactionAmount = com.kms.katalon.core.webui.keyword.WebUiBuiltInKeywords.getText(com.kms.katalon.core.testobject.ObjectRepository.findTestObject(Transactions/p_CreditSaleValues), STOP_ON_FAILURE): Text of object 'Object Repository/Transactions/p_CreditSaleValues' is: 'CreditReturn Token VS ****1111'

2018-09-14 15:13:10 - [MESSAGE][PASSED] - Text of object 'Object Repository/Transactions/p_CreditSaleValues' is: 'CreditReturn Token VS ****1111'

2018-09-14 15:13:10 - [TEST_STEP][PASSED] - Statement - If (TransactionAmount == ""): null

2018-09-14 15:13:10 - [TEST_STEP][PASSED] - verifyElementPresent: Object 'Object Repository/Transactions/small_Tip (1)' is present

2018-09-14 15:13:10 - [MESSAGE][WARNING] - Timeout '0' is invalid. Using default page load timeout: '30'

2018-09-14 15:13:10 - [MESSAGE][PASSED] - Object 'Object Repository/Transactions/small_Tip (1)' is present

2018-09-14 15:13:10 - [TEST_STEP][PASSED] - Statement - totalAmount = com.kms.katalon.core.webui.keyword.WebUiBuiltInKeywords.getText(com.kms.katalon.core.testobject.ObjectRepository.findTestObject(Transactions/p_TotalTransaction)): Text of object 'Object Repository/Transactions/p_TotalTransaction' is: 'Total: $0.01'

2018-09-14 15:13:10 - [MESSAGE][PASSED] - Text of object 'Object Repository/Transactions/p_TotalTransaction' is: 'Total: $0.01'

2018-09-14 15:13:10 - [TEST_STEP][PASSED] - Statement - If (totalAmount == ""): null

2018-09-14 15:13:10 - [TEST_STEP][PASSED] - verifyElementPresent: Object 'Object Repository/Transactions/small_Cash Back' is present

2018-09-14 15:13:10 - [MESSAGE][WARNING] - Timeout '0' is invalid. Using default page load timeout: '30'

2018-09-14 15:13:10 - [MESSAGE][PASSED] - Object 'Object Repository/Transactions/small_Cash Back' is present

2018-09-14 15:13:10 - [TEST_STEP][PASSED] - verifyElementPresent: Object 'Object Repository/Transactions/small_Customer Name' is present

2018-09-14 15:13:10 - [MESSAGE][WARNING] - Timeout '0' is invalid. Using default page load timeout: '30'

2018-09-14 15:13:10 - [MESSAGE][PASSED] - Object 'Object Repository/Transactions/small_Customer Name' is present

2018-09-14 15:13:10 - [TEST_STEP][PASSED] - verifyElementPresent: Object 'Object Repository/Transactions/small_Billing Address' is present

2018-09-14 15:13:10 - [MESSAGE][WARNING] - Timeout '0' is invalid. Using default page load timeout: '30'

2018-09-14 15:13:10 - [MESSAGE][PASSED] - Object 'Object Repository/Transactions/small_Billing Address' is present

2018-09-14 15:13:10 - [TEST_STEP][PASSED] - verifyElementPresent: Object 'Object Repository/Transactions/small_Billing Zip' is present

2018-09-14 15:13:10 - [MESSAGE][WARNING] - Timeout '0' is invalid. Using default page load timeout: '30'

2018-09-14 15:13:10 - [MESSAGE][PASSED] - Object 'Object Repository/Transactions/small_Billing Zip' is present

2018-09-14 15:13:10 - [TEST_STEP][PASSED] - closeBrowser: Browser is closed

2018-09-14 15:13:10 - [MESSAGE][PASSED] - Browser is closed]]></system-out>
         <system-err><![CDATA[]]></system-err>
      </testcase>
      <testcase name="Test Cases/Maven/Individual Test Cases/Transactions/VerifyVerticalLine_GoToLocationDetails" classname="Test Cases/Maven/Individual Test Cases/Transactions/VerifyVerticalLine_GoToLocationDetails" status="ERROR">
         <error type="ERROR" message="Test Cases/Maven/Individual Test Cases/Transactions/VerifyVerticalLine_GoToLocationDetails FAILED because (of) (Stack trace: groovy.lang.MissingPropertyException: No such property: err for class: Script1536873397068
	at org.codehaus.groovy.runtime.ScriptBytecodeAdapter.unwrap(ScriptBytecodeAdapter.java:53)
	at org.codehaus.groovy.runtime.callsite.PogoGetPropertySite.getProperty(PogoGetPropertySite.java:52)
	at org.codehaus.groovy.runtime.callsite.AbstractCallSite.callGroovyObjectGetProperty(AbstractCallSite.java:307)
	at Script1536873397068.run(Script1536873397068.groovy:82)
	at com.kms.katalon.core.main.ScriptEngine.run(ScriptEngine.java:183)
	at com.kms.katalon.core.main.ScriptEngine.runScriptAsRawText(ScriptEngine.java:108)
	at com.kms.katalon.core.main.TestCaseExecutor.runScript(TestCaseExecutor.java:294)
	at com.kms.katalon.core.main.TestCaseExecutor.doExecute(TestCaseExecutor.java:285)
	at com.kms.katalon.core.main.TestCaseExecutor.processExecutionPhase(TestCaseExecutor.java:264)
	at com.kms.katalon.core.main.TestCaseExecutor.accessMainPhase(TestCaseExecutor.java:256)
	at com.kms.katalon.core.main.TestCaseExecutor.execute(TestCaseExecutor.java:200)
	at com.kms.katalon.core.main.TestSuiteExecutor.accessTestCaseMainPhase(TestSuiteExecutor.java:129)
	at com.kms.katalon.core.main.TestSuiteExecutor.accessTestSuiteMainPhase(TestSuiteExecutor.java:112)
	at com.kms.katalon.core.main.TestSuiteExecutor.execute(TestSuiteExecutor.java:81)
	at com.kms.katalon.core.main.TestCaseMain.startTestSuite(TestCaseMain.java:142)
	at com.kms.katalon.core.main.TestCaseMain$startTestSuite$0.call(Unknown Source)
	at org.codehaus.groovy.runtime.callsite.CallSiteArray.defaultCall(CallSiteArray.java:48)
	at org.codehaus.groovy.runtime.callsite.AbstractCallSite.call(AbstractCallSite.java:113)
	at org.codehaus.groovy.runtime.callsite.AbstractCallSite.call(AbstractCallSite.java:141)
	at TempTestSuite1536962930242.run(TempTestSuite1536962930242.groovy:36)
	at groovy.lang.GroovyShell.runScriptOrMainOrTestOrRunnable(GroovyShell.java:263)
	at groovy.lang.GroovyShell.run(GroovyShell.java:518)
	at groovy.lang.GroovyShell.run(GroovyShell.java:507)
	at groovy.ui.GroovyMain.processOnce(GroovyMain.java:653)
	at groovy.ui.GroovyMain.run(GroovyMain.java:384)
	at groovy.ui.GroovyMain.process(GroovyMain.java:370)
	at groovy.ui.GroovyMain.processArgs(GroovyMain.java:129)
	at groovy.ui.GroovyMain.main(GroovyMain.java:109)
	at sun.reflect.NativeMethodAccessorImpl.invoke0(Native Method)
	at sun.reflect.NativeMethodAccessorImpl.invoke(NativeMethodAccessorImpl.java:62)
	at sun.reflect.DelegatingMethodAccessorImpl.invoke(DelegatingMethodAccessorImpl.java:43)
	at java.lang.reflect.Method.invoke(Method.java:498)
	at org.codehaus.groovy.tools.GroovyStarter.rootLoader(GroovyStarter.java:109)
	at org.codehaus.groovy.tools.GroovyStarter.main(GroovyStarter.java:131)
)"/>
         <system-out><![CDATA[2018-09-14 15:13:10 - [TEST_CASE][ERROR] - Test Cases/Maven/Individual Test Cases/Transactions/VerifyVerticalLine_GoToLocationDetails: Test Cases/Maven/Individual Test Cases/Transactions/VerifyVerticalLine_GoToLocationDetails FAILED because (of) (Stack trace: groovy.lang.MissingPropertyException: No such property: err for class: Script1536873397068
	at org.codehaus.groovy.runtime.ScriptBytecodeAdapter.unwrap(ScriptBytecodeAdapter.java:53)
	at org.codehaus.groovy.runtime.callsite.PogoGetPropertySite.getProperty(PogoGetPropertySite.java:52)
	at org.codehaus.groovy.runtime.callsite.AbstractCallSite.callGroovyObjectGetProperty(AbstractCallSite.java:307)
	at Script1536873397068.run(Script1536873397068.groovy:82)
	at com.kms.katalon.core.main.ScriptEngine.run(ScriptEngine.java:183)
	at com.kms.katalon.core.main.ScriptEngine.runScriptAsRawText(ScriptEngine.java:108)
	at com.kms.katalon.core.main.TestCaseExecutor.runScript(TestCaseExecutor.java:294)
	at com.kms.katalon.core.main.TestCaseExecutor.doExecute(TestCaseExecutor.java:285)
	at com.kms.katalon.core.main.TestCaseExecutor.processExecutionPhase(TestCaseExecutor.java:264)
	at com.kms.katalon.core.main.TestCaseExecutor.accessMainPhase(TestCaseExecutor.java:256)
	at com.kms.katalon.core.main.TestCaseExecutor.execute(TestCaseExecutor.java:200)
	at com.kms.katalon.core.main.TestSuiteExecutor.accessTestCaseMainPhase(TestSuiteExecutor.java:129)
	at com.kms.katalon.core.main.TestSuiteExecutor.accessTestSuiteMainPhase(TestSuiteExecutor.java:112)
	at com.kms.katalon.core.main.TestSuiteExecutor.execute(TestSuiteExecutor.java:81)
	at com.kms.katalon.core.main.TestCaseMain.startTestSuite(TestCaseMain.java:142)
	at com.kms.katalon.core.main.TestCaseMain$startTestSuite$0.call(Unknown Source)
	at org.codehaus.groovy.runtime.callsite.CallSiteArray.defaultCall(CallSiteArray.java:48)
	at org.codehaus.groovy.runtime.callsite.AbstractCallSite.call(AbstractCallSite.java:113)
	at org.codehaus.groovy.runtime.callsite.AbstractCallSite.call(AbstractCallSite.java:141)
	at TempTestSuite1536962930242.run(TempTestSuite1536962930242.groovy:36)
	at groovy.lang.GroovyShell.runScriptOrMainOrTestOrRunnable(GroovyShell.java:263)
	at groovy.lang.GroovyShell.run(GroovyShell.java:518)
	at groovy.lang.GroovyShell.run(GroovyShell.java:507)
	at groovy.ui.GroovyMain.processOnce(GroovyMain.java:653)
	at groovy.ui.GroovyMain.run(GroovyMain.java:384)
	at groovy.ui.GroovyMain.process(GroovyMain.java:370)
	at groovy.ui.GroovyMain.processArgs(GroovyMain.java:129)
	at groovy.ui.GroovyMain.main(GroovyMain.java:109)
	at sun.reflect.NativeMethodAccessorImpl.invoke0(Native Method)
	at sun.reflect.NativeMethodAccessorImpl.invoke(NativeMethodAccessorImpl.java:62)
	at sun.reflect.DelegatingMethodAccessorImpl.invoke(DelegatingMethodAccessorImpl.java:43)
	at java.lang.reflect.Method.invoke(Method.java:498)
	at org.codehaus.groovy.tools.GroovyStarter.rootLoader(GroovyStarter.java:109)
	at org.codehaus.groovy.tools.GroovyStarter.main(GroovyStarter.java:131)
)

2018-09-14 15:13:10 - [TEST_STEP][PASSED] - openBrowser: Browser is opened with url: ''

2018-09-14 15:13:12 - [MESSAGE][PASSED] - Browser is opened with url: ''

2018-09-14 15:13:12 - [TEST_STEP][PASSED] - maximizeWindow: Current window maximized

2018-09-14 15:13:12 - [MESSAGE][PASSED] - Current window maximized

2018-09-14 15:13:12 - [TEST_STEP][PASSED] - navigateToUrl: Navigate to 'https://maven-staging.gravity-aws.com' successfully

2018-09-14 15:13:17 - [MESSAGE][PASSED] - Navigate to 'https://maven-staging.gravity-aws.com' successfully

2018-09-14 15:13:17 - [TEST_STEP][PASSED] - waitForElementPresent: Object 'Object Repository/Transactions/input_email' is present

2018-09-14 15:13:17 - [MESSAGE][PASSED] - Object 'Object Repository/Transactions/input_email' is present

2018-09-14 15:13:17 - [TEST_STEP][PASSED] - setText: Text 'bpasupuleti@gravitypayments.com' is set on object 'Object Repository/Transactions/input_email'

2018-09-14 15:13:17 - [MESSAGE][PASSED] - Text 'bpasupuleti@gravitypayments.com' is set on object 'Object Repository/Transactions/input_email'

2018-09-14 15:13:17 - [TEST_STEP][PASSED] - setText: Text 'Gravity@123' is set on object 'Object Repository/Maven Login/input_password'

2018-09-14 15:13:17 - [MESSAGE][PASSED] - Text 'Gravity@123' is set on object 'Object Repository/Maven Login/input_password'

2018-09-14 15:13:17 - [TEST_STEP][PASSED] - click: Object: 'Object Repository/Transactions/span_Login exit_to_app' is clicked on

2018-09-14 15:13:17 - [MESSAGE][PASSED] - Object: 'Object Repository/Transactions/span_Login exit_to_app' is clicked on

2018-09-14 15:13:17 - [TEST_STEP][PASSED] - selectOptionByValue: All options with value 'development' are selected in object 'Object Repository/Transactions/select_DevelopmentProduction'  using regular expression

2018-09-14 15:13:21 - [MESSAGE][PASSED] - All options with value 'development' are selected in object 'Object Repository/Transactions/select_DevelopmentProduction'  using regular expression

2018-09-14 15:13:21 - [TEST_STEP][PASSED] - waitForElementPresent: Object 'Object Repository/Transactions/select_DevelopmentProduction' is present

2018-09-14 15:13:21 - [MESSAGE][PASSED] - Object 'Object Repository/Transactions/select_DevelopmentProduction' is present

2018-09-14 15:13:21 - [TEST_STEP][PASSED] - click: Object: 'Object Repository/Transactions/span_Transactions' is clicked on

2018-09-14 15:13:21 - [MESSAGE][PASSED] - Object: 'Object Repository/Transactions/span_Transactions' is clicked on

2018-09-14 15:13:21 - [TEST_STEP][PASSED] - click: Object: 'Object Repository/Transactions/span_All Transactions' is clicked on

2018-09-14 15:13:21 - [MESSAGE][PASSED] - Object: 'Object Repository/Transactions/span_All Transactions' is clicked on

2018-09-14 15:13:21 - [TEST_STEP][PASSED] - verifyElementPresent: Object 'Object Repository/Transactions/span_All Transactions' is present

2018-09-14 15:13:21 - [MESSAGE][PASSED] - Object 'Object Repository/Transactions/span_All Transactions' is present

2018-09-14 15:13:21 - [TEST_STEP][PASSED] - click: Object: 'Object Repository/Transactions/i_more_verticleLines' is clicked on

2018-09-14 15:13:22 - [MESSAGE][PASSED] - Object: 'Object Repository/Transactions/i_more_verticleLines' is clicked on

2018-09-14 15:13:22 - [TEST_STEP][PASSED] - waitForElementPresent: Object 'Object Repository/Transactions/span_Go_to_Location_Details' is present

2018-09-14 15:13:22 - [MESSAGE][PASSED] - Object 'Object Repository/Transactions/span_Go_to_Location_Details' is present

2018-09-14 15:13:22 - [TEST_STEP][PASSED] - click: Object: 'Object Repository/Transactions/span_Go_to_Location_Details' is clicked on

2018-09-14 15:13:23 - [MESSAGE][PASSED] - Object: 'Object Repository/Transactions/span_Go_to_Location_Details' is clicked on

2018-09-14 15:13:23 - [TEST_STEP][PASSED] - waitForElementPresent: Object 'Object Repository/Transactions/div_Transaction_Location_Info' is present

2018-09-14 15:13:24 - [MESSAGE][PASSED] - Object 'Object Repository/Transactions/div_Transaction_Location_Info' is present

2018-09-14 15:13:24 - [TEST_STEP][PASSED] - Statement - LocationID = com.kms.katalon.core.webui.keyword.WebUiBuiltInKeywords.getText(com.kms.katalon.core.testobject.ObjectRepository.findTestObject(Transactions/p_Location_ID)): Text of object 'Object Repository/Transactions/p_Location_ID' is: 'Location ID: 5BR-HBR-3WF'

2018-09-14 15:13:24 - [MESSAGE][PASSED] - Text of object 'Object Repository/Transactions/p_Location_ID' is: 'Location ID: 5BR-HBR-3WF'

2018-09-14 15:13:24 - [TEST_STEP][PASSED] - Statement - If (LocationID == ""): null

2018-09-14 15:13:24 - [TEST_STEP][PASSED] - verifyElementPresent: Object 'Object Repository/Transactions/small_IP Address' is present

2018-09-14 15:13:24 - [MESSAGE][WARNING] - Timeout '0' is invalid. Using default page load timeout: '30'

2018-09-14 15:13:24 - [MESSAGE][PASSED] - Object 'Object Repository/Transactions/small_IP Address' is present

2018-09-14 15:13:24 - [TEST_STEP][PASSED] - Statement - sourceData = com.kms.katalon.core.webui.keyword.WebUiBuiltInKeywords.getText(com.kms.katalon.core.testobject.ObjectRepository.findTestObject(Transactions/p_Source_Emergepay), STOP_ON_FAILURE): Text of object 'Object Repository/Transactions/p_Source_Emergepay' is: 'Source: emergepay'

2018-09-14 15:13:24 - [MESSAGE][PASSED] - Text of object 'Object Repository/Transactions/p_Source_Emergepay' is: 'Source: emergepay'

2018-09-14 15:13:24 - [TEST_STEP][PASSED] - Statement - If (sourceData == ""): null

2018-09-14 15:13:24 - [TEST_STEP][PASSED] - verifyElementPresent: Object 'Object Repository/Transactions/small_ComputerName' is present

2018-09-14 15:13:24 - [MESSAGE][WARNING] - Timeout '0' is invalid. Using default page load timeout: '30'

2018-09-14 15:13:24 - [MESSAGE][PASSED] - Object 'Object Repository/Transactions/small_ComputerName' is present

2018-09-14 15:13:24 - [TEST_STEP][PASSED] - verifyElementPresent: Object 'Object Repository/Transactions/small_CIPSoftware_Version' is present

2018-09-14 15:13:24 - [MESSAGE][WARNING] - Timeout '0' is invalid. Using default page load timeout: '30'

2018-09-14 15:13:24 - [MESSAGE][PASSED] - Object 'Object Repository/Transactions/small_CIPSoftware_Version' is present

2018-09-14 15:13:24 - [TEST_STEP][PASSED] - Statement - computerDateTIME = com.kms.katalon.core.webui.keyword.WebUiBuiltInKeywords.getText(com.kms.katalon.core.testobject.ObjectRepository.findTestObject(Transactions/p_Computer_Date_Time_InvalidDate), STOP_ON_FAILURE): Text of object 'Object Repository/Transactions/p_Computer_Date_Time_InvalidDate' is: 'Computer Date Time: Invalid date'

2018-09-14 15:13:24 - [MESSAGE][PASSED] - Text of object 'Object Repository/Transactions/p_Computer_Date_Time_InvalidDate' is: 'Computer Date Time: Invalid date'

2018-09-14 15:13:24 - [TEST_STEP][PASSED] - Statement - If (computerDateTIME.contains("Invalid date")): null

2018-09-14 15:13:24 - [TEST_STEP][PASSED] - Statement - println("The value of the computer Date Time should not be invalid"): null

2018-09-14 15:13:24 - [TEST_STEP][PASSED] - Statement - err: null]]></system-out>
         <system-err><![CDATA[2018-09-14 15:13:10 - [TEST_CASE][ERROR] - Test Cases/Maven/Individual Test Cases/Transactions/VerifyVerticalLine_GoToLocationDetails: Test Cases/Maven/Individual Test Cases/Transactions/VerifyVerticalLine_GoToLocationDetails FAILED because (of) (Stack trace: groovy.lang.MissingPropertyException: No such property: err for class: Script1536873397068
	at org.codehaus.groovy.runtime.ScriptBytecodeAdapter.unwrap(ScriptBytecodeAdapter.java:53)
	at org.codehaus.groovy.runtime.callsite.PogoGetPropertySite.getProperty(PogoGetPropertySite.java:52)
	at org.codehaus.groovy.runtime.callsite.AbstractCallSite.callGroovyObjectGetProperty(AbstractCallSite.java:307)
	at Script1536873397068.run(Script1536873397068.groovy:82)
	at com.kms.katalon.core.main.ScriptEngine.run(ScriptEngine.java:183)
	at com.kms.katalon.core.main.ScriptEngine.runScriptAsRawText(ScriptEngine.java:108)
	at com.kms.katalon.core.main.TestCaseExecutor.runScript(TestCaseExecutor.java:294)
	at com.kms.katalon.core.main.TestCaseExecutor.doExecute(TestCaseExecutor.java:285)
	at com.kms.katalon.core.main.TestCaseExecutor.processExecutionPhase(TestCaseExecutor.java:264)
	at com.kms.katalon.core.main.TestCaseExecutor.accessMainPhase(TestCaseExecutor.java:256)
	at com.kms.katalon.core.main.TestCaseExecutor.execute(TestCaseExecutor.java:200)
	at com.kms.katalon.core.main.TestSuiteExecutor.accessTestCaseMainPhase(TestSuiteExecutor.java:129)
	at com.kms.katalon.core.main.TestSuiteExecutor.accessTestSuiteMainPhase(TestSuiteExecutor.java:112)
	at com.kms.katalon.core.main.TestSuiteExecutor.execute(TestSuiteExecutor.java:81)
	at com.kms.katalon.core.main.TestCaseMain.startTestSuite(TestCaseMain.java:142)
	at com.kms.katalon.core.main.TestCaseMain$startTestSuite$0.call(Unknown Source)
	at org.codehaus.groovy.runtime.callsite.CallSiteArray.defaultCall(CallSiteArray.java:48)
	at org.codehaus.groovy.runtime.callsite.AbstractCallSite.call(AbstractCallSite.java:113)
	at org.codehaus.groovy.runtime.callsite.AbstractCallSite.call(AbstractCallSite.java:141)
	at TempTestSuite1536962930242.run(TempTestSuite1536962930242.groovy:36)
	at groovy.lang.GroovyShell.runScriptOrMainOrTestOrRunnable(GroovyShell.java:263)
	at groovy.lang.GroovyShell.run(GroovyShell.java:518)
	at groovy.lang.GroovyShell.run(GroovyShell.java:507)
	at groovy.ui.GroovyMain.processOnce(GroovyMain.java:653)
	at groovy.ui.GroovyMain.run(GroovyMain.java:384)
	at groovy.ui.GroovyMain.process(GroovyMain.java:370)
	at groovy.ui.GroovyMain.processArgs(GroovyMain.java:129)
	at groovy.ui.GroovyMain.main(GroovyMain.java:109)
	at sun.reflect.NativeMethodAccessorImpl.invoke0(Native Method)
	at sun.reflect.NativeMethodAccessorImpl.invoke(NativeMethodAccessorImpl.java:62)
	at sun.reflect.DelegatingMethodAccessorImpl.invoke(DelegatingMethodAccessorImpl.java:43)
	at java.lang.reflect.Method.invoke(Method.java:498)
	at org.codehaus.groovy.tools.GroovyStarter.rootLoader(GroovyStarter.java:109)
	at org.codehaus.groovy.tools.GroovyStarter.main(GroovyStarter.java:131)
)]]></system-err>
      </testcase>
      <testcase name="Test Cases/Maven/Individual Test Cases/Transactions/VerifyVerticalLine_GoToOtherDetails" classname="Test Cases/Maven/Individual Test Cases/Transactions/VerifyVerticalLine_GoToOtherDetails" status="PASSED">
         <system-out><![CDATA[2018-09-14 15:13:24 - [TEST_CASE][PASSED] - Test Cases/Maven/Individual Test Cases/Transactions/VerifyVerticalLine_GoToOtherDetails: Test Cases/Maven/Individual Test Cases/Transactions/VerifyVerticalLine_GoToOtherDetails

2018-09-14 15:13:24 - [TEST_STEP][PASSED] - openBrowser: Browser is opened with url: ''

2018-09-14 15:13:24 - [MESSAGE][WARNING] - A browser is already opened. Closing browser and opening a new one

2018-09-14 15:13:25 - [MESSAGE][PASSED] - Browser is opened with url: ''

2018-09-14 15:13:25 - [TEST_STEP][PASSED] - maximizeWindow: Current window maximized

2018-09-14 15:13:25 - [MESSAGE][PASSED] - Current window maximized

2018-09-14 15:13:25 - [TEST_STEP][PASSED] - navigateToUrl: Navigate to 'https://maven-staging.gravity-aws.com' successfully

2018-09-14 15:13:27 - [MESSAGE][PASSED] - Navigate to 'https://maven-staging.gravity-aws.com' successfully

2018-09-14 15:13:27 - [TEST_STEP][PASSED] - waitForElementPresent: Object 'Object Repository/Transactions/input_email' is present

2018-09-14 15:13:27 - [MESSAGE][PASSED] - Object 'Object Repository/Transactions/input_email' is present

2018-09-14 15:13:27 - [TEST_STEP][PASSED] - setText: Text 'bpasupuleti@gravitypayments.com' is set on object 'Object Repository/Transactions/input_email'

2018-09-14 15:13:27 - [MESSAGE][PASSED] - Text 'bpasupuleti@gravitypayments.com' is set on object 'Object Repository/Transactions/input_email'

2018-09-14 15:13:27 - [TEST_STEP][PASSED] - setText: Text 'Gravity@123' is set on object 'Object Repository/Maven Login/input_password'

2018-09-14 15:13:28 - [MESSAGE][PASSED] - Text 'Gravity@123' is set on object 'Object Repository/Maven Login/input_password'

2018-09-14 15:13:28 - [TEST_STEP][PASSED] - click: Object: 'Object Repository/Transactions/span_Login exit_to_app' is clicked on

2018-09-14 15:13:28 - [MESSAGE][PASSED] - Object: 'Object Repository/Transactions/span_Login exit_to_app' is clicked on

2018-09-14 15:13:28 - [TEST_STEP][PASSED] - selectOptionByValue: All options with value 'development' are selected in object 'Object Repository/Transactions/select_DevelopmentProduction'  using regular expression

2018-09-14 15:13:33 - [MESSAGE][PASSED] - All options with value 'development' are selected in object 'Object Repository/Transactions/select_DevelopmentProduction'  using regular expression

2018-09-14 15:13:33 - [TEST_STEP][PASSED] - waitForElementPresent: Object 'Object Repository/Transactions/select_DevelopmentProduction' is present

2018-09-14 15:13:33 - [MESSAGE][PASSED] - Object 'Object Repository/Transactions/select_DevelopmentProduction' is present

2018-09-14 15:13:33 - [TEST_STEP][PASSED] - click: Object: 'Object Repository/Transactions/span_Transactions' is clicked on

2018-09-14 15:13:33 - [MESSAGE][PASSED] - Object: 'Object Repository/Transactions/span_Transactions' is clicked on

2018-09-14 15:13:33 - [TEST_STEP][PASSED] - click: Object: 'Object Repository/Transactions/span_All Transactions' is clicked on

2018-09-14 15:13:34 - [MESSAGE][PASSED] - Object: 'Object Repository/Transactions/span_All Transactions' is clicked on

2018-09-14 15:13:34 - [TEST_STEP][PASSED] - verifyElementPresent: Object 'Object Repository/Transactions/span_All Transactions' is present

2018-09-14 15:13:34 - [MESSAGE][PASSED] - Object 'Object Repository/Transactions/span_All Transactions' is present

2018-09-14 15:13:34 - [TEST_STEP][PASSED] - click: Object: 'Object Repository/Transactions/i_more_verticleLines' is clicked on

2018-09-14 15:13:35 - [MESSAGE][PASSED] - Object: 'Object Repository/Transactions/i_more_verticleLines' is clicked on

2018-09-14 15:13:35 - [TEST_STEP][PASSED] - waitForElementPresent: Object 'Object Repository/Transactions/Page_The Maven Project/Page_The Maven Project/Page_The Maven Project/Page_The Maven Project/span_Go to Other Details' is present

2018-09-14 15:13:35 - [MESSAGE][PASSED] - Object 'Object Repository/Transactions/Page_The Maven Project/Page_The Maven Project/Page_The Maven Project/Page_The Maven Project/span_Go to Other Details' is present

2018-09-14 15:13:35 - [TEST_STEP][PASSED] - click: Object: 'Object Repository/Transactions/Page_The Maven Project/Page_The Maven Project/Page_The Maven Project/Page_The Maven Project/span_Go to Other Details' is clicked on

2018-09-14 15:13:36 - [MESSAGE][PASSED] - Object: 'Object Repository/Transactions/Page_The Maven Project/Page_The Maven Project/Page_The Maven Project/Page_The Maven Project/span_Go to Other Details' is clicked on

2018-09-14 15:13:36 - [TEST_STEP][PASSED] - waitForElementPresent: Object 'Object Repository/Transactions/Page_The Maven Project/Page_The Maven Project/Page_The Maven Project/Page_The Maven Project/p_TransactionID' is present

2018-09-14 15:13:36 - [MESSAGE][PASSED] - Object 'Object Repository/Transactions/Page_The Maven Project/Page_The Maven Project/Page_The Maven Project/Page_The Maven Project/p_TransactionID' is present

2018-09-14 15:13:36 - [TEST_STEP][PASSED] - Statement - DateTIme = com.kms.katalon.core.webui.keyword.WebUiBuiltInKeywords.getText(com.kms.katalon.core.testobject.ObjectRepository.findTestObject(Transactions/Page_The Maven Project/Page_The Maven Project/Page_The Maven Project/Page_The Maven Project/p_DateTime)): Text of object 'Object Repository/Transactions/Page_The Maven Project/Page_The Maven Project/Page_The Maven Project/Page_The Maven Project/p_DateTime' is: 'Date/Time: 9/14/18 - 03:09 PM'

2018-09-14 15:13:36 - [MESSAGE][PASSED] - Text of object 'Object Repository/Transactions/Page_The Maven Project/Page_The Maven Project/Page_The Maven Project/Page_The Maven Project/p_DateTime' is: 'Date/Time: 9/14/18 - 03:09 PM'

2018-09-14 15:13:36 - [TEST_STEP][NOT_RUN] - Statement - If (DateTime == ""): NOT_RUN: Statement - If (DateTime == "")

2018-09-14 15:13:36 - [MESSAGE][NOT_RUN] - NOT_RUN: Statement - If (DateTime == "")

2018-09-14 15:13:36 - [TEST_STEP][PASSED] - verifyElementPresent: Object 'Object Repository/Transactions/Page_The Maven Project/Page_The Maven Project/Page_The Maven Project/Page_The Maven Project/p_ReferenceNumber' is present

2018-09-14 15:13:36 - [MESSAGE][PASSED] - Object 'Object Repository/Transactions/Page_The Maven Project/Page_The Maven Project/Page_The Maven Project/Page_The Maven Project/p_ReferenceNumber' is present

2018-09-14 15:13:36 - [TEST_STEP][PASSED] - Statement - refernceNumber = com.kms.katalon.core.webui.keyword.WebUiBuiltInKeywords.getText(com.kms.katalon.core.testobject.ObjectRepository.findTestObject(Transactions/Page_The Maven Project/Page_The Maven Project/Page_The Maven Project/Page_The Maven Project/p_ReferenceNumber), STOP_ON_FAILURE): Text of object 'Object Repository/Transactions/Page_The Maven Project/Page_The Maven Project/Page_The Maven Project/Page_The Maven Project/p_ReferenceNumber' is: 'Reference Number:'

2018-09-14 15:13:36 - [MESSAGE][PASSED] - Text of object 'Object Repository/Transactions/Page_The Maven Project/Page_The Maven Project/Page_The Maven Project/Page_The Maven Project/p_ReferenceNumber' is: 'Reference Number:'

2018-09-14 15:13:36 - [TEST_STEP][PASSED] - Statement - If (refernceNumber == ""): null

2018-09-14 15:13:36 - [TEST_STEP][PASSED] - verifyElementPresent: Object 'Object Repository/Transactions/Page_The Maven Project/Page_The Maven Project/Page_The Maven Project/Page_The Maven Project/p_Transaction_Type' is present

2018-09-14 15:13:36 - [MESSAGE][WARNING] - Timeout '0' is invalid. Using default page load timeout: '30'

2018-09-14 15:13:36 - [MESSAGE][PASSED] - Object 'Object Repository/Transactions/Page_The Maven Project/Page_The Maven Project/Page_The Maven Project/Page_The Maven Project/p_Transaction_Type' is present

2018-09-14 15:13:36 - [TEST_STEP][PASSED] - Statement - transactionType = com.kms.katalon.core.webui.keyword.WebUiBuiltInKeywords.getText(com.kms.katalon.core.testobject.ObjectRepository.findTestObject(Transactions/Page_The Maven Project/Page_The Maven Project/Page_The Maven Project/Page_The Maven Project/p_Transaction_Type), STOP_ON_FAILURE): Text of object 'Object Repository/Transactions/Page_The Maven Project/Page_The Maven Project/Page_The Maven Project/Page_The Maven Project/p_Transaction_Type' is: 'Transaction Type: CreditReturn'

2018-09-14 15:13:36 - [MESSAGE][PASSED] - Text of object 'Object Repository/Transactions/Page_The Maven Project/Page_The Maven Project/Page_The Maven Project/Page_The Maven Project/p_Transaction_Type' is: 'Transaction Type: CreditReturn'

2018-09-14 15:13:36 - [TEST_STEP][PASSED] - Statement - If (transactionType == ""): null

2018-09-14 15:13:36 - [TEST_STEP][PASSED] - verifyElementPresent: Object 'Object Repository/Transactions/Page_The Maven Project/Page_The Maven Project/Page_The Maven Project/Page_The Maven Project/p_ApprovalNumberResult' is present

2018-09-14 15:13:36 - [MESSAGE][PASSED] - Object 'Object Repository/Transactions/Page_The Maven Project/Page_The Maven Project/Page_The Maven Project/Page_The Maven Project/p_ApprovalNumberResult' is present

2018-09-14 15:13:36 - [TEST_STEP][PASSED] - closeBrowser: Browser is closed

2018-09-14 15:13:36 - [MESSAGE][PASSED] - Browser is closed]]></system-out>
         <system-err><![CDATA[]]></system-err>
      </testcase>
      <system-out><![CDATA[2018-09-14 15:08:51 - [TEST_SUITE][FAILED] - Transactions: Test Cases/Maven/Individual Test Cases/Transactions/VerifyTypeFilter FAILED because (of) (Stack trace: com.kms.katalon.core.exception.StepFailedException: Unable to verify object 'Object Repository/Transactions/p_Type CreditSale' is present (Root cause: com.kms.katalon.core.webui.exception.WebElementNotFoundException: Web element with id: 'Object Repository/Transactions/p_Type CreditSale' located by 'By.xpath: id("txn_summary2")/div[@class="col-sm-6 mb-4 tight order-sm-0"]/p[4][count(. | //p[(text() = 'Type: CreditSale' or . = 'Type: CreditSale')]) = count(//p[(text() = 'Type: CreditSale' or . = 'Type: CreditSale')])]' not found)
	at com.kms.katalon.core.keyword.internal.KeywordMain.stepFailed(KeywordMain.groovy:36)
	at com.kms.katalon.core.webui.keyword.internal.WebUIKeywordMain.stepFailed(WebUIKeywordMain.groovy:65)
	at com.kms.katalon.core.webui.keyword.internal.WebUIKeywordMain.runKeyword(WebUIKeywordMain.groovy:27)
	at com.kms.katalon.core.webui.keyword.builtin.VerifyElementPresentKeyword.verifyElementPresent(VerifyElementPresentKeyword.groovy:92)
	at com.kms.katalon.core.webui.keyword.builtin.VerifyElementPresentKeyword.execute(VerifyElementPresentKeyword.groovy:68)
	at com.kms.katalon.core.keyword.internal.KeywordExecutor.executeKeywordForPlatform(KeywordExecutor.groovy:53)
	at com.kms.katalon.core.webui.keyword.WebUiBuiltInKeywords.verifyElementPresent(WebUiBuiltInKeywords.groovy:1434)
	at com.kms.katalon.core.webui.keyword.WebUiBuiltInKeywords$verifyElementPresent$6.call(Unknown Source)
	at org.codehaus.groovy.runtime.callsite.CallSiteArray.defaultCall(CallSiteArray.java:48)
	at org.codehaus.groovy.runtime.callsite.AbstractCallSite.call(AbstractCallSite.java:113)
	at org.codehaus.groovy.runtime.callsite.AbstractCallSite.call(AbstractCallSite.java:133)
	at Script1536602905664.run(Script1536602905664.groovy:56)
	at com.kms.katalon.core.main.ScriptEngine.run(ScriptEngine.java:183)
	at com.kms.katalon.core.main.ScriptEngine.runScriptAsRawText(ScriptEngine.java:108)
	at com.kms.katalon.core.main.TestCaseExecutor.runScript(TestCaseExecutor.java:294)
	at com.kms.katalon.core.main.TestCaseExecutor.doExecute(TestCaseExecutor.java:285)
	at com.kms.katalon.core.main.TestCaseExecutor.processExecutionPhase(TestCaseExecutor.java:264)
	at com.kms.katalon.core.main.TestCaseExecutor.accessMainPhase(TestCaseExecutor.java:256)
	at com.kms.katalon.core.main.TestCaseExecutor.execute(TestCaseExecutor.java:200)
	at com.kms.katalon.core.main.TestSuiteExecutor.accessTestCaseMainPhase(TestSuiteExecutor.java:129)
	at com.kms.katalon.core.main.TestSuiteExecutor.accessTestSuiteMainPhase(TestSuiteExecutor.java:112)
	at com.kms.katalon.core.main.TestSuiteExecutor.execute(TestSuiteExecutor.java:81)
	at com.kms.katalon.core.main.TestCaseMain.startTestSuite(TestCaseMain.java:142)
	at com.kms.katalon.core.main.TestCaseMain$startTestSuite$0.call(Unknown Source)
	at org.codehaus.groovy.runtime.callsite.CallSiteArray.defaultCall(CallSiteArray.java:48)
	at org.codehaus.groovy.runtime.callsite.AbstractCallSite.call(AbstractCallSite.java:113)
	at org.codehaus.groovy.runtime.callsite.AbstractCallSite.call(AbstractCallSite.java:141)
	at TempTestSuite1536962930242.run(TempTestSuite1536962930242.groovy:36)
	at groovy.lang.GroovyShell.runScriptOrMainOrTestOrRunnable(GroovyShell.java:263)
	at groovy.lang.GroovyShell.run(GroovyShell.java:518)
	at groovy.lang.GroovyShell.run(GroovyShell.java:507)
	at groovy.ui.GroovyMain.processOnce(GroovyMain.java:653)
	at groovy.ui.GroovyMain.run(GroovyMain.java:384)
	at groovy.ui.GroovyMain.process(GroovyMain.java:370)
	at groovy.ui.GroovyMain.processArgs(GroovyMain.java:129)
	at groovy.ui.GroovyMain.main(GroovyMain.java:109)
	at sun.reflect.NativeMethodAccessorImpl.invoke0(Native Method)
	at sun.reflect.NativeMethodAccessorImpl.invoke(NativeMethodAccessorImpl.java:62)
	at sun.reflect.DelegatingMethodAccessorImpl.invoke(DelegatingMethodAccessorImpl.java:43)
	at java.lang.reflect.Method.invoke(Method.java:498)
	at org.codehaus.groovy.tools.GroovyStarter.rootLoader(GroovyStarter.java:109)
	at org.codehaus.groovy.tools.GroovyStarter.main(GroovyStarter.java:131)
)]]></system-out>
      <system-err><![CDATA[2018-09-14 15:08:51 - [TEST_SUITE][FAILED] - Transactions: Test Cases/Maven/Individual Test Cases/Transactions/VerifyTypeFilter FAILED because (of) (Stack trace: com.kms.katalon.core.exception.StepFailedException: Unable to verify object 'Object Repository/Transactions/p_Type CreditSale' is present (Root cause: com.kms.katalon.core.webui.exception.WebElementNotFoundException: Web element with id: 'Object Repository/Transactions/p_Type CreditSale' located by 'By.xpath: id("txn_summary2")/div[@class="col-sm-6 mb-4 tight order-sm-0"]/p[4][count(. | //p[(text() = 'Type: CreditSale' or . = 'Type: CreditSale')]) = count(//p[(text() = 'Type: CreditSale' or . = 'Type: CreditSale')])]' not found)
	at com.kms.katalon.core.keyword.internal.KeywordMain.stepFailed(KeywordMain.groovy:36)
	at com.kms.katalon.core.webui.keyword.internal.WebUIKeywordMain.stepFailed(WebUIKeywordMain.groovy:65)
	at com.kms.katalon.core.webui.keyword.internal.WebUIKeywordMain.runKeyword(WebUIKeywordMain.groovy:27)
	at com.kms.katalon.core.webui.keyword.builtin.VerifyElementPresentKeyword.verifyElementPresent(VerifyElementPresentKeyword.groovy:92)
	at com.kms.katalon.core.webui.keyword.builtin.VerifyElementPresentKeyword.execute(VerifyElementPresentKeyword.groovy:68)
	at com.kms.katalon.core.keyword.internal.KeywordExecutor.executeKeywordForPlatform(KeywordExecutor.groovy:53)
	at com.kms.katalon.core.webui.keyword.WebUiBuiltInKeywords.verifyElementPresent(WebUiBuiltInKeywords.groovy:1434)
	at com.kms.katalon.core.webui.keyword.WebUiBuiltInKeywords$verifyElementPresent$6.call(Unknown Source)
	at org.codehaus.groovy.runtime.callsite.CallSiteArray.defaultCall(CallSiteArray.java:48)
	at org.codehaus.groovy.runtime.callsite.AbstractCallSite.call(AbstractCallSite.java:113)
	at org.codehaus.groovy.runtime.callsite.AbstractCallSite.call(AbstractCallSite.java:133)
	at Script1536602905664.run(Script1536602905664.groovy:56)
	at com.kms.katalon.core.main.ScriptEngine.run(ScriptEngine.java:183)
	at com.kms.katalon.core.main.ScriptEngine.runScriptAsRawText(ScriptEngine.java:108)
	at com.kms.katalon.core.main.TestCaseExecutor.runScript(TestCaseExecutor.java:294)
	at com.kms.katalon.core.main.TestCaseExecutor.doExecute(TestCaseExecutor.java:285)
	at com.kms.katalon.core.main.TestCaseExecutor.processExecutionPhase(TestCaseExecutor.java:264)
	at com.kms.katalon.core.main.TestCaseExecutor.accessMainPhase(TestCaseExecutor.java:256)
	at com.kms.katalon.core.main.TestCaseExecutor.execute(TestCaseExecutor.java:200)
	at com.kms.katalon.core.main.TestSuiteExecutor.accessTestCaseMainPhase(TestSuiteExecutor.java:129)
	at com.kms.katalon.core.main.TestSuiteExecutor.accessTestSuiteMainPhase(TestSuiteExecutor.java:112)
	at com.kms.katalon.core.main.TestSuiteExecutor.execute(TestSuiteExecutor.java:81)
	at com.kms.katalon.core.main.TestCaseMain.startTestSuite(TestCaseMain.java:142)
	at com.kms.katalon.core.main.TestCaseMain$startTestSuite$0.call(Unknown Source)
	at org.codehaus.groovy.runtime.callsite.CallSiteArray.defaultCall(CallSiteArray.java:48)
	at org.codehaus.groovy.runtime.callsite.AbstractCallSite.call(AbstractCallSite.java:113)
	at org.codehaus.groovy.runtime.callsite.AbstractCallSite.call(AbstractCallSite.java:141)
	at TempTestSuite1536962930242.run(TempTestSuite1536962930242.groovy:36)
	at groovy.lang.GroovyShell.runScriptOrMainOrTestOrRunnable(GroovyShell.java:263)
	at groovy.lang.GroovyShell.run(GroovyShell.java:518)
	at groovy.lang.GroovyShell.run(GroovyShell.java:507)
	at groovy.ui.GroovyMain.processOnce(GroovyMain.java:653)
	at groovy.ui.GroovyMain.run(GroovyMain.java:384)
	at groovy.ui.GroovyMain.process(GroovyMain.java:370)
	at groovy.ui.GroovyMain.processArgs(GroovyMain.java:129)
	at groovy.ui.GroovyMain.main(GroovyMain.java:109)
	at sun.reflect.NativeMethodAccessorImpl.invoke0(Native Method)
	at sun.reflect.NativeMethodAccessorImpl.invoke(NativeMethodAccessorImpl.java:62)
	at sun.reflect.DelegatingMethodAccessorImpl.invoke(DelegatingMethodAccessorImpl.java:43)
	at java.lang.reflect.Method.invoke(Method.java:498)
	at org.codehaus.groovy.tools.GroovyStarter.rootLoader(GroovyStarter.java:109)
	at org.codehaus.groovy.tools.GroovyStarter.main(GroovyStarter.java:131)
)]]></system-err>
   </testsuite>
</testsuites>
